<?xml version="1.0" encoding="utf-8"?><testsuites name="pytest tests"><testsuite name="pytest" errors="0" failures="1" skipped="0" tests="10" time="5.188" timestamp="2026-02-10T17:38:42.181834+00:00" hostname="agent-env-3af764b0-8331-4487-81ea-99b82dcdd5c9"><testcase classname="backend.tests.test_upload_session_persistence.TestUploadInit" name="test_upload_init_creates_session" time="0.380" /><testcase classname="backend.tests.test_upload_session_persistence.TestUploadInit" name="test_upload_init_invalid_company" time="0.038" /><testcase classname="backend.tests.test_upload_session_persistence.TestUploadInit" name="test_upload_init_requires_auth" time="0.034" /><testcase classname="backend.tests.test_upload_session_persistence.TestUploadStream" name="test_upload_stream_with_valid_session" time="0.082"><failure message="AssertionError: Unexpected response: {'processed': 1, 'total_processed': 1, 'total_expected': 1}&#10;assert ('message' in {'processed': 1, 'total_expected': 1, 'total_processed': 1} or 'success' in {'processed': 1, 'total_expected': 1, 'total_processed': 1} or 'results' in {'processed': 1, 'total_expected': 1, 'total_processed': 1})">backend/tests/test_upload_session_persistence.py:288: in test_upload_stream_with_valid_session
    assert "message" in data or "success" in data or "results" in data, f"Unexpected response: {data}"
E   AssertionError: Unexpected response: {'processed': 1, 'total_processed': 1, 'total_expected': 1}
E   assert ('message' in {'processed': 1, 'total_expected': 1, 'total_processed': 1} or 'success' in {'processed': 1, 'total_expected': 1, 'total_processed': 1} or 'results' in {'processed': 1, 'total_expected': 1, 'total_processed': 1})</failure></testcase><testcase classname="backend.tests.test_upload_session_persistence.TestUploadStream" name="test_upload_stream_invalid_session" time="0.037" /><testcase classname="backend.tests.test_upload_session_persistence.TestSessionPersistence" name="test_session_persisted_in_mongodb" time="0.584" /><testcase classname="backend.tests.test_upload_session_persistence.TestSessionPersistence" name="test_session_survives_memory_clear_simulation" time="0.674" /><testcase classname="backend.tests.test_upload_session_persistence.TestUploadProgress" name="test_upload_progress_endpoint_exists" time="0.079" /><testcase classname="backend.tests.test_upload_session_persistence.TestUploadProgress" name="test_upload_progress_invalid_session" time="3.052" /><testcase classname="backend.tests.test_upload_session_persistence.TestEndToEndUploadFlow" name="test_complete_upload_flow" time="0.148" /></testsuite></testsuites>