<?xml version="1.0" encoding="utf-8"?><testsuites name="pytest tests"><testsuite name="pytest" errors="0" failures="0" skipped="1" tests="18" time="3.093" timestamp="2026-02-06T12:20:35.491617+00:00" hostname="agent-env-53b04d0e-527b-4328-b03f-4d794e2010ec"><testcase classname="backend.tests.test_dissidio_pdf_piso.TestExportarConvencaoPDF" name="test_export_pdf_requires_auth" time="0.058" /><testcase classname="backend.tests.test_dissidio_pdf_piso.TestExportarConvencaoPDF" name="test_export_pdf_not_found" time="0.294" /><testcase classname="backend.tests.test_dissidio_pdf_piso.TestExportarConvencaoPDF" name="test_list_calculos_dissidio" time="0.035" /><testcase classname="backend.tests.test_dissidio_pdf_piso.TestExportarConvencaoPDF" name="test_export_pdf_from_existing_calculo" time="0.091" /><testcase classname="backend.tests.test_dissidio_pdf_piso.TestCalcularRetroativo" name="test_calcular_retroativo_requires_auth" time="0.035" /><testcase classname="backend.tests.test_dissidio_pdf_piso.TestCalcularRetroativo" name="test_calcular_retroativo_requires_files" time="0.295" /><testcase classname="backend.tests.test_dissidio_pdf_piso.TestCalcularRetroativo" name="test_calcular_retroativo_requires_cliente" time="0.034" /><testcase classname="backend.tests.test_dissidio_pdf_piso.TestCalcularRetroativo" name="test_calcular_retroativo_invalid_cliente" time="0.038" /><testcase classname="backend.tests.test_dissidio_pdf_piso.TestCalcularRetroativo" name="test_calcular_retroativo_requires_percentual" time="0.077" /><testcase classname="backend.tests.test_dissidio_pdf_piso.TestAlertasPiso" name="test_response_includes_alertas_piso_field" time="0.330" /><testcase classname="backend.tests.test_dissidio_pdf_piso.TestEndpointAvailability" name="test_calculos_dissidio_list_endpoint" time="0.300" /><testcase classname="backend.tests.test_dissidio_pdf_piso.TestEndpointAvailability" name="test_exportar_convencao_pdf_endpoint_exists" time="0.296" /><testcase classname="backend.tests.test_dissidio_pdf_piso.TestEndpointAvailability" name="test_calcular_retroativo_endpoint_exists" time="0.301" /><testcase classname="backend.tests.test_dissidio_integration.TestFullDissidioFlow" name="test_create_calculo_with_convencao_data" time="0.380" /><testcase classname="backend.tests.test_dissidio_integration.TestFullDissidioFlow" name="test_list_and_export_pdf" time="0.089" /><testcase classname="backend.tests.test_dissidio_integration.TestFullDissidioFlow" name="test_alertas_piso_structure" time="0.143" /><testcase classname="backend.tests.test_dissidio_integration.TestPDFExportEndpoint" name="test_pdf_export_content_type" time="0.079" /><testcase classname="backend.tests.test_dissidio_integration.TestPDFExportEndpoint" name="test_pdf_export_without_convencao_data" time="0.156"><skipped type="pytest.skip" message="All calculations have convention data">/app/backend/tests/test_dissidio_integration.py:300: All calculations have convention data</skipped></testcase></testsuite></testsuites>