<?xml version="1.0" encoding="utf-8"?><testsuites name="pytest tests"><testsuite name="pytest" errors="0" failures="0" skipped="0" tests="11" time="1.421" timestamp="2026-02-05T20:07:30.174181+00:00" hostname="agent-env-7b0bd3d5-fad3-43f6-8748-e454a1cd83a7"><testcase classname="backend.tests.test_colaboradores_import.TestColaboradoresImport" name="test_login_success" time="0.307" /><testcase classname="backend.tests.test_colaboradores_import.TestColaboradoresImport" name="test_get_clientes" time="0.306" /><testcase classname="backend.tests.test_colaboradores_import.TestColaboradoresImport" name="test_get_colaboradores_by_cliente" time="0.041" /><testcase classname="backend.tests.test_colaboradores_import.TestColaboradoresImport" name="test_importar_endpoint_requires_file" time="0.041" /><testcase classname="backend.tests.test_colaboradores_import.TestColaboradoresImport" name="test_salvar_lote_requires_cliente_id" time="0.046" /><testcase classname="backend.tests.test_colaboradores_import.TestColaboradoresImport" name="test_salvar_lote_requires_colaboradores" time="0.041" /><testcase classname="backend.tests.test_colaboradores_import.TestColaboradoresImport" name="test_salvar_lote_single_colaborador" time="0.044" /><testcase classname="backend.tests.test_colaboradores_import.TestColaboradoresImport" name="test_salvar_lote_multiple_colaboradores" time="0.035" /><testcase classname="backend.tests.test_colaboradores_import.TestColaboradoresImport" name="test_verify_colaboradores_persisted" time="0.038" /><testcase classname="backend.tests.test_colaboradores_import.TestColaboradoresImport" name="test_salvar_lote_with_all_fields" time="0.041" /><testcase classname="backend.tests.test_colaboradores_import.TestColaboradoresCleanup" name="test_cleanup_test_colaboradores" time="0.354" /></testsuite></testsuites>