<?xml version="1.0" encoding="utf-8"?><testsuites name="pytest tests"><testsuite name="pytest" errors="0" failures="0" skipped="0" tests="7" time="3.541" timestamp="2026-02-25T20:17:24.171979+00:00" hostname="agent-env-beae238e-03d9-46fb-a71d-8a6f9d9a5255"><testcase classname="tests.test_sieg_monitor.TestSiegMonitor" name="test_scheduler_status_endpoint" time="0.695" /><testcase classname="tests.test_sieg_monitor.TestSiegMonitor" name="test_sieg_painel_endpoint" time="0.212" /><testcase classname="tests.test_sieg_monitor.TestSiegMonitor" name="test_sieg_api_status" time="0.946" /><testcase classname="tests.test_sieg_monitor.TestSiegMonitor" name="test_sieg_painel_empresa" time="0.498" /><testcase classname="tests.test_sieg_monitor.TestSiegMonitor" name="test_sieg_historico" time="0.355" /><testcase classname="tests.test_sieg_monitor.TestSiegMonitor" name="test_sieg_cancelados" time="0.422" /><testcase classname="tests.test_sieg_monitor.TestSiegMonitor" name="test_sieg_config_save" time="0.346" /></testsuite></testsuites>