<?xml version="1.0" encoding="utf-8"?><testsuites name="pytest tests"><testsuite name="pytest" errors="0" failures="0" skipped="0" tests="8" time="5.570" timestamp="2026-02-14T03:15:54.473303+00:00" hostname="agent-env-403953e2-42d0-41e4-821b-7690a6f579ee"><testcase classname="backend.tests.test_sped_excluir_creditos.TestSpedExcluirCreditos" name="test_login_successful" time="0.395" /><testcase classname="backend.tests.test_sped_excluir_creditos.TestSpedExcluirCreditos" name="test_companies_endpoint" time="0.112" /><testcase classname="backend.tests.test_sped_excluir_creditos.TestSpedExcluirCreditos" name="test_sped_export_endpoint_exists" time="1.850" /><testcase classname="backend.tests.test_sped_excluir_creditos.TestSpedExcluirCreditos" name="test_sped_export_with_flag_true" time="1.342" /><testcase classname="backend.tests.test_sped_excluir_creditos.TestSpedExcluirCreditos" name="test_sped_export_with_flag_false" time="1.327" /><testcase classname="backend.tests.test_sped_excluir_creditos.TestSpedExcluirCreditos" name="test_sped_validar_endpoint" time="0.493" /><testcase classname="backend.tests.test_sped_excluir_creditos.TestFrontendParameterNaming" name="test_frontend_export_sped_uses_correct_param_names" time="0.000" /><testcase classname="backend.tests.test_sped_excluir_creditos.TestFrontendParameterNaming" name="test_frontend_export_menu_uses_correct_param_names" time="0.000" /></testsuite></testsuites>