<?xml version="1.0" encoding="utf-8"?><testsuites name="pytest tests"><testsuite name="pytest" errors="0" failures="5" skipped="0" tests="13" time="5.673" timestamp="2026-02-06T17:33:52.745866+00:00" hostname="agent-env-b60addc2-1d9a-4184-b826-198dfe00eed7"><testcase classname="backend.tests.test_cct_gestao.TestCCTManagement" name="test_01_auth_required_for_cct_upload" time="0.490" /><testcase classname="backend.tests.test_cct_gestao.TestCCTManagement" name="test_02_auth_required_for_cct_delete" time="0.380" /><testcase classname="backend.tests.test_cct_gestao.TestCCTManagement" name="test_03_auth_required_for_convencoes_vencimento" time="0.447" /><testcase classname="backend.tests.test_cct_gestao.TestCCTManagement" name="test_04_get_convencoes_vencimento_endpoint" time="0.429" /><testcase classname="backend.tests.test_cct_gestao.TestCCTManagement" name="test_05_cct_upload_requires_file" time="0.374"><failure message="AssertionError: Expected 422, got 400: {&quot;detail&quot;:&quot;Missing boundary in multipart.&quot;}&#10;assert 400 == 422&#10; +  where 400 = &lt;Response [400]&gt;.status_code">backend/tests/test_cct_gestao.py:114: in test_05_cct_upload_requires_file
    assert response.status_code == 422, f"Expected 422, got {response.status_code}: {response.text}"
E   AssertionError: Expected 422, got 400: {"detail":"Missing boundary in multipart."}
E   assert 400 == 422
E    +  where 400 = &lt;Response [400]&gt;.status_code</failure></testcase><testcase classname="backend.tests.test_cct_gestao.TestCCTManagement" name="test_06_cct_upload_invalid_cliente" time="0.357"><failure message="AssertionError: Expected 404, got 422: {&quot;detail&quot;:[{&quot;type&quot;:&quot;missing&quot;,&quot;loc&quot;:[&quot;body&quot;,&quot;convencao&quot;],&quot;msg&quot;:&quot;Field required&quot;,&quot;input&quot;:null,&quot;url&quot;:&quot;https://errors.pydantic.dev/2.12/v/missing&quot;}]}&#10;assert 422 == 404&#10; +  where 422 = &lt;Response [422]&gt;.status_code">backend/tests/test_cct_gestao.py:129: in test_06_cct_upload_invalid_cliente
    assert response.status_code == 404, f"Expected 404, got {response.status_code}: {response.text}"
E   AssertionError: Expected 404, got 422: {"detail":[{"type":"missing","loc":["body","convencao"],"msg":"Field required","input":null,"url":"https://errors.pydantic.dev/2.12/v/missing"}]}
E   assert 422 == 404
E    +  where 422 = &lt;Response [422]&gt;.status_code</failure></testcase><testcase classname="backend.tests.test_cct_gestao.TestCCTManagement" name="test_07_cct_delete_invalid_cliente" time="0.373" /><testcase classname="backend.tests.test_cct_gestao.TestCCTManagement" name="test_08_cct_delete_success" time="0.450" /><testcase classname="backend.tests.test_cct_gestao.TestCCTManagement" name="test_09_cliente_has_convencao_field" time="0.429" /><testcase classname="backend.tests.test_cct_gestao.TestValidacaoRescisaoWithCCT" name="test_01_etapa3_requires_auth" time="0.481" /><testcase classname="backend.tests.test_cct_gestao.TestValidacaoRescisaoWithCCT" name="test_02_etapa3_requires_cct_or_upload" time="0.412"><failure message="AssertionError: Expected 400, got 422: {&quot;detail&quot;:[{&quot;type&quot;:&quot;missing&quot;,&quot;loc&quot;:[&quot;body&quot;,&quot;cliente_id&quot;],&quot;msg&quot;:&quot;Field required&quot;,&quot;input&quot;:null,&quot;url&quot;:&quot;https://errors.pydantic.dev/2.12/v/missing&quot;},{&quot;type&quot;:&quot;missing&quot;,&quot;loc&quot;:[&quot;body&quot;,&quot;termo_data&quot;],&quot;msg&quot;:&quot;Field required&quot;,&quot;input&quot;:null,&quot;url&quot;:&quot;https://errors.pydantic.dev/2.12/v/missing&quot;}]}&#10;assert 422 == 400&#10; +  where 422 = &lt;Response [422]&gt;.status_code">backend/tests/test_cct_gestao.py:235: in test_02_etapa3_requires_cct_or_upload
    assert response.status_code == 400, f"Expected 400, got {response.status_code}: {response.text}"
E   AssertionError: Expected 400, got 422: {"detail":[{"type":"missing","loc":["body","cliente_id"],"msg":"Field required","input":null,"url":"https://errors.pydantic.dev/2.12/v/missing"},{"type":"missing","loc":["body","termo_data"],"msg":"Field required","input":null,"url":"https://errors.pydantic.dev/2.12/v/missing"}]}
E   assert 422 == 400
E    +  where 422 = &lt;Response [422]&gt;.status_code</failure></testcase><testcase classname="backend.tests.test_cct_gestao.TestValidacaoRescisaoWithCCT" name="test_03_etapa3_invalid_cliente" time="0.376"><failure message="AssertionError: Expected 404, got 422: {&quot;detail&quot;:[{&quot;type&quot;:&quot;missing&quot;,&quot;loc&quot;:[&quot;body&quot;,&quot;cliente_id&quot;],&quot;msg&quot;:&quot;Field required&quot;,&quot;input&quot;:null,&quot;url&quot;:&quot;https://errors.pydantic.dev/2.12/v/missing&quot;},{&quot;type&quot;:&quot;missing&quot;,&quot;loc&quot;:[&quot;body&quot;,&quot;termo_data&quot;],&quot;msg&quot;:&quot;Field required&quot;,&quot;input&quot;:null,&quot;url&quot;:&quot;https://errors.pydantic.dev/2.12/v/missing&quot;}]}&#10;assert 422 == 404&#10; +  where 422 = &lt;Response [422]&gt;.status_code">backend/tests/test_cct_gestao.py:257: in test_03_etapa3_invalid_cliente
    assert response.status_code == 404, f"Expected 404, got {response.status_code}: {response.text}"
E   AssertionError: Expected 404, got 422: {"detail":[{"type":"missing","loc":["body","cliente_id"],"msg":"Field required","input":null,"url":"https://errors.pydantic.dev/2.12/v/missing"},{"type":"missing","loc":["body","termo_data"],"msg":"Field required","input":null,"url":"https://errors.pydantic.dev/2.12/v/missing"}]}
E   assert 422 == 404
E    +  where 422 = &lt;Response [422]&gt;.status_code</failure></testcase><testcase classname="backend.tests.test_cct_gestao.TestCCTUploadWithAI" name="test_01_cct_upload_with_sample_pdf" time="0.380"><failure message="Failed: Unexpected status code: 422 - {&quot;detail&quot;:[{&quot;type&quot;:&quot;missing&quot;,&quot;loc&quot;:[&quot;body&quot;,&quot;convencao&quot;],&quot;msg&quot;:&quot;Field required&quot;,&quot;input&quot;:null,&quot;url&quot;:&quot;https://errors.pydantic.dev/2.12/v/missing&quot;}]}">backend/tests/test_cct_gestao.py:328: in test_01_cct_upload_with_sample_pdf
    pytest.fail(f"Unexpected status code: {response.status_code} - {response.text}")
E   Failed: Unexpected status code: 422 - {"detail":[{"type":"missing","loc":["body","convencao"],"msg":"Field required","input":null,"url":"https://errors.pydantic.dev/2.12/v/missing"}]}</failure></testcase></testsuite></testsuites>