<?xml version="1.0" encoding="utf-8"?><testsuites name="pytest tests"><testsuite name="pytest" errors="0" failures="0" skipped="0" tests="14" time="197.489" timestamp="2026-02-09T16:57:32.724016+00:00" hostname="agent-env-66ea0756-95ab-4ece-af4f-1bf4d95bc676"><testcase classname="backend.tests.test_iteration39_features.TestAnaliseTributariaIA" name="test_endpoint_returns_200" time="36.832" /><testcase classname="backend.tests.test_iteration39_features.TestAnaliseTributariaIA" name="test_viloes_tributarios_structure" time="33.477" /><testcase classname="backend.tests.test_iteration39_features.TestAnaliseTributariaIA" name="test_oportunidades_economia_structure" time="29.366" /><testcase classname="backend.tests.test_iteration39_features.TestAnaliseTributariaIA" name="test_insights_ia_generated" time="30.999" /><testcase classname="backend.tests.test_iteration39_features.TestAnaliseTributariaIA" name="test_resumo_structure" time="29.494" /><testcase classname="backend.tests.test_iteration39_features.TestDashboardSimplesNacional" name="test_endpoint_returns_200" time="0.197" /><testcase classname="backend.tests.test_iteration39_features.TestDashboardSimplesNacional" name="test_das_mes_atual_descontos_structure" time="0.181" /><testcase classname="backend.tests.test_iteration39_features.TestPisCofinsApuracaoLucroPresumido" name="test_endpoint_returns_200" time="0.119" /><testcase classname="backend.tests.test_iteration39_features.TestPisCofinsApuracaoLucroPresumido" name="test_lucro_presumido_imposto_a_pagar_structure" time="0.118" /><testcase classname="backend.tests.test_iteration39_features.TestPisCofinsApuracaoLucroPresumido" name="test_lucro_presumido_full_structure" time="0.200" /><testcase classname="backend.tests.test_iteration39_features.TestProductClassifySingle" name="test_endpoint_exists" time="0.043" /><testcase classname="backend.tests.test_iteration39_features.TestProductClassifySingle" name="test_classify_product_updates_cfop" time="0.245" /><testcase classname="backend.tests.test_iteration39_features.TestProductClassifySingle" name="test_cfop_mapping_for_categories" time="0.418" /><testcase classname="backend.tests.test_iteration39_features.TestTeknolikViloes" name="test_teknolink_has_viloes" time="35.715" /></testsuite></testsuites>