<?xml version="1.0" encoding="utf-8"?><testsuites name="pytest tests"><testsuite name="pytest" errors="0" failures="0" skipped="2" tests="10" time="2.325" timestamp="2026-02-05T20:37:55.017664+00:00" hostname="agent-env-7b0bd3d5-fad3-43f6-8748-e454a1cd83a7"><testcase classname="tests.test_validacao_folha.TestAuthAndBasics" name="test_login_success" time="0.284" /><testcase classname="tests.test_validacao_folha.TestAuthAndBasics" name="test_get_clientes" time="0.349" /><testcase classname="tests.test_validacao_folha.TestValidacaoEndpoints" name="test_list_validacoes" time="0.040" /><testcase classname="tests.test_validacao_folha.TestValidacaoEndpoints" name="test_list_validacoes_by_cliente" time="0.043" /><testcase classname="tests.test_validacao_folha.TestValidacaoEndpoints" name="test_validar_completa_requires_cliente_id" time="1.351" /><testcase classname="tests.test_validacao_folha.TestValidacaoEndpoints" name="test_validar_completa_requires_holerite_atual" time="0.041" /><testcase classname="tests.test_validacao_folha.TestValidacaoEndpoints" name="test_validar_completa_invalid_cliente" time="0.045" /><testcase classname="tests.test_validacao_folha.TestValidacaoEndpoints" name="test_get_validacao_not_found" time="0.040" /><testcase classname="tests.test_validacao_folha.TestValidacaoWithExistingData" name="test_get_existing_validacao_details" time="0.033"><skipped type="pytest.skip" message="No existing validacoes to test">/app/backend/tests/test_validacao_folha.py:172: No existing validacoes to test</skipped></testcase><testcase classname="tests.test_validacao_folha.TestValidacaoResponseStructure" name="test_validacao_list_response_structure" time="0.038"><skipped type="pytest.skip" message="No validacoes to check structure">/app/backend/tests/test_validacao_folha.py:211: No validacoes to check structure</skipped></testcase></testsuite></testsuites>