<?xml version="1.0" encoding="utf-8"?><testsuites name="pytest tests"><testsuite name="pytest" errors="0" failures="2" skipped="1" tests="11" time="6.928" timestamp="2026-02-08T03:55:24.737314+00:00" hostname="agent-env-dac56870-833f-41b3-9b9d-1aef24c0de9e"><testcase classname="backend.tests.test_sped_apuracao_consistency.TestSpedApuracaoConsistency" name="test_01_authentication_working" time="0.337" /><testcase classname="backend.tests.test_sped_apuracao_consistency.TestSpedApuracaoConsistency" name="test_02_company_exists" time="0.316" /><testcase classname="backend.tests.test_sped_apuracao_consistency.TestSpedApuracaoConsistency" name="test_03_apuracao_periodo_endpoint_works" time="0.700"><failure message="AssertionError: Response should contain 'resumo'&#10;assert 'resumo' in {'competencia': '01/2026', 'empresa': {'cnpj': '20.352.600/0001-26', 'id': 'd7f30ea1-9df3-4124-a561-12984ffff64b', 'razao_social': 'COMERCIAL RS LTDA', 'regime_tributario': 'lucro_real'}, 'entradas': {'lista': [{'bc_icms': 7126558.03, 'cfop': '1102', 'cst': '70', 'is_despesa': False, ...}, {'bc_icms': 5594.53, 'cfop': '1202', 'cst': '70', 'is_despesa': False, ...}, {'bc_icms': 1200822.56, 'cfop': '1403', 'cst': '70', 'is_despesa': False, ...}, {'bc_icms': 0.0, 'cfop': '1406', 'cst': '73', 'is_despesa': True, ...}, {'bc_icms': 0.0, 'cfop': '1407', 'cst': '73', 'is_despesa': True, ...}, {'bc_icms': 4697.63, 'cfop': '1551', 'cst': '70', 'is_despesa': True, ...}, ...], 'subtotal': {'bc_icms': 8016282.24, 'despesa_desconsiderada': {'bc_icms': 523674.87, 'qtd_itens': 111, 'v_icms': 93785.18}, 'qtd_itens': 1591, 'st_desconsiderado': {'bc_icms': 1211471.06, 'qtd_itens': 428, 'v_icms': 228819.95}, ...}}, 'saidas': {'lista': [{'bc_icms': 8617078.17, 'cfop': '5102', 'cst': '01', 'is_despesa': False, ...}, {'bc_icms': 69984.35, 'cfop': '5202', 'cst': '49', 'is_despesa': False, ...}, {'bc_icms': 0.0, 'cfop': '5405', 'cst': '01', 'is_despesa': False, ...}, {'bc_icms': 231459.56, 'cfop': '5411', 'cst': '06', 'is_despesa': False, ...}, {'bc_icms': 10903.7, 'cfop': '5910', 'cst': '49', 'is_despesa': False, ...}, {'bc_icms': 0.0, 'cfop': '5911', 'cst': '49', 'is_despesa': False, ...}, ...], 'subtotal': {'base_pis_cofins': 9706123.63, 'bc_icms': 9015106.05, 'qtd_itens': 23630, 'v_cofins': 737665.4, ...}}}">backend/tests/test_sped_apuracao_consistency.py:78: in test_03_apuracao_periodo_endpoint_works
    assert 'resumo' in data, "Response should contain 'resumo'"
E   AssertionError: Response should contain 'resumo'
E   assert 'resumo' in {'competencia': '01/2026', 'empresa': {'cnpj': '20.352.600/0001-26', 'id': 'd7f30ea1-9df3-4124-a561-12984ffff64b', 'razao_social': 'COMERCIAL RS LTDA', 'regime_tributario': 'lucro_real'}, 'entradas': {'lista': [{'bc_icms': 7126558.03, 'cfop': '1102', 'cst': '70', 'is_despesa': False, ...}, {'bc_icms': 5594.53, 'cfop': '1202', 'cst': '70', 'is_despesa': False, ...}, {'bc_icms': 1200822.56, 'cfop': '1403', 'cst': '70', 'is_despesa': False, ...}, {'bc_icms': 0.0, 'cfop': '1406', 'cst': '73', 'is_despesa': True, ...}, {'bc_icms': 0.0, 'cfop': '1407', 'cst': '73', 'is_despesa': True, ...}, {'bc_icms': 4697.63, 'cfop': '1551', 'cst': '70', 'is_despesa': True, ...}, ...], 'subtotal': {'bc_icms': 8016282.24, 'despesa_desconsiderada': {'bc_icms': 523674.87, 'qtd_itens': 111, 'v_icms': 93785.18}, 'qtd_itens': 1591, 'st_desconsiderado': {'bc_icms': 1211471.06, 'qtd_itens': 428, 'v_icms': 228819.95}, ...}}, 'saidas': {'lista': [{'bc_icms': 8617078.17, 'cfop': '5102', 'cst': '01', 'is_despesa': False, ...}, {'bc_icms': 69984.35, 'cfop': '5202', 'cst': '49', 'is_despesa': False, ...}, {'bc_icms': 0.0, 'cfop': '5405', 'cst': '01', 'is_despesa': False, ...}, {'bc_icms': 231459.56, 'cfop': '5411', 'cst': '06', 'is_despesa': False, ...}, {'bc_icms': 10903.7, 'cfop': '5910', 'cst': '49', 'is_despesa': False, ...}, {'bc_icms': 0.0, 'cfop': '5911', 'cst': '49', 'is_despesa': False, ...}, ...], 'subtotal': {'base_pis_cofins': 9706123.63, 'bc_icms': 9015106.05, 'qtd_itens': 23630, 'v_cofins': 737665.4, ...}}}</failure></testcase><testcase classname="backend.tests.test_sped_apuracao_consistency.TestSpedApuracaoConsistency" name="test_04_sped_validar_endpoint_works" time="0.525"><failure message="AssertionError: Response should contain 'totais_sistema'&#10;assert 'totais_sistema' in {'competencia': '01/2026', 'detalhamento_cfop': {'entradas': [{'cfop': '1102', 'cofins': 435693.0, 'credito_excluido': False, 'icms': 1562491.62, ...}, {'cfop': '1202', 'cofins': 97.7, 'credito_excluido': False, 'icms': 1176.5, ...}, {'cfop': '1403', 'cofins': 118999.39, 'credito_excluido': True, 'icms': 227547.6, ...}, {'cfop': '1406', 'cofins': 64.07, 'credito_excluido': True, 'icms': 0.0, ...}, {'cfop': '1407', 'cofins': 173.52, 'credito_excluido': True, 'icms': 0.0, ...}, {'cfop': '1551', 'cofins': 436.46, 'credito_excluido': True, 'icms': 799.65, ...}, ...], 'saidas': [{'cfop': '5102', 'cofins': 659688.56, 'credito_excluido': False, 'icms': 1850159.19, ...}, {'cfop': '5202', 'cofins': 5421.18, 'credito_excluido': False, 'icms': 13513.94, ...}, {'cfop': '5405', 'cofins': 123283.01, 'credito_excluido': False, 'icms': 0.0, ...}, {'cfop': '5411', 'cofins': 17561.87, 'credito_excluido': False, 'icms': 41662.73, ...}, {'cfop': '5910', 'cofins': 832.15, 'credito_excluido': False, 'icms': 2716.53, ...}, {'cfop': '5911', 'cofins': 0.0, 'credito_excluido': False, 'icms': 0.0, ...}, ...]}, 'empresa': 'COMERCIAL RS LTDA', 'excluir_creditos_despesa_st': False, ...}">backend/tests/test_sped_apuracao_consistency.py:95: in test_04_sped_validar_endpoint_works
    assert 'totais_sistema' in data, "Response should contain 'totais_sistema'"
E   AssertionError: Response should contain 'totais_sistema'
E   assert 'totais_sistema' in {'competencia': '01/2026', 'detalhamento_cfop': {'entradas': [{'cfop': '1102', 'cofins': 435693.0, 'credito_excluido': False, 'icms': 1562491.62, ...}, {'cfop': '1202', 'cofins': 97.7, 'credito_excluido': False, 'icms': 1176.5, ...}, {'cfop': '1403', 'cofins': 118999.39, 'credito_excluido': True, 'icms': 227547.6, ...}, {'cfop': '1406', 'cofins': 64.07, 'credito_excluido': True, 'icms': 0.0, ...}, {'cfop': '1407', 'cofins': 173.52, 'credito_excluido': True, 'icms': 0.0, ...}, {'cfop': '1551', 'cofins': 436.46, 'credito_excluido': True, 'icms': 799.65, ...}, ...], 'saidas': [{'cfop': '5102', 'cofins': 659688.56, 'credito_excluido': False, 'icms': 1850159.19, ...}, {'cfop': '5202', 'cofins': 5421.18, 'credito_excluido': False, 'icms': 13513.94, ...}, {'cfop': '5405', 'cofins': 123283.01, 'credito_excluido': False, 'icms': 0.0, ...}, {'cfop': '5411', 'cofins': 17561.87, 'credito_excluido': False, 'icms': 41662.73, ...}, {'cfop': '5910', 'cofins': 832.15, 'credito_excluido': False, 'icms': 2716.53, ...}, {'cfop': '5911', 'cofins': 0.0, 'credito_excluido': False, 'icms': 0.0, ...}, ...]}, 'empresa': 'COMERCIAL RS LTDA', 'excluir_creditos_despesa_st': False, ...}</failure></testcase><testcase classname="backend.tests.test_sped_apuracao_consistency.TestSpedApuracaoConsistency" name="test_05_total_entradas_consistency" time="0.851" /><testcase classname="backend.tests.test_sped_apuracao_consistency.TestSpedApuracaoConsistency" name="test_06_total_saidas_consistency" time="0.905" /><testcase classname="backend.tests.test_sped_apuracao_consistency.TestSpedApuracaoConsistency" name="test_07_icms_entradas_consistency" time="0.856" /><testcase classname="backend.tests.test_sped_apuracao_consistency.TestSpedApuracaoConsistency" name="test_08_cfop_count_consistency" time="0.840" /><testcase classname="backend.tests.test_sped_apuracao_consistency.TestSpedApuracaoConsistency" name="test_09_cancelled_notes_excluded" time="0.305"><skipped type="pytest.skip" message="Could not fetch documents to check for cancelled notes">/app/backend/tests/test_sped_apuracao_consistency.py:250: Could not fetch documents to check for cancelled notes</skipped></testcase><testcase classname="backend.tests.test_sped_apuracao_consistency.TestSpedApuracaoConsistency" name="test_10_different_competencia" time="0.305" /><testcase classname="backend.tests.test_sped_apuracao_consistency.TestSpedApuracaoConsistency" name="test_11_cfop_values_match" time="0.874" /></testsuite></testsuites>