<?xml version="1.0" encoding="utf-8"?><testsuites name="pytest tests"><testsuite name="pytest" errors="0" failures="0" skipped="0" tests="13" time="4.705" timestamp="2026-02-25T14:12:43.666893+00:00" hostname="agent-env-01635eff-0d5f-400a-9908-a143be3b7a1b"><testcase classname="backend.tests.test_saldo_credor_transporte.TestSaldoCredorTransporte" name="test_01_login_success" time="0.491" /><testcase classname="backend.tests.test_saldo_credor_transporte.TestSaldoCredorTransporte" name="test_02_icms_janeiro_saldo_credor" time="0.581" /><testcase classname="backend.tests.test_saldo_credor_transporte.TestSaldoCredorTransporte" name="test_03_piscofins_janeiro_preserva_icms" time="0.511" /><testcase classname="backend.tests.test_saldo_credor_transporte.TestSaldoCredorTransporte" name="test_04_icms_fevereiro_busca_saldo_janeiro" time="0.128" /><testcase classname="backend.tests.test_saldo_credor_transporte.TestSaldoCredorTransporte" name="test_05_piscofins_fevereiro_busca_saldo_janeiro" time="0.136" /><testcase classname="backend.tests.test_saldo_credor_transporte.TestSaldoCredorTransporte" name="test_06_ret_fevereiro_saldo_credor" time="0.179" /><testcase classname="backend.tests.test_saldo_credor_transporte.TestSaldoCredorTransporte" name="test_07_reforma_tributaria_fevereiro_saldo_credor" time="0.124" /><testcase classname="backend.tests.test_saldo_credor_transporte.TestSaldoCredorTransporte" name="test_08_dashboard_janeiro_saldo_credor" time="0.192" /><testcase classname="backend.tests.test_saldo_credor_transporte.TestSaldoCredorTransporte" name="test_09_dashboard_fevereiro_saldo_credor" time="0.145" /><testcase classname="backend.tests.test_saldo_credor_transporte.TestSaldoCredorTransporte" name="test_10_consistency_between_endpoints_janeiro" time="0.769" /><testcase classname="backend.tests.test_saldo_credor_transporte.TestSaldoCredorPersistence" name="test_01_call_icms_janeiro_saves_saldo" time="0.536" /><testcase classname="backend.tests.test_saldo_credor_transporte.TestSaldoCredorPersistence" name="test_02_call_piscofins_janeiro_saves_saldo" time="0.428" /><testcase classname="backend.tests.test_saldo_credor_transporte.TestSaldoCredorPersistence" name="test_03_verify_fevereiro_gets_janeiro_saldo" time="0.405" /></testsuite></testsuites>