<?xml version="1.0" encoding="utf-8"?><testsuites name="pytest tests"><testsuite name="pytest" errors="0" failures="1" skipped="0" tests="10" time="4.161" timestamp="2026-02-09T15:57:18.355540+00:00" hostname="agent-env-66ea0756-95ab-4ece-af4f-1bf4d95bc676"><testcase classname="backend.tests.test_simples_nacional_das.TestSimplesNacionalDAS" name="test_endpoint_returns_200" time="0.527" /><testcase classname="backend.tests.test_simples_nacional_das.TestSimplesNacionalDAS" name="test_das_value_greater_than_zero" time="0.423" /><testcase classname="backend.tests.test_simples_nacional_das.TestSimplesNacionalDAS" name="test_das_structure_complete" time="0.412" /><testcase classname="backend.tests.test_simples_nacional_das.TestSimplesNacionalDAS" name="test_descontos_structure" time="0.426" /><testcase classname="backend.tests.test_simples_nacional_das.TestSimplesNacionalDAS" name="test_descontos_proportional_to_aliquota" time="0.410" /><testcase classname="backend.tests.test_simples_nacional_das.TestSimplesNacionalDAS" name="test_descontos_not_exceed_das_bruto" time="0.493"><failure message="AssertionError: DAS final (6173.67) should equal DAS bruto - discounts (6173.66)&#10;assert 0.010000000000218279 &lt; 0.01&#10; +  where 0.010000000000218279 = abs((6173.67 - 6173.66))">backend/tests/test_simples_nacional_das.py:219: in test_descontos_not_exceed_das_bruto
    assert abs(valor_das_final - expected_das_final) &lt; 0.01, \
E   AssertionError: DAS final (6173.67) should equal DAS bruto - discounts (6173.66)
E   assert 0.010000000000218279 &lt; 0.01
E    +  where 0.010000000000218279 = abs((6173.67 - 6173.66))</failure></testcase><testcase classname="backend.tests.test_simples_nacional_das.TestSimplesNacionalDAS" name="test_expected_das_value_for_elm_company" time="0.417" /><testcase classname="backend.tests.test_simples_nacional_das.TestSimplesNacionalDAS" name="test_reparticao_tributos" time="0.407" /><testcase classname="backend.tests.test_simples_nacional_das.TestSimplesNacionalEdgeCases" name="test_invalid_company_id" time="0.281" /><testcase classname="backend.tests.test_simples_nacional_das.TestSimplesNacionalEdgeCases" name="test_non_simples_company" time="0.286" /></testsuite></testsuites>