<?xml version="1.0" encoding="utf-8"?><testsuites name="pytest tests"><testsuite name="pytest" errors="0" failures="4" skipped="0" tests="18" time="4.952" timestamp="2026-02-18T12:16:03.627233+00:00" hostname="agent-env-54a78451-e445-425f-9650-bfc0ecd4a534"><testcase classname="backend.tests.test_validadores_icms_piscofins.TestValidadorICMSPorProduto" name="test_endpoint_returns_200" time="0.808" /><testcase classname="backend.tests.test_validadores_icms_piscofins.TestValidadorICMSPorProduto" name="test_response_has_required_structure" time="0.322" /><testcase classname="backend.tests.test_validadores_icms_piscofins.TestValidadorICMSPorProduto" name="test_products_have_tipo_operacao" time="0.306" /><testcase classname="backend.tests.test_validadores_icms_piscofins.TestValidadorICMSPorProduto" name="test_products_have_is_st" time="0.289" /><testcase classname="backend.tests.test_validadores_icms_piscofins.TestValidadorICMSPorProduto" name="test_products_have_uf_destino" time="0.311" /><testcase classname="backend.tests.test_validadores_icms_piscofins.TestValidadorICMSRegras" name="test_get_regras" time="0.156" /><testcase classname="backend.tests.test_validadores_icms_piscofins.TestValidadorICMSRegras" name="test_post_regra_with_excecoes" time="0.123"><failure message="AssertionError: Response must have rule id&#10;assert 'id' in {'message': 'Regra criada com sucesso', 'regra': {'aliquota_interestadual_outros': 7.0, 'aliquota_interestadual_sul_sudeste': 12.0, 'aliquota_interna': 25.0, 'aliquota_st': 0.0, ...}}">backend/tests/test_validadores_icms_piscofins.py:220: in test_post_regra_with_excecoes
    assert "id" in data, "Response must have rule id"
E   AssertionError: Response must have rule id
E   assert 'id' in {'message': 'Regra criada com sucesso', 'regra': {'aliquota_interestadual_outros': 7.0, 'aliquota_interestadual_sul_sudeste': 12.0, 'aliquota_interna': 25.0, 'aliquota_st': 0.0, ...}}</failure></testcase><testcase classname="backend.tests.test_validadores_icms_piscofins.TestValidadorICMSRegras" name="test_excecoes_structure_validation" time="0.107" /><testcase classname="backend.tests.test_validadores_icms_piscofins.TestValidadorICMSExceptionApplication" name="test_exception_applied_to_product_description" time="0.438" /><testcase classname="backend.tests.test_validadores_icms_piscofins.TestValidadorPisCofinsPorCfop" name="test_endpoint_returns_200" time="0.352" /><testcase classname="backend.tests.test_validadores_icms_piscofins.TestValidadorPisCofinsPorCfop" name="test_response_separates_entradas_saidas" time="0.292" /><testcase classname="backend.tests.test_validadores_icms_piscofins.TestValidadorPisCofinsPorCfop" name="test_cfop_items_have_required_fields" time="0.279" /><testcase classname="backend.tests.test_validadores_icms_piscofins.TestValidadorPisCofinsPorNCM" name="test_endpoint_returns_200" time="0.288" /><testcase classname="backend.tests.test_validadores_icms_piscofins.TestValidadorPisCofinsPorNCM" name="test_ncms_have_aliquota_pis_cofins" time="0.290" /><testcase classname="backend.tests.test_validadores_icms_piscofins.TestValidadorPisCofinsRegras" name="test_get_regras" time="0.112" /><testcase classname="backend.tests.test_validadores_icms_piscofins.TestValidadorPisCofinsRegras" name="test_post_regra" time="0.145"><failure message="AssertionError: Response must have rule id&#10;assert 'id' in {'message': 'Regra criada com sucesso', 'regra': {'aliquota_cofins': 7.6, 'aliquota_pis': 1.65, 'ativo': True, 'base_legal': 'Lei 10.833/2003 - TESTE', ...}}">backend/tests/test_validadores_icms_piscofins.py:470: in test_post_regra
    assert "id" in data, "Response must have rule id"
E   AssertionError: Response must have rule id
E   assert 'id' in {'message': 'Regra criada com sucesso', 'regra': {'aliquota_cofins': 7.6, 'aliquota_pis': 1.65, 'ativo': True, 'base_legal': 'Lei 10.833/2003 - TESTE', ...}}</failure></testcase><testcase classname="backend.tests.test_validadores_icms_piscofins.TestValidadorPisCofinsRegras" name="test_put_regra" time="0.108"><failure message="KeyError: 'id'">backend/tests/test_validadores_icms_piscofins.py:507: in test_put_regra
    rule_id = create_response.json()["id"]
              ^^^^^^^^^^^^^^^^^^^^^^^^^^^^
E   KeyError: 'id'</failure></testcase><testcase classname="backend.tests.test_validadores_icms_piscofins.TestValidadorPisCofinsRegras" name="test_delete_regra" time="0.108"><failure message="KeyError: 'id'">backend/tests/test_validadores_icms_piscofins.py:554: in test_delete_regra
    rule_id = create_response.json()["id"]
              ^^^^^^^^^^^^^^^^^^^^^^^^^^^^
E   KeyError: 'id'</failure></testcase></testsuite></testsuites>