<?xml version="1.0" encoding="utf-8"?><testsuites name="pytest tests"><testsuite name="pytest" errors="0" failures="0" skipped="0" tests="10" time="4.158" timestamp="2026-02-09T15:57:35.543931+00:00" hostname="agent-env-66ea0756-95ab-4ece-af4f-1bf4d95bc676"><testcase classname="backend.tests.test_simples_nacional_das.TestSimplesNacionalDAS" name="test_endpoint_returns_200" time="0.477" /><testcase classname="backend.tests.test_simples_nacional_das.TestSimplesNacionalDAS" name="test_das_value_greater_than_zero" time="0.427" /><testcase classname="backend.tests.test_simples_nacional_das.TestSimplesNacionalDAS" name="test_das_structure_complete" time="0.418" /><testcase classname="backend.tests.test_simples_nacional_das.TestSimplesNacionalDAS" name="test_descontos_structure" time="0.419" /><testcase classname="backend.tests.test_simples_nacional_das.TestSimplesNacionalDAS" name="test_descontos_proportional_to_aliquota" time="0.413" /><testcase classname="backend.tests.test_simples_nacional_das.TestSimplesNacionalDAS" name="test_descontos_not_exceed_das_bruto" time="0.480" /><testcase classname="backend.tests.test_simples_nacional_das.TestSimplesNacionalDAS" name="test_expected_das_value_for_elm_company" time="0.420" /><testcase classname="backend.tests.test_simples_nacional_das.TestSimplesNacionalDAS" name="test_reparticao_tributos" time="0.415" /><testcase classname="backend.tests.test_simples_nacional_das.TestSimplesNacionalEdgeCases" name="test_invalid_company_id" time="0.328" /><testcase classname="backend.tests.test_simples_nacional_das.TestSimplesNacionalEdgeCases" name="test_non_simples_company" time="0.297" /></testsuite></testsuites>