<?xml version="1.0" encoding="utf-8"?><testsuites name="pytest tests"><testsuite name="pytest" errors="0" failures="6" skipped="0" tests="13" time="2.896" timestamp="2026-02-13T11:33:39.051477+00:00" hostname="agent-env-98c5fcea-8d36-4fdb-ad9b-c3a65c82f7ee"><testcase classname="backend.tests.test_wizard_fechamento.TestWizardFechamentoStatus" name="test_get_wizard_status" time="0.561" /><testcase classname="backend.tests.test_wizard_fechamento.TestWizardFechamentoStatus" name="test_get_wizard_status_invalid_company" time="0.147" /><testcase classname="backend.tests.test_wizard_fechamento.TestWizardFechamentoSummary" name="test_get_wizard_summary" time="0.154" /><testcase classname="backend.tests.test_wizard_fechamento.TestWizardFechamentoStepData" name="test_get_step1_data" time="0.175"><failure message="AssertionError: Missing 'step' in response&#10;assert 'step' in {'data': {'notas_canceladas': [], 'total': 0}, 'step_id': 1}">backend/tests/test_wizard_fechamento.py:142: in test_get_step1_data
    assert "step" in data, "Missing 'step' in response"
E   AssertionError: Missing 'step' in response
E   assert 'step' in {'data': {'notas_canceladas': [], 'total': 0}, 'step_id': 1}</failure></testcase><testcase classname="backend.tests.test_wizard_fechamento.TestWizardFechamentoStepData" name="test_get_step2_data" time="0.195"><failure message="AssertionError: Missing 'step' in response&#10;assert 'step' in {'data': {'cfops_devolucao': ['1201', '1202', '1203', '1204', '1205', '1206', ...], 'notas_devolucao': [], 'total': 0}, 'step_id': 2}">backend/tests/test_wizard_fechamento.py:162: in test_get_step2_data
    assert "step" in data, "Missing 'step' in response"
E   AssertionError: Missing 'step' in response
E   assert 'step' in {'data': {'cfops_devolucao': ['1201', '1202', '1203', '1204', '1205', '1206', ...], 'notas_devolucao': [], 'total': 0}, 'step_id': 2}</failure></testcase><testcase classname="backend.tests.test_wizard_fechamento.TestWizardFechamentoStepData" name="test_get_step3_data" time="0.306"><failure message="AssertionError: Missing 'step' in response&#10;assert 'step' in {'data': {'produtos_classificados': 0, 'produtos_pendentes': [], 'total_classificados': 0, 'total_pendentes': 0}, 'step_id': 3}">backend/tests/test_wizard_fechamento.py:179: in test_get_step3_data
    assert "step" in data, "Missing 'step' in response"
E   AssertionError: Missing 'step' in response
E   assert 'step' in {'data': {'produtos_classificados': 0, 'produtos_pendentes': [], 'total_classificados': 0, 'total_pendentes': 0}, 'step_id': 3}</failure></testcase><testcase classname="backend.tests.test_wizard_fechamento.TestWizardFechamentoStepData" name="test_get_step4_data" time="0.276"><failure message="AssertionError: Missing 'step' in response&#10;assert 'step' in {'data': {'docs_com_divergencia': [], 'total_divergencias': 0, 'total_documentos': 0}, 'step_id': 4}">backend/tests/test_wizard_fechamento.py:201: in test_get_step4_data
    assert "step" in data, "Missing 'step' in response"
E   AssertionError: Missing 'step' in response
E   assert 'step' in {'data': {'docs_com_divergencia': [], 'total_divergencias': 0, 'total_documentos': 0}, 'step_id': 4}</failure></testcase><testcase classname="backend.tests.test_wizard_fechamento.TestWizardFechamentoStepData" name="test_get_step5_data" time="0.194"><failure message="AssertionError: Missing 'step' in response&#10;assert 'step' in {'data': {'resumo': {'nfce': 0, 'nfe_saida': 0}, 'total_documentos': 0}, 'step_id': 5}">backend/tests/test_wizard_fechamento.py:218: in test_get_step5_data
    assert "step" in data, "Missing 'step' in response"
E   AssertionError: Missing 'step' in response
E   assert 'step' in {'data': {'resumo': {'nfce': 0, 'nfe_saida': 0}, 'total_documentos': 0}, 'step_id': 5}</failure></testcase><testcase classname="backend.tests.test_wizard_fechamento.TestWizardFechamentoStepData" name="test_get_step6_data" time="0.118"><failure message="AssertionError: Missing 'step' in response&#10;assert 'step' in {'data': {'error': 'calcular_apuracao() takes 2 positional arguments but 4 were given'}, 'step_id': 6}">backend/tests/test_wizard_fechamento.py:235: in test_get_step6_data
    assert "step" in data, "Missing 'step' in response"
E   AssertionError: Missing 'step' in response
E   assert 'step' in {'data': {'error': 'calcular_apuracao() takes 2 positional arguments but 4 were given'}, 'step_id': 6}</failure></testcase><testcase classname="backend.tests.test_wizard_fechamento.TestWizardFechamentoNavigation" name="test_go_to_step" time="0.102" /><testcase classname="backend.tests.test_wizard_fechamento.TestWizardFechamentoNavigation" name="test_go_to_step_and_verify" time="0.210" /><testcase classname="backend.tests.test_wizard_fechamento.TestWizardFechamentoComplete" name="test_complete_step2" time="0.238" /><testcase classname="backend.tests.test_wizard_fechamento.TestWizardFechamentoComplete" name="test_verify_step_completion" time="0.106" /></testsuite></testsuites>