<?xml version="1.0" encoding="utf-8"?><testsuites name="pytest tests"><testsuite name="pytest" errors="0" failures="0" skipped="3" tests="8" time="1.267" timestamp="2026-02-14T14:06:48.399139+00:00" hostname="agent-env-0a4f14cc-7fe0-4961-a313-3fe7779f3e44"><testcase classname="backend.tests.test_wizard_cfop_step3_fix.TestWizardFechamentoStep3CFOP" name="test_api_health" time="0.521" /><testcase classname="backend.tests.test_wizard_cfop_step3_fix.TestWizardFechamentoStep3CFOP" name="test_wizard_status_endpoint" time="0.164" /><testcase classname="backend.tests.test_wizard_cfop_step3_fix.TestWizardFechamentoStep3CFOP" name="test_step3_cfop_alerts_returns_original_cfop" time="0.097" /><testcase classname="backend.tests.test_wizard_cfop_step3_fix.TestWizardFechamentoStep3CFOP" name="test_step3_cfop_alert_structure" time="0.098"><skipped type="pytest.skip" message="No CFOP alerts found">/app/backend/tests/test_wizard_cfop_step3_fix.py:166: No CFOP alerts found</skipped></testcase><testcase classname="backend.tests.test_wizard_cfop_step3_fix.TestWizardFechamentoStep2Devolution" name="test_step2_devolucao_endpoint" time="0.072" /><testcase classname="backend.tests.test_wizard_cfop_step3_fix.TestWizardFechamentoStep2Devolution" name="test_step2_devolucao_divergence_detection" time="0.068" /><testcase classname="backend.tests.test_wizard_cfop_step3_fix.TestWizardFechamentoCodeReview" name="test_backend_cfop_original_field_exists" time="0.096"><skipped type="pytest.skip" message="No alerts to check">/app/backend/tests/test_wizard_cfop_step3_fix.py:280: No alerts to check</skipped></testcase><testcase classname="backend.tests.test_wizard_cfop_step3_fix.TestWizardFechamentoCodeReview" name="test_cfop_conversion_mapping" time="0.095"><skipped type="pytest.skip" message="No alerts to check">/app/backend/tests/test_wizard_cfop_step3_fix.py:311: No alerts to check</skipped></testcase></testsuite></testsuites>