<?xml version="1.0" encoding="utf-8"?><testsuites name="pytest tests"><testsuite name="pytest" errors="0" failures="0" skipped="0" tests="15" time="4.887" timestamp="2026-02-15T00:27:42.540107+00:00" hostname="agent-env-6660c553-7ccb-4171-a50b-17a0610b8e4d"><testcase classname="tests.test_dashboard_taxes_fix.TestDashboardStatsResponseStructure" name="test_dashboard_stats_returns_debitos_section" time="0.841" /><testcase classname="tests.test_dashboard_taxes_fix.TestDashboardStatsResponseStructure" name="test_dashboard_stats_returns_impostos_pagar_section" time="0.203" /><testcase classname="tests.test_dashboard_taxes_fix.TestDashboardStatsResponseStructure" name="test_dashboard_stats_returns_creditos_section" time="0.231" /><testcase classname="tests.test_dashboard_taxes_fix.TestDashboardStatsNormalVersion" name="test_dashboard_stats_debito_icms_not_zero" time="0.195" /><testcase classname="tests.test_dashboard_taxes_fix.TestDashboardStatsNormalVersion" name="test_dashboard_stats_debito_pis_calculation" time="0.203" /><testcase classname="tests.test_dashboard_taxes_fix.TestDashboardStatsNormalVersion" name="test_dashboard_stats_debito_cofins_calculation" time="0.187" /><testcase classname="tests.test_dashboard_taxes_fix.TestDashboardStatsNormalVersion" name="test_dashboard_stats_impostos_pagar_calculation" time="0.231" /><testcase classname="tests.test_dashboard_taxes_fix.TestDashboardStatsAggregatedVersion" name="test_dashboard_stats_aggregated_mode_flag" time="0.351" /><testcase classname="tests.test_dashboard_taxes_fix.TestDashboardStatsAggregatedVersion" name="test_dashboard_stats_aggregated_debito_icms_not_zero" time="0.314" /><testcase classname="tests.test_dashboard_taxes_fix.TestDashboardStatsAggregatedVersion" name="test_dashboard_stats_aggregated_debito_pis_cofins" time="0.633" /><testcase classname="tests.test_dashboard_taxes_fix.TestDashboardStatsAggregatedVersion" name="test_dashboard_stats_aggregated_impostos_pagar" time="0.367" /><testcase classname="tests.test_dashboard_taxes_fix.TestDashboardStatsResponseTime" name="test_dashboard_stats_aggregated_response_time" time="0.374" /><testcase classname="tests.test_dashboard_taxes_fix.TestDashboardStatsEdgeCases" name="test_dashboard_stats_invalid_company" time="0.113" /><testcase classname="tests.test_dashboard_taxes_fix.TestDashboardStatsEdgeCases" name="test_dashboard_stats_empty_competencia" time="0.221" /><testcase classname="tests.test_dashboard_taxes_fix.TestSpecificBugScenario" name="test_bug_scenario_nfce_with_taxes" time="0.337" /></testsuite></testsuites>