<?xml version="1.0" encoding="utf-8"?><testsuites name="pytest tests"><testsuite name="pytest" errors="0" failures="2" skipped="0" tests="8" time="10.653" timestamp="2026-02-06T17:52:59.091268+00:00" hostname="agent-env-006eaece-7e46-4d9f-8327-ea28d83a9aa4"><testcase classname="backend.tests.test_cancelled_notes.TestCancelledNotesFeature" name="test_01_auth_works" time="0.395" /><testcase classname="backend.tests.test_cancelled_notes.TestCancelledNotesFeature" name="test_02_company_exists" time="0.298" /><testcase classname="backend.tests.test_cancelled_notes.TestCancelledNotesFeature" name="test_03_upload_cancelled_xml_saves_with_cancelada_true" time="3.079"><failure message="AssertionError: Upload failed: {&quot;detail&quot;:&quot;Not Found&quot;}&#10;assert 404 == 200&#10; +  where 404 = &lt;Response [404]&gt;.status_code">backend/tests/test_cancelled_notes.py:116: in test_03_upload_cancelled_xml_saves_with_cancelada_true
    assert upload_response.status_code == 200, f"Upload failed: {upload_response.text}"
E   AssertionError: Upload failed: {"detail":"Not Found"}
E   assert 404 == 200
E    +  where 404 = &lt;Response [404]&gt;.status_code</failure></testcase><testcase classname="backend.tests.test_cancelled_notes.TestCancelledNotesFeature" name="test_04_verify_cancelled_note_saved_with_cancellation_fields" time="2.888" /><testcase classname="backend.tests.test_cancelled_notes.TestCancelledNotesFeature" name="test_05_dashboard_stats_excludes_cancelled_notes" time="0.330" /><testcase classname="backend.tests.test_cancelled_notes.TestCancelledNotesFeature" name="test_06_documents_endpoint_filters_cancelled_notes" time="2.983"><failure message="AssertionError: Cancelled notes should not appear in /api/xml/documents&#10;assert False">backend/tests/test_cancelled_notes.py:224: in test_06_documents_endpoint_filters_cancelled_notes
    assert False, "Cancelled notes should not appear in /api/xml/documents"
E   AssertionError: Cancelled notes should not appear in /api/xml/documents
E   assert False</failure></testcase><testcase classname="backend.tests.test_cancelled_notes.TestCancelledNotesFeature" name="test_07_verify_cancellation_detection_logic" time="0.278" /><testcase classname="backend.tests.test_cancelled_notes.TestCancelledNotesEdgeCases" name="test_08_cstat_151_also_detected_as_cancelled" time="0.316" /></testsuite></testsuites>