<?xml version="1.0" encoding="utf-8"?><testsuites name="pytest tests"><testsuite name="pytest" errors="0" failures="0" skipped="0" tests="7" time="3.888" timestamp="2026-02-04T20:17:09.935655+00:00" hostname="agent-env-ec599c0e-038a-4f58-9357-cc13e2e3899a"><testcase classname="tests.test_upload_progress.TestUploadProgress" name="test_upload_init_success" time="0.423" /><testcase classname="tests.test_upload_progress.TestUploadProgress" name="test_upload_init_missing_company" time="0.351" /><testcase classname="tests.test_upload_progress.TestUploadProgress" name="test_upload_progress_sse_endpoint" time="0.394" /><testcase classname="tests.test_upload_progress.TestUploadProgress" name="test_upload_progress_invalid_upload_id" time="0.354" /><testcase classname="tests.test_upload_progress.TestUploadProgress" name="test_full_upload_flow_with_progress" time="0.985" /><testcase classname="tests.test_upload_progress.TestUploadProgress" name="test_upload_stream_without_init" time="0.344" /><testcase classname="tests.test_upload_progress.TestUploadProgress" name="test_progress_updates_during_upload" time="0.988" /></testsuite></testsuites>