<?xml version="1.0" encoding="utf-8"?><testsuites name="pytest tests"><testsuite name="pytest" errors="0" failures="0" skipped="0" tests="19" time="1.096" timestamp="2026-02-15T01:07:02.582448+00:00" hostname="agent-env-6660c553-7ccb-4171-a50b-17a0610b8e4d"><testcase classname="backend.tests.test_icms_apuracao_cfop_styling.TestICMSApuracaoEndpoint" name="test_endpoint_returns_200" time="0.786" /><testcase classname="backend.tests.test_icms_apuracao_cfop_styling.TestICMSApuracaoEndpoint" name="test_company_info_correct" time="0.209" /><testcase classname="backend.tests.test_icms_apuracao_cfop_styling.TestTop10ProdutosNCM" name="test_top_10_produtos_credito_exists" time="0.000" /><testcase classname="backend.tests.test_icms_apuracao_cfop_styling.TestTop10ProdutosNCM" name="test_top_10_produtos_debito_exists" time="0.000" /><testcase classname="backend.tests.test_icms_apuracao_cfop_styling.TestTop10ProdutosNCM" name="test_top_10_ncms_credito_exists" time="0.001" /><testcase classname="backend.tests.test_icms_apuracao_cfop_styling.TestTop10ProdutosNCM" name="test_top_10_ncms_debito_exists" time="0.000" /><testcase classname="backend.tests.test_icms_apuracao_cfop_styling.TestCFOPStylingFields" name="test_entradas_cfop_has_styling_fields" time="0.000" /><testcase classname="backend.tests.test_icms_apuracao_cfop_styling.TestCFOPDesconsideradoLogic" name="test_cfop_1403_is_st_and_desconsiderado" time="0.000" /><testcase classname="backend.tests.test_icms_apuracao_cfop_styling.TestCFOPDesconsideradoLogic" name="test_cfop_1551_is_despesa_and_desconsiderado" time="0.000" /><testcase classname="backend.tests.test_icms_apuracao_cfop_styling.TestCFOPDesconsideradoLogic" name="test_cfop_1556_is_despesa_and_desconsiderado" time="0.000" /><testcase classname="backend.tests.test_icms_apuracao_cfop_styling.TestCFOPDesconsideradoLogic" name="test_cfop_1102_is_normal_not_desconsiderado" time="0.000" /><testcase classname="backend.tests.test_icms_apuracao_cfop_styling.TestDesconsideradosValores" name="test_desconsiderados_despesas_valor_icms" time="0.000" /><testcase classname="backend.tests.test_icms_apuracao_cfop_styling.TestDesconsideradosValores" name="test_desconsiderados_st_valor_icms" time="0.000" /><testcase classname="backend.tests.test_icms_apuracao_cfop_styling.TestDesconsideradosValores" name="test_total_icms_desconsiderado" time="0.000" /><testcase classname="backend.tests.test_icms_apuracao_cfop_styling.TestApuracaoCalculation" name="test_credito_icms_only_normal_cfops" time="0.000" /><testcase classname="backend.tests.test_icms_apuracao_cfop_styling.TestApuracaoCalculation" name="test_debito_icms" time="0.000" /><testcase classname="backend.tests.test_icms_apuracao_cfop_styling.TestApuracaoCalculation" name="test_saldo_calculation" time="0.000" /><testcase classname="backend.tests.test_icms_apuracao_cfop_styling.TestFlagsConfiguration" name="test_flags_present_in_response" time="0.000" /><testcase classname="backend.tests.test_icms_apuracao_cfop_styling.TestFlagsConfiguration" name="test_cfops_lists_contain_expected_values" time="0.000" /></testsuite></testsuites>