<?xml version="1.0" encoding="utf-8"?><testsuites name="pytest tests"><testsuite name="pytest" errors="0" failures="0" skipped="0" tests="7" time="72.551" timestamp="2026-02-04T16:22:31.385123+00:00" hostname="agent-env-17fa8a7d-c210-442a-a316-be9c49676c16"><testcase classname="backend.tests.test_ai_classification.TestAIClassification" name="test_login_success" time="19.529" /><testcase classname="backend.tests.test_ai_classification.TestAIClassification" name="test_company_exists" time="15.114" /><testcase classname="backend.tests.test_ai_classification.TestAIClassification" name="test_xml_upload_with_ai_classification" time="15.302" /><testcase classname="backend.tests.test_ai_classification.TestAIClassification" name="test_conversion_report_structure" time="22.558" /><testcase classname="backend.tests.test_ai_classification.TestCFOPRules" name="test_cfop_revenda_rule" time="0.000" /><testcase classname="backend.tests.test_ai_classification.TestCFOPRules" name="test_cfop_insumo_rule" time="0.000" /><testcase classname="backend.tests.test_ai_classification.TestCFOPRules" name="test_cfop_despesa_rule" time="0.000" /></testsuite></testsuites>