<?xml version="1.0" encoding="utf-8"?><testsuites name="pytest tests"><testsuite name="pytest" errors="0" failures="0" skipped="0" tests="9" time="1.390" timestamp="2026-02-05T16:40:41.891182+00:00" hostname="agent-env-0cf9f539-afd8-4038-b7bc-65387f24812d"><testcase classname="backend.tests.test_reprocess_batch.TestReprocessBatchEndpoint" name="test_reprocess_batch_without_classification" time="0.434" /><testcase classname="backend.tests.test_reprocess_batch.TestReprocessBatchEndpoint" name="test_reprocess_batch_with_classification" time="0.017" /><testcase classname="backend.tests.test_reprocess_batch.TestReprocessBatchEndpoint" name="test_reprocess_batch_invalid_company" time="0.052" /><testcase classname="backend.tests.test_reprocess_batch.TestReprocessBatchEndpoint" name="test_reprocess_batch_invalid_competencia" time="0.019" /><testcase classname="backend.tests.test_reprocess_batch.TestDocumentsEndpoint" name="test_get_documents_for_company" time="0.225" /><testcase classname="backend.tests.test_reprocess_batch.TestDocumentDetailEndpoint" name="test_get_document_detail" time="0.210" /><testcase classname="backend.tests.test_reprocess_batch.TestLoginEndpoint" name="test_login_success" time="0.279" /><testcase classname="backend.tests.test_reprocess_batch.TestLoginEndpoint" name="test_login_invalid_credentials" time="0.076" /><testcase classname="backend.tests.test_reprocess_batch.TestCompaniesEndpoint" name="test_get_companies" time="0.011" /></testsuite></testsuites>