<?xml version="1.0" encoding="utf-8"?><testsuites name="pytest tests"><testsuite name="pytest" errors="0" failures="5" skipped="1" tests="13" time="3.017" timestamp="2026-02-10T11:52:30.578321+00:00" hostname="agent-env-16a0ac06-4718-47cf-bd38-3ae6cc8044e8"><testcase classname="backend.tests.test_iteration45_features.TestAuthUsersEndpoint" name="test_list_users_returns_users_with_roles" time="0.403"><failure message="AssertionError: Invalid role: client&#10;assert 'client' in ['super_admin', 'master', 'admin', 'operacional']">backend/tests/test_iteration45_features.py:52: in test_list_users_returns_users_with_roles
    assert user["role"] in valid_roles, f"Invalid role: {user['role']}"
E   AssertionError: Invalid role: client
E   assert 'client' in ['super_admin', 'master', 'admin', 'operacional']</failure></testcase><testcase classname="backend.tests.test_iteration45_features.TestAuthUsersEndpoint" name="test_list_users_requires_auth" time="0.037"><failure message="AssertionError: Should require authentication&#10;assert 403 == 401&#10; +  where 403 = &lt;Response [403]&gt;.status_code">backend/tests/test_iteration45_features.py:59: in test_list_users_requires_auth
    assert response.status_code == 401, "Should require authentication"
E   AssertionError: Should require authentication
E   assert 403 == 401
E    +  where 403 = &lt;Response [403]&gt;.status_code</failure></testcase><testcase classname="backend.tests.test_iteration45_features.TestPromoteDemoteEndpoints" name="test_promote_user_to_master" time="0.662" /><testcase classname="backend.tests.test_iteration45_features.TestPromoteDemoteEndpoints" name="test_demote_user_to_operacional" time="0.151" /><testcase classname="backend.tests.test_iteration45_features.TestPromoteDemoteEndpoints" name="test_promote_nonexistent_user_returns_404" time="0.036" /><testcase classname="backend.tests.test_iteration45_features.TestPromoteDemoteEndpoints" name="test_demote_nonexistent_user_returns_404" time="0.033" /><testcase classname="backend.tests.test_iteration45_features.TestPromoteDemoteEndpoints" name="test_promote_requires_auth" time="0.032"><failure message="AssertionError: Should require authentication&#10;assert 403 == 401&#10; +  where 403 = &lt;Response [403]&gt;.status_code">backend/tests/test_iteration45_features.py:192: in test_promote_requires_auth
    assert response.status_code == 401, "Should require authentication"
E   AssertionError: Should require authentication
E   assert 403 == 401
E    +  where 403 = &lt;Response [403]&gt;.status_code</failure></testcase><testcase classname="backend.tests.test_iteration45_features.TestPromoteDemoteEndpoints" name="test_demote_requires_auth" time="0.073"><failure message="AssertionError: Should require authentication&#10;assert 403 == 401&#10; +  where 403 = &lt;Response [403]&gt;.status_code">backend/tests/test_iteration45_features.py:199: in test_demote_requires_auth
    assert response.status_code == 401, "Should require authentication"
E   AssertionError: Should require authentication
E   assert 403 == 401
E    +  where 403 = &lt;Response [403]&gt;.status_code</failure></testcase><testcase classname="backend.tests.test_iteration45_features.TestCompaniesFilterByRole" name="test_master_sees_all_companies" time="0.348" /><testcase classname="backend.tests.test_iteration45_features.TestCompaniesFilterByRole" name="test_companies_endpoint_requires_auth" time="0.032"><failure message="AssertionError: Should require authentication&#10;assert 403 == 401&#10; +  where 403 = &lt;Response [403]&gt;.status_code">backend/tests/test_iteration45_features.py:238: in test_companies_endpoint_requires_auth
    assert response.status_code == 401, "Should require authentication"
E   AssertionError: Should require authentication
E   assert 403 == 401
E    +  where 403 = &lt;Response [403]&gt;.status_code</failure></testcase><testcase classname="backend.tests.test_iteration45_features.TestViloesOportunidadesPISCOFINS" name="test_viloes_oportunidades_endpoint_exists" time="0.426" /><testcase classname="backend.tests.test_iteration45_features.TestCFOPSTConversion" name="test_cfop_st_mapping_exists_in_code" time="0.004" /><testcase classname="backend.tests.test_iteration45_features.TestOperacionalUserCompanyFilter" name="test_operacional_user_sees_limited_companies" time="0.665"><skipped type="pytest.skip" message="Could not login as operacional user: Internal Server Error">/app/backend/tests/test_iteration45_features.py:418: Could not login as operacional user: Internal Server Error</skipped></testcase></testsuite></testsuites>