<?xml version="1.0" encoding="utf-8"?><testsuites name="pytest tests"><testsuite name="pytest" errors="0" failures="0" skipped="0" tests="11" time="1.072" timestamp="2026-02-04T02:44:20.080455+00:00" hostname="agent-env-ffcdf1a0-dcc6-4ef0-8f3c-753fc5a6baee"><testcase classname="backend.tests.test_iteration10_features.TestDashboardComparativeAnalysis" name="test_dashboard_stats_returns_analise_comparativa_for_lucro_real" time="0.391" /><testcase classname="backend.tests.test_iteration10_features.TestDashboardComparativeAnalysis" name="test_dashboard_stats_returns_analise_comparativa_for_lucro_presumido" time="0.040" /><testcase classname="backend.tests.test_iteration10_features.TestReportsFilter" name="test_reports_by_product_with_tipo_entrada" time="0.079" /><testcase classname="backend.tests.test_iteration10_features.TestReportsFilter" name="test_reports_by_product_with_tipo_saida" time="0.038" /><testcase classname="backend.tests.test_iteration10_features.TestReportsFilter" name="test_reports_by_ncm_with_tipo_entrada" time="0.034" /><testcase classname="backend.tests.test_iteration10_features.TestReportsFilter" name="test_reports_by_ncm_with_tipo_saida" time="0.032" /><testcase classname="backend.tests.test_iteration10_features.TestAnaliseAliquotasSaida" name="test_analise_aliquotas_saida_endpoint" time="0.075" /><testcase classname="backend.tests.test_iteration10_features.TestCompanySelection" name="test_companies_list_returns_all_companies" time="0.034" /><testcase classname="backend.tests.test_iteration10_features.TestCompanySelection" name="test_company_has_codigo_empresa" time="0.000" /><testcase classname="backend.tests.test_iteration10_features.TestLogin" name="test_login_with_valid_credentials" time="0.256" /><testcase classname="backend.tests.test_iteration10_features.TestLogin" name="test_login_with_invalid_credentials" time="0.034" /></testsuite></testsuites>