<?xml version="1.0" encoding="utf-8"?><testsuites name="pytest tests"><testsuite name="pytest" errors="0" failures="0" skipped="0" tests="11" time="34.326" timestamp="2026-02-05T18:22:00.061061+00:00" hostname="agent-env-16482043-4b92-475b-8c3e-5159d30c93aa"><testcase classname="backend.tests.test_dissidio_validacao.TestDissidioEndpoints" name="test_list_dissidios" time="0.323" /><testcase classname="backend.tests.test_dissidio_validacao.TestDissidioEndpoints" name="test_create_dissidio" time="0.349" /><testcase classname="backend.tests.test_dissidio_validacao.TestDissidioEndpoints" name="test_list_dissidios_by_cliente" time="0.352" /><testcase classname="backend.tests.test_dissidio_validacao.TestDissidioEndpoints" name="test_convencao_analisar_endpoint_exists" time="7.859" /><testcase classname="backend.tests.test_dissidio_validacao.TestValidacaoFolhaEndpoints" name="test_list_validacoes" time="0.328" /><testcase classname="backend.tests.test_dissidio_validacao.TestValidacaoFolhaEndpoints" name="test_validacoes_analisar_endpoint_exists" time="11.445" /><testcase classname="backend.tests.test_dissidio_validacao.TestValidacaoFolhaEndpoints" name="test_validacoes_comparar_apoio_endpoint_exists" time="6.924" /><testcase classname="backend.tests.test_dissidio_validacao.TestValidacaoFolhaEndpoints" name="test_comparar_apoio_requires_both_files" time="0.365" /><testcase classname="backend.tests.test_dissidio_validacao.TestValidacaoFolhaEndpoints" name="test_comparar_apoio_accepts_various_file_types" time="5.210" /><testcase classname="backend.tests.test_dissidio_validacao.TestDissidioWorkflow" name="test_dissidio_approve_endpoint" time="0.400" /><testcase classname="backend.tests.test_dissidio_validacao.TestDissidioWorkflow" name="test_dissidio_reject_endpoint" time="0.667" /></testsuite></testsuites>