<?xml version="1.0" encoding="utf-8"?><testsuites name="pytest tests"><testsuite name="pytest" errors="0" failures="0" skipped="0" tests="17" time="8.659" timestamp="2026-02-09T03:59:12.280409+00:00" hostname="agent-env-dab1c8fc-79fe-4f3f-bd2c-717491d52ba7"><testcase classname="tests.test_aurion_fiscal.TestAuthentication" name="test_login_success" time="0.336" /><testcase classname="tests.test_aurion_fiscal.TestAuthentication" name="test_login_invalid_credentials" time="0.038" /><testcase classname="tests.test_aurion_fiscal.TestCompanies" name="test_get_companies" time="0.315" /><testcase classname="tests.test_aurion_fiscal.TestDashboard" name="test_dashboard_stats_returns_data" time="0.623" /><testcase classname="tests.test_aurion_fiscal.TestDashboard" name="test_dashboard_empresa_tipo_atividade" time="0.542" /><testcase classname="tests.test_aurion_fiscal.TestDashboard" name="test_dashboard_entradas_saidas_separadas" time="0.537" /><testcase classname="tests.test_aurion_fiscal.TestDashboard" name="test_dashboard_valores_entradas_saidas" time="0.546" /><testcase classname="tests.test_aurion_fiscal.TestDashboard" name="test_dashboard_nfse_not_shown_for_comercio" time="0.548" /><testcase classname="tests.test_aurion_fiscal.TestApuracaoICMS" name="test_apuracao_icms_returns_data" time="0.568" /><testcase classname="tests.test_aurion_fiscal.TestApuracaoICMS" name="test_apuracao_icms_valores_match_dashboard" time="0.781" /><testcase classname="tests.test_aurion_fiscal.TestApuracaoICMS" name="test_apuracao_icms_flags_present" time="0.530" /><testcase classname="tests.test_aurion_fiscal.TestApuracaoICMS" name="test_apuracao_icms_cfops_have_status_flags" time="0.509" /><testcase classname="tests.test_aurion_fiscal.TestApuracaoICMS" name="test_apuracao_icms_cfop_1403_is_st" time="0.560" /><testcase classname="tests.test_aurion_fiscal.TestApuracaoICMS" name="test_apuracao_icms_cfop_1556_is_despesa" time="0.504" /><testcase classname="tests.test_aurion_fiscal.TestApuracaoICMS" name="test_apuracao_icms_desconsiderados_card" time="0.502" /><testcase classname="tests.test_aurion_fiscal.TestApuracaoICMS" name="test_apuracao_icms_totals" time="0.542" /><testcase classname="tests.test_aurion_fiscal.TestDocumentCounts" name="test_document_counts" time="0.598" /></testsuite></testsuites>