<?xml version="1.0" encoding="utf-8"?><testsuites name="pytest tests"><testsuite name="pytest" errors="0" failures="2" skipped="0" tests="13" time="17.808" timestamp="2026-02-06T17:34:54.507423+00:00" hostname="agent-env-b60addc2-1d9a-4184-b826-198dfe00eed7"><testcase classname="backend.tests.test_cct_gestao.TestCCTManagement" name="test_01_auth_required_for_cct_upload" time="0.391" /><testcase classname="backend.tests.test_cct_gestao.TestCCTManagement" name="test_02_auth_required_for_cct_delete" time="0.318" /><testcase classname="backend.tests.test_cct_gestao.TestCCTManagement" name="test_03_auth_required_for_convencoes_vencimento" time="0.314" /><testcase classname="backend.tests.test_cct_gestao.TestCCTManagement" name="test_04_get_convencoes_vencimento_endpoint" time="0.277" /><testcase classname="backend.tests.test_cct_gestao.TestCCTManagement" name="test_05_cct_upload_requires_file" time="0.316" /><testcase classname="backend.tests.test_cct_gestao.TestCCTManagement" name="test_06_cct_upload_invalid_cliente" time="3.025" /><testcase classname="backend.tests.test_cct_gestao.TestCCTManagement" name="test_07_cct_delete_invalid_cliente" time="0.277" /><testcase classname="backend.tests.test_cct_gestao.TestCCTManagement" name="test_08_cct_delete_success" time="0.318" /><testcase classname="backend.tests.test_cct_gestao.TestCCTManagement" name="test_09_cliente_has_convencao_field" time="0.338" /><testcase classname="backend.tests.test_cct_gestao.TestValidacaoRescisaoWithCCT" name="test_01_etapa3_requires_auth" time="0.301" /><testcase classname="backend.tests.test_cct_gestao.TestValidacaoRescisaoWithCCT" name="test_02_etapa3_requires_cct_or_upload" time="0.346"><failure message="AssertionError: Expected 400, got 520: {&quot;detail&quot;:&quot;400: Nenhuma convenção coletiva informada. Faça o upload ou cadastre uma CCT para este cliente.&quot;}&#10;assert 520 == 400&#10; +  where 520 = &lt;Response [520]&gt;.status_code">backend/tests/test_cct_gestao.py:248: in test_02_etapa3_requires_cct_or_upload
    assert response.status_code == 400, f"Expected 400, got {response.status_code}: {response.text}"
E   AssertionError: Expected 400, got 520: {"detail":"400: Nenhuma convenção coletiva informada. Faça o upload ou cadastre uma CCT para este cliente."}
E   assert 520 == 400
E    +  where 520 = &lt;Response [520]&gt;.status_code</failure></testcase><testcase classname="backend.tests.test_cct_gestao.TestValidacaoRescisaoWithCCT" name="test_03_etapa3_invalid_cliente" time="0.312"><failure message="AssertionError: Expected 404, got 520: {&quot;detail&quot;:&quot;404: Cliente não encontrado&quot;}&#10;assert 520 == 404&#10; +  where 520 = &lt;Response [520]&gt;.status_code">backend/tests/test_cct_gestao.py:276: in test_03_etapa3_invalid_cliente
    assert response.status_code == 404, f"Expected 404, got {response.status_code}: {response.text}"
E   AssertionError: Expected 404, got 520: {"detail":"404: Cliente não encontrado"}
E   assert 520 == 404
E    +  where 520 = &lt;Response [520]&gt;.status_code</failure></testcase><testcase classname="backend.tests.test_cct_gestao.TestCCTUploadWithAI" name="test_01_cct_upload_with_sample_pdf" time="11.177" /></testsuite></testsuites>