<?xml version="1.0" encoding="utf-8"?><testsuites name="pytest tests"><testsuite name="pytest" errors="7" failures="0" skipped="0" tests="7" time="0.589" timestamp="2026-02-25T20:16:14.020143+00:00" hostname="agent-env-beae238e-03d9-46fb-a71d-8a6f9d9a5255"><testcase classname="tests.test_sieg_monitor.TestSiegMonitor" name="test_scheduler_status_endpoint" time="0.485"><error message="failed on setup with &quot;TypeError: 'NoneType' object is not subscriptable&quot;">tests/test_sieg_monitor.py:32: in setup_auth
    print(f"Auth token obtained: {TOKEN[:20]}...")
                                  ^^^^^^^^^^
E   TypeError: 'NoneType' object is not subscriptable</error></testcase><testcase classname="tests.test_sieg_monitor.TestSiegMonitor" name="test_sieg_painel_endpoint" time="0.000"><error message="failed on setup with &quot;TypeError: 'NoneType' object is not subscriptable&quot;">tests/test_sieg_monitor.py:32: in setup_auth
    print(f"Auth token obtained: {TOKEN[:20]}...")
                                  ^^^^^^^^^^
E   TypeError: 'NoneType' object is not subscriptable</error></testcase><testcase classname="tests.test_sieg_monitor.TestSiegMonitor" name="test_sieg_api_status" time="0.000"><error message="failed on setup with &quot;TypeError: 'NoneType' object is not subscriptable&quot;">tests/test_sieg_monitor.py:32: in setup_auth
    print(f"Auth token obtained: {TOKEN[:20]}...")
                                  ^^^^^^^^^^
E   TypeError: 'NoneType' object is not subscriptable</error></testcase><testcase classname="tests.test_sieg_monitor.TestSiegMonitor" name="test_sieg_painel_empresa" time="0.000"><error message="failed on setup with &quot;TypeError: 'NoneType' object is not subscriptable&quot;">tests/test_sieg_monitor.py:32: in setup_auth
    print(f"Auth token obtained: {TOKEN[:20]}...")
                                  ^^^^^^^^^^
E   TypeError: 'NoneType' object is not subscriptable</error></testcase><testcase classname="tests.test_sieg_monitor.TestSiegMonitor" name="test_sieg_historico" time="0.000"><error message="failed on setup with &quot;TypeError: 'NoneType' object is not subscriptable&quot;">tests/test_sieg_monitor.py:32: in setup_auth
    print(f"Auth token obtained: {TOKEN[:20]}...")
                                  ^^^^^^^^^^
E   TypeError: 'NoneType' object is not subscriptable</error></testcase><testcase classname="tests.test_sieg_monitor.TestSiegMonitor" name="test_sieg_cancelados" time="0.000"><error message="failed on setup with &quot;TypeError: 'NoneType' object is not subscriptable&quot;">tests/test_sieg_monitor.py:32: in setup_auth
    print(f"Auth token obtained: {TOKEN[:20]}...")
                                  ^^^^^^^^^^
E   TypeError: 'NoneType' object is not subscriptable</error></testcase><testcase classname="tests.test_sieg_monitor.TestSiegMonitor" name="test_sieg_config_save" time="0.000"><error message="failed on setup with &quot;TypeError: 'NoneType' object is not subscriptable&quot;">tests/test_sieg_monitor.py:32: in setup_auth
    print(f"Auth token obtained: {TOKEN[:20]}...")
                                  ^^^^^^^^^^
E   TypeError: 'NoneType' object is not subscriptable</error></testcase></testsuite></testsuites>