<?xml version="1.0" encoding="utf-8"?><testsuites name="pytest tests"><testsuite name="pytest" errors="0" failures="0" skipped="0" tests="9" time="38.934" timestamp="2026-02-06T15:11:47.630667+00:00" hostname="agent-env-dbc88913-748d-48dc-bb00-3f7d581b82ee"><testcase classname="backend.tests.test_colaboradores_import_ai.TestColaboradoresImportAI" name="test_login_success" time="0.287" /><testcase classname="backend.tests.test_colaboradores_import_ai.TestColaboradoresImportAI" name="test_import_txt_file_with_ai" time="8.071" /><testcase classname="backend.tests.test_colaboradores_import_ai.TestColaboradoresImportAI" name="test_import_pdf_file_with_ai" time="5.788" /><testcase classname="backend.tests.test_colaboradores_import_ai.TestColaboradoresImportAI" name="test_txt_extraction_distinguishes_employee_from_company" time="6.001" /><testcase classname="backend.tests.test_colaboradores_import_ai.TestColaboradoresImportAI" name="test_txt_extraction_all_additional_fields" time="6.099" /><testcase classname="backend.tests.test_colaboradores_import_ai.TestColaboradoresImportAI" name="test_import_requires_authentication" time="0.050" /><testcase classname="backend.tests.test_colaboradores_import_ai.TestColaboradoresImportAI" name="test_import_requires_file" time="0.037" /><testcase classname="backend.tests.test_colaboradores_import_ai.TestColaboradoresImportValidation" name="test_extracted_cpf_format" time="6.193" /><testcase classname="backend.tests.test_colaboradores_import_ai.TestColaboradoresImportValidation" name="test_extracted_salario_is_numeric" time="6.344" /></testsuite></testsuites>