<?xml version="1.0" encoding="utf-8"?><testsuites name="pytest tests"><testsuite name="pytest" errors="0" failures="1" skipped="0" tests="13" time="6.630" timestamp="2026-02-06T12:51:39.014112+00:00" hostname="agent-env-53b04d0e-527b-4328-b03f-4d794e2010ec"><testcase classname="backend.tests.test_proporcionalidade_vigencia.TestConvencaoAnalisar" name="test_analisar_requires_auth" time="0.073" /><testcase classname="backend.tests.test_proporcionalidade_vigencia.TestConvencaoAnalisar" name="test_analisar_returns_proporcionalidade_fields" time="5.506" /><testcase classname="backend.tests.test_proporcionalidade_vigencia.TestCalcularRetroativo" name="test_calcular_requires_auth" time="0.052" /><testcase classname="backend.tests.test_proporcionalidade_vigencia.TestCalcularRetroativo" name="test_calcular_requires_holerites" time="0.035" /><testcase classname="backend.tests.test_proporcionalidade_vigencia.TestCalcularRetroativo" name="test_calcular_requires_percentual_reajuste" time="0.480" /><testcase classname="backend.tests.test_proporcionalidade_vigencia.TestCalcularRetroativo" name="test_calcular_with_proporcionalidade_data" time="0.040"><failure message="AssertionError: Response should have dados_convencao&#10;assert 'dados_convencao' in {'alertas_piso': [], 'colaboradores_consolidado': [{'alertas_piso': [], 'cargo': '', 'cpf': '', 'data_admissao': '', ...}], 'id': '6068d83c-28fd-4e74-955e-104769babeae', 'impostos_excluidos': True, ...}">backend/tests/test_proporcionalidade_vigencia.py:228: in test_calcular_with_proporcionalidade_data
    assert "dados_convencao" in data, "Response should have dados_convencao"
E   AssertionError: Response should have dados_convencao
E   assert 'dados_convencao' in {'alertas_piso': [], 'colaboradores_consolidado': [{'alertas_piso': [], 'cargo': '', 'cpf': '', 'data_admissao': '', ...}], 'id': '6068d83c-28fd-4e74-955e-104769babeae', 'impostos_excluidos': True, ...}</failure></testcase><testcase classname="backend.tests.test_proporcionalidade_vigencia.TestExportarConvencaoPDF" name="test_export_pdf_requires_auth" time="0.032" /><testcase classname="backend.tests.test_proporcionalidade_vigencia.TestExportarConvencaoPDF" name="test_export_pdf_not_found" time="0.096" /><testcase classname="backend.tests.test_proporcionalidade_vigencia.TestExportarConvencaoPDF" name="test_export_pdf_from_existing_calculo" time="0.084" /><testcase classname="backend.tests.test_proporcionalidade_vigencia.TestListCalculosDissidio" name="test_list_requires_auth" time="0.032" /><testcase classname="backend.tests.test_proporcionalidade_vigencia.TestListCalculosDissidio" name="test_list_calculos" time="0.036" /><testcase classname="backend.tests.test_proporcionalidade_vigencia.TestProporcionalidadeCalculation" name="test_proporcionalidade_for_employee_after_data_base" time="0.040" /><testcase classname="backend.tests.test_proporcionalidade_vigencia.TestVigenciaFields" name="test_vigencia_fields_in_response" time="0.037" /></testsuite></testsuites>