<?xml version="1.0" encoding="utf-8"?><testsuites name="pytest tests"><testsuite name="pytest" errors="0" failures="0" skipped="0" tests="13" time="6.487" timestamp="2026-02-06T12:52:30.476095+00:00" hostname="agent-env-53b04d0e-527b-4328-b03f-4d794e2010ec"><testcase classname="backend.tests.test_proporcionalidade_vigencia.TestConvencaoAnalisar" name="test_analisar_requires_auth" time="0.071" /><testcase classname="backend.tests.test_proporcionalidade_vigencia.TestConvencaoAnalisar" name="test_analisar_returns_proporcionalidade_fields" time="5.371" /><testcase classname="backend.tests.test_proporcionalidade_vigencia.TestCalcularRetroativo" name="test_calcular_requires_auth" time="0.064" /><testcase classname="backend.tests.test_proporcionalidade_vigencia.TestCalcularRetroativo" name="test_calcular_requires_holerites" time="0.038" /><testcase classname="backend.tests.test_proporcionalidade_vigencia.TestCalcularRetroativo" name="test_calcular_requires_percentual_reajuste" time="0.469" /><testcase classname="backend.tests.test_proporcionalidade_vigencia.TestCalcularRetroativo" name="test_calcular_with_proporcionalidade_data" time="0.043" /><testcase classname="backend.tests.test_proporcionalidade_vigencia.TestExportarConvencaoPDF" name="test_export_pdf_requires_auth" time="0.035" /><testcase classname="backend.tests.test_proporcionalidade_vigencia.TestExportarConvencaoPDF" name="test_export_pdf_not_found" time="0.094" /><testcase classname="backend.tests.test_proporcionalidade_vigencia.TestExportarConvencaoPDF" name="test_export_pdf_from_existing_calculo" time="0.088" /><testcase classname="backend.tests.test_proporcionalidade_vigencia.TestListCalculosDissidio" name="test_list_requires_auth" time="0.037" /><testcase classname="backend.tests.test_proporcionalidade_vigencia.TestListCalculosDissidio" name="test_list_calculos" time="0.037" /><testcase classname="backend.tests.test_proporcionalidade_vigencia.TestProporcionalidadeCalculation" name="test_proporcionalidade_for_employee_after_data_base" time="0.038" /><testcase classname="backend.tests.test_proporcionalidade_vigencia.TestVigenciaFields" name="test_vigencia_fields_in_response" time="0.036" /></testsuite></testsuites>