<?xml version="1.0" encoding="utf-8"?><testsuites name="pytest tests"><testsuite name="pytest" errors="0" failures="0" skipped="0" tests="12" time="3.988" timestamp="2026-02-05T14:31:04.247648+00:00" hostname="agent-env-cdba2d6e-2061-4d1c-b942-2f91432c1abf"><testcase classname="backend.tests.test_iteration14_features.TestAuthentication" name="test_login_success" time="0.315" /><testcase classname="backend.tests.test_iteration14_features.TestTheFuzzLibrary" name="test_thefuzz_import" time="0.007" /><testcase classname="backend.tests.test_iteration14_features.TestTheFuzzLibrary" name="test_thefuzz_process" time="0.000" /><testcase classname="backend.tests.test_iteration14_features.TestSmartReclassifyEndpoint" name="test_smart_reclassify_endpoint_exists" time="2.437" /><testcase classname="backend.tests.test_iteration14_features.TestSmartReclassifyEndpoint" name="test_smart_reclassify_validation" time="0.048" /><testcase classname="backend.tests.test_iteration14_features.TestXMLUploadAddressExtraction" name="test_emitente_address_extracted" time="0.357" /><testcase classname="backend.tests.test_iteration14_features.TestXMLUploadAddressExtraction" name="test_destinatario_address_extracted" time="0.036" /><testcase classname="backend.tests.test_iteration14_features.TestSPEDFiscalExport" name="test_sped_export_endpoint_exists" time="0.316" /><testcase classname="backend.tests.test_iteration14_features.TestSPEDFiscalExport" name="test_sped_registro_0150_has_complete_data" time="0.040" /><testcase classname="backend.tests.test_iteration14_features.TestAPIEndpoints" name="test_api_health" time="0.034" /><testcase classname="backend.tests.test_iteration14_features.TestAPIEndpoints" name="test_companies_list" time="0.306" /><testcase classname="backend.tests.test_iteration14_features.TestAPIEndpoints" name="test_documents_list" time="0.038" /></testsuite></testsuites>