<?xml version="1.0" encoding="utf-8"?><testsuites name="pytest tests"><testsuite name="pytest" errors="0" failures="0" skipped="0" tests="8" time="2.833" timestamp="2026-02-05T19:19:56.622741+00:00" hostname="agent-env-16482043-4b92-475b-8c3e-5159d30c93aa"><testcase classname="backend.tests.test_medias.TestMediasEndpoints" name="test_login_success" time="0.567" /><testcase classname="backend.tests.test_medias.TestMediasEndpoints" name="test_get_medias_importacoes_endpoint_exists" time="0.274" /><testcase classname="backend.tests.test_medias.TestMediasEndpoints" name="test_post_medias_extrair_endpoint_exists" time="0.278" /><testcase classname="backend.tests.test_medias.TestMediasEndpoints" name="test_post_medias_salvar_endpoint_exists" time="0.277" /><testcase classname="backend.tests.test_medias.TestMediasEndpoints" name="test_post_medias_gerar_importacao_xlsx" time="0.475" /><testcase classname="backend.tests.test_medias.TestMediasEndpoints" name="test_post_medias_gerar_importacao_txt" time="0.282" /><testcase classname="backend.tests.test_medias.TestMediasEndpoints" name="test_post_medias_gerar_importacao_empty_funcionarios" time="0.316" /><testcase classname="backend.tests.test_medias.TestMediasEndpoints" name="test_get_clientes_for_medias" time="0.313" /></testsuite></testsuites>