<?xml version="1.0" encoding="utf-8"?><testsuites name="pytest tests"><testsuite name="pytest" errors="0" failures="0" skipped="0" tests="16" time="2.489" timestamp="2026-02-04T00:23:16.334809+00:00" hostname="agent-env-8dbedad2-33fa-4c2b-b8d8-3dd404ab27b0"><testcase classname="backend.tests.test_new_features.TestAuth" name="test_login_success" time="0.344" /><testcase classname="backend.tests.test_new_features.TestCompanies" name="test_list_companies" time="0.297" /><testcase classname="backend.tests.test_new_features.TestCompanies" name="test_get_company_by_id" time="0.072" /><testcase classname="backend.tests.test_new_features.TestCompanies" name="test_get_company_invalid_id" time="0.031" /><testcase classname="backend.tests.test_new_features.TestAnaliseTributariaIA" name="test_analise_tributaria_no_documents" time="0.336" /><testcase classname="backend.tests.test_new_features.TestAnaliseTributariaIA" name="test_analise_tributaria_invalid_company" time="0.033" /><testcase classname="backend.tests.test_new_features.TestReports" name="test_report_by_product" time="0.329" /><testcase classname="backend.tests.test_new_features.TestReports" name="test_report_by_product_with_competencia" time="0.037" /><testcase classname="backend.tests.test_new_features.TestReports" name="test_report_by_ncm" time="0.041" /><testcase classname="backend.tests.test_new_features.TestReports" name="test_report_invalid_company" time="0.036" /><testcase classname="backend.tests.test_new_features.TestXMLUpload" name="test_xml_documents_list" time="0.348" /><testcase classname="backend.tests.test_new_features.TestXMLUpload" name="test_xml_documents_with_company_filter" time="0.077" /><testcase classname="backend.tests.test_new_features.TestXMLUpload" name="test_xml_documents_with_competencia_filter" time="0.034" /><testcase classname="backend.tests.test_new_features.TestReclassificationAI" name="test_reclassification_documents" time="0.341" /><testcase classname="backend.tests.test_new_features.TestReclassificationAI" name="test_reclassification_products" time="0.035" /><testcase classname="backend.tests.test_new_features.TestReclassificationAI" name="test_learned_rules" time="0.035" /></testsuite></testsuites>