<?xml version="1.0" encoding="utf-8"?><testsuites name="pytest tests"><testsuite name="pytest" errors="0" failures="0" skipped="1" tests="11" time="6.933" timestamp="2026-02-08T03:57:14.562426+00:00" hostname="agent-env-dac56870-833f-41b3-9b9d-1aef24c0de9e"><testcase classname="backend.tests.test_sped_apuracao_consistency.TestSpedApuracaoConsistency" name="test_01_authentication_working" time="0.342" /><testcase classname="backend.tests.test_sped_apuracao_consistency.TestSpedApuracaoConsistency" name="test_02_company_exists" time="0.296" /><testcase classname="backend.tests.test_sped_apuracao_consistency.TestSpedApuracaoConsistency" name="test_03_apuracao_periodo_endpoint_works" time="0.678" /><testcase classname="backend.tests.test_sped_apuracao_consistency.TestSpedApuracaoConsistency" name="test_04_sped_validar_endpoint_works" time="0.530" /><testcase classname="backend.tests.test_sped_apuracao_consistency.TestSpedApuracaoConsistency" name="test_05_total_entradas_consistency" time="0.859" /><testcase classname="backend.tests.test_sped_apuracao_consistency.TestSpedApuracaoConsistency" name="test_06_total_saidas_consistency" time="0.899" /><testcase classname="backend.tests.test_sped_apuracao_consistency.TestSpedApuracaoConsistency" name="test_07_pis_cofins_consistency" time="0.848" /><testcase classname="backend.tests.test_sped_apuracao_consistency.TestSpedApuracaoConsistency" name="test_08_cfop_count_consistency" time="0.834" /><testcase classname="backend.tests.test_sped_apuracao_consistency.TestSpedApuracaoConsistency" name="test_09_cancelled_notes_excluded" time="0.345"><skipped type="pytest.skip" message="Could not fetch documents to check for cancelled notes">/app/backend/tests/test_sped_apuracao_consistency.py:257: Could not fetch documents to check for cancelled notes</skipped></testcase><testcase classname="backend.tests.test_sped_apuracao_consistency.TestSpedApuracaoConsistency" name="test_10_different_competencia" time="0.357" /><testcase classname="backend.tests.test_sped_apuracao_consistency.TestSpedApuracaoConsistency" name="test_11_cfop_values_match" time="0.875" /></testsuite></testsuites>