<?xml version="1.0" encoding="utf-8"?><testsuites name="pytest tests"><testsuite name="pytest" errors="0" failures="0" skipped="0" tests="13" time="2.310" timestamp="2026-02-04T02:08:20.313450+00:00" hostname="agent-env-f4a6f4d5-55df-4a77-8db5-4db20b1b1cfc"><testcase classname="backend.tests.test_iteration9_features.TestAuth" name="test_login_success" time="0.279" /><testcase classname="backend.tests.test_iteration9_features.TestAnaliseAliquotasSaida" name="test_analise_aliquotas_saida_endpoint_exists" time="0.333" /><testcase classname="backend.tests.test_iteration9_features.TestAnaliseAliquotasSaida" name="test_analise_aliquotas_saida_response_structure" time="0.035" /><testcase classname="backend.tests.test_iteration9_features.TestAnaliseAliquotasSaida" name="test_analise_aliquotas_resumo_alertas_structure" time="0.036" /><testcase classname="backend.tests.test_iteration9_features.TestAnaliseAliquotasSaida" name="test_analise_aliquotas_produto_structure" time="0.037" /><testcase classname="backend.tests.test_iteration9_features.TestCompanyEdit" name="test_put_company_endpoint_exists" time="0.326" /><testcase classname="backend.tests.test_iteration9_features.TestCompanyEdit" name="test_update_codigo_empresa" time="0.072" /><testcase classname="backend.tests.test_iteration9_features.TestCompanyEdit" name="test_update_razao_social" time="0.116" /><testcase classname="backend.tests.test_iteration9_features.TestDeleteDocuments" name="test_delete_document_endpoint_exists" time="0.298" /><testcase classname="backend.tests.test_iteration9_features.TestDeleteDocuments" name="test_delete_competencia_endpoint_exists" time="0.070" /><testcase classname="backend.tests.test_iteration9_features.TestReportsFilter" name="test_reports_by_product_endpoint" time="0.334" /><testcase classname="backend.tests.test_iteration9_features.TestReportsFilter" name="test_reports_by_ncm_endpoint" time="0.037" /><testcase classname="backend.tests.test_iteration9_features.TestCompaniesListWithCodigo" name="test_companies_list_has_codigo_empresa_field" time="0.288" /></testsuite></testsuites>