<?xml version="1.0" encoding="utf-8"?><testsuites name="pytest tests"><testsuite name="pytest" errors="0" failures="13" skipped="0" tests="17" time="4.478" timestamp="2026-02-14T22:34:18.157396+00:00" hostname="agent-env-6660c553-7ccb-4171-a50b-17a0610b8e4d"><testcase classname="tests.test_bulk_delete_batch_processing.TestPreviewDeleteDocuments" name="test_preview_delete_basic_filters" time="0.828"><failure message="AssertionError: Expected 200, got 422: {&quot;detail&quot;:[{&quot;type&quot;:&quot;missing&quot;,&quot;loc&quot;:[&quot;body&quot;,&quot;tipo_operacao&quot;],&quot;msg&quot;:&quot;Field required&quot;,&quot;input&quot;:{&quot;company_id&quot;:&quot;d7f30ea1-9df3-4124-a561-12984ffff64b&quot;,&quot;competencia&quot;:&quot;01/2026&quot;},&quot;url&quot;:&quot;https://errors.pydantic.dev/2.12/v/missing&quot;},{&quot;type&quot;:&quot;missing&quot;,&quot;loc&quot;:[&quot;body&quot;,&quot;tipo_documento&quot;],&quot;msg&quot;:&quot;Field required&quot;,&quot;input&quot;:{&quot;company_id&quot;:&quot;d7f30ea1-9df3-4124-a561-12984ffff64b&quot;,&quot;competencia&quot;:&quot;01/2026&quot;},&quot;url&quot;:&quot;https://errors.pydantic.dev/2.12/v/missing&quot;}]}&#10;assert 422 == 200&#10; +  where 422 = &lt;Response [422]&gt;.status_code">tests/test_bulk_delete_batch_processing.py:95: in test_preview_delete_basic_filters
    assert response.status_code == 200, f"Expected 200, got {response.status_code}: {response.text}"
E   AssertionError: Expected 200, got 422: {"detail":[{"type":"missing","loc":["body","tipo_operacao"],"msg":"Field required","input":{"company_id":"d7f30ea1-9df3-4124-a561-12984ffff64b","competencia":"01/2026"},"url":"https://errors.pydantic.dev/2.12/v/missing"},{"type":"missing","loc":["body","tipo_documento"],"msg":"Field required","input":{"company_id":"d7f30ea1-9df3-4124-a561-12984ffff64b","competencia":"01/2026"},"url":"https://errors.pydantic.dev/2.12/v/missing"}]}
E   assert 422 == 200
E    +  where 422 = &lt;Response [422]&gt;.status_code</failure></testcase><testcase classname="tests.test_bulk_delete_batch_processing.TestPreviewDeleteDocuments" name="test_preview_delete_with_tipo_operacao" time="0.122"><failure message="AssertionError: Expected 200 for tipo=entrada, got 422&#10;assert 422 == 200&#10; +  where 422 = &lt;Response [422]&gt;.status_code">tests/test_bulk_delete_batch_processing.py:123: in test_preview_delete_with_tipo_operacao
    assert response.status_code == 200, f"Expected 200 for tipo={tipo}, got {response.status_code}"
E   AssertionError: Expected 200 for tipo=entrada, got 422
E   assert 422 == 200
E    +  where 422 = &lt;Response [422]&gt;.status_code</failure></testcase><testcase classname="tests.test_bulk_delete_batch_processing.TestPreviewDeleteDocuments" name="test_preview_delete_with_tipo_documento" time="0.111"><failure message="AssertionError: Expected 200 for tipo_doc=55, got 422&#10;assert 422 == 200&#10; +  where 422 = &lt;Response [422]&gt;.status_code">tests/test_bulk_delete_batch_processing.py:143: in test_preview_delete_with_tipo_documento
    assert response.status_code == 200, f"Expected 200 for tipo_doc={tipo_doc}, got {response.status_code}"
E   AssertionError: Expected 200 for tipo_doc=55, got 422
E   assert 422 == 200
E    +  where 422 = &lt;Response [422]&gt;.status_code</failure></testcase><testcase classname="tests.test_bulk_delete_batch_processing.TestPreviewDeleteDocuments" name="test_preview_delete_invalid_company" time="0.122"><failure message="AssertionError: Expected 404 for invalid company, got 422&#10;assert 422 == 404&#10; +  where 422 = &lt;Response [422]&gt;.status_code">tests/test_bulk_delete_batch_processing.py:159: in test_preview_delete_invalid_company
    assert response.status_code == 404, f"Expected 404 for invalid company, got {response.status_code}"
E   AssertionError: Expected 404 for invalid company, got 422
E   assert 422 == 404
E    +  where 422 = &lt;Response [422]&gt;.status_code</failure></testcase><testcase classname="tests.test_bulk_delete_batch_processing.TestPreviewDeleteDocuments" name="test_preview_delete_response_structure_large_volume" time="0.114"><failure message="assert 422 == 200&#10; +  where 422 = &lt;Response [422]&gt;.status_code">tests/test_bulk_delete_batch_processing.py:176: in test_preview_delete_response_structure_large_volume
    assert response.status_code == 200
E   assert 422 == 200
E    +  where 422 = &lt;Response [422]&gt;.status_code</failure></testcase><testcase classname="tests.test_bulk_delete_batch_processing.TestDeleteDocumentsBulk" name="test_delete_bulk_no_documents_found" time="0.155"><failure message="AssertionError: Expected 200, got 422: {&quot;detail&quot;:[{&quot;type&quot;:&quot;missing&quot;,&quot;loc&quot;:[&quot;body&quot;,&quot;tipo_operacao&quot;],&quot;msg&quot;:&quot;Field required&quot;,&quot;input&quot;:{&quot;company_id&quot;:&quot;d7f30ea1-9df3-4124-a561-12984ffff64b&quot;,&quot;competencia&quot;:&quot;12/2030&quot;},&quot;url&quot;:&quot;https://errors.pydantic.dev/2.12/v/missing&quot;},{&quot;type&quot;:&quot;missing&quot;,&quot;loc&quot;:[&quot;body&quot;,&quot;tipo_documento&quot;],&quot;msg&quot;:&quot;Field required&quot;,&quot;input&quot;:{&quot;company_id&quot;:&quot;d7f30ea1-9df3-4124-a561-12984ffff64b&quot;,&quot;competencia&quot;:&quot;12/2030&quot;},&quot;url&quot;:&quot;https://errors.pydantic.dev/2.12/v/missing&quot;}]}&#10;assert 422 == 200&#10; +  where 422 = &lt;Response [422]&gt;.status_code">tests/test_bulk_delete_batch_processing.py:207: in test_delete_bulk_no_documents_found
    assert response.status_code == 200, f"Expected 200, got {response.status_code}: {response.text}"
E   AssertionError: Expected 200, got 422: {"detail":[{"type":"missing","loc":["body","tipo_operacao"],"msg":"Field required","input":{"company_id":"d7f30ea1-9df3-4124-a561-12984ffff64b","competencia":"12/2030"},"url":"https://errors.pydantic.dev/2.12/v/missing"},{"type":"missing","loc":["body","tipo_documento"],"msg":"Field required","input":{"company_id":"d7f30ea1-9df3-4124-a561-12984ffff64b","competencia":"12/2030"},"url":"https://errors.pydantic.dev/2.12/v/missing"}]}
E   assert 422 == 200
E    +  where 422 = &lt;Response [422]&gt;.status_code</failure></testcase><testcase classname="tests.test_bulk_delete_batch_processing.TestDeleteDocumentsBulk" name="test_delete_bulk_invalid_company" time="0.131"><failure message="AssertionError: Expected 404 for invalid company, got 422&#10;assert 422 == 404&#10; +  where 422 = &lt;Response [422]&gt;.status_code">tests/test_bulk_delete_batch_processing.py:226: in test_delete_bulk_invalid_company
    assert response.status_code == 404, f"Expected 404 for invalid company, got {response.status_code}"
E   AssertionError: Expected 404 for invalid company, got 422
E   assert 422 == 404
E    +  where 422 = &lt;Response [422]&gt;.status_code</failure></testcase><testcase classname="tests.test_bulk_delete_batch_processing.TestDeleteDocumentsBulk" name="test_delete_bulk_response_structure" time="0.114"><failure message="assert 422 == 200&#10; +  where 422 = &lt;Response [422]&gt;.status_code">tests/test_bulk_delete_batch_processing.py:243: in test_delete_bulk_response_structure
    assert response.status_code == 200
E   assert 422 == 200
E    +  where 422 = &lt;Response [422]&gt;.status_code</failure></testcase><testcase classname="tests.test_bulk_delete_batch_processing.TestDeleteDocumentsBulk" name="test_delete_bulk_with_specific_document_ids" time="0.105"><failure message="AssertionError: Expected 200, got 422&#10;assert 422 == 200&#10; +  where 422 = &lt;Response [422]&gt;.status_code">tests/test_bulk_delete_batch_processing.py:268: in test_delete_bulk_with_specific_document_ids
    assert response.status_code == 200, f"Expected 200, got {response.status_code}"
E   AssertionError: Expected 200, got 422
E   assert 422 == 200
E    +  where 422 = &lt;Response [422]&gt;.status_code</failure></testcase><testcase classname="tests.test_bulk_delete_batch_processing.TestDeleteDocumentsByCompetencia" name="test_delete_by_competencia_basic" time="1.364" /><testcase classname="tests.test_bulk_delete_batch_processing.TestDeleteDocumentsByCompetencia" name="test_delete_by_competencia_with_tipo" time="0.242" /><testcase classname="tests.test_bulk_delete_batch_processing.TestDeleteDocumentsByCompetencia" name="test_delete_by_competencia_with_status" time="0.126" /><testcase classname="tests.test_bulk_delete_batch_processing.TestDeleteDocumentsByCompetencia" name="test_delete_by_competencia_invalid_company" time="0.110" /><testcase classname="tests.test_bulk_delete_batch_processing.TestBulkDeletePerformance" name="test_preview_delete_response_time" time="0.350"><failure message="AssertionError: Request failed: 422&#10;assert 422 == 200&#10; +  where 422 = &lt;Response [422]&gt;.status_code">tests/test_bulk_delete_batch_processing.py:353: in test_preview_delete_response_time
    assert response.status_code == 200, f"Request failed: {response.status_code}"
E   AssertionError: Request failed: 422
E   assert 422 == 200
E    +  where 422 = &lt;Response [422]&gt;.status_code</failure></testcase><testcase classname="tests.test_bulk_delete_batch_processing.TestBulkDeletePerformance" name="test_delete_bulk_response_time" time="0.114"><failure message="AssertionError: Request failed: 422&#10;assert 422 == 200&#10; +  where 422 = &lt;Response [422]&gt;.status_code">tests/test_bulk_delete_batch_processing.py:377: in test_delete_bulk_response_time
    assert response.status_code == 200, f"Request failed: {response.status_code}"
E   AssertionError: Request failed: 422
E   assert 422 == 200
E    +  where 422 = &lt;Response [422]&gt;.status_code</failure></testcase><testcase classname="tests.test_bulk_delete_batch_processing.TestCreateAndDeleteBulkDocuments" name="test_create_and_delete_documents_integration" time="0.108"><failure message="assert 422 == 200&#10; +  where 422 = &lt;Response [422]&gt;.status_code">tests/test_bulk_delete_batch_processing.py:411: in test_create_and_delete_documents_integration
    assert response.status_code == 200
E   assert 422 == 200
E    +  where 422 = &lt;Response [422]&gt;.status_code</failure></testcase><testcase classname="tests.test_bulk_delete_batch_processing.TestCacheInvalidation" name="test_cache_invalidation_after_delete_bulk" time="0.110"><failure message="AssertionError: Delete failed: 422&#10;assert 422 == 200&#10; +  where 422 = &lt;Response [422]&gt;.status_code">tests/test_bulk_delete_batch_processing.py:452: in test_cache_invalidation_after_delete_bulk
    assert response.status_code == 200, f"Delete failed: {response.status_code}"
E   AssertionError: Delete failed: 422
E   assert 422 == 200
E    +  where 422 = &lt;Response [422]&gt;.status_code</failure></testcase></testsuite></testsuites>