<?xml version="1.0" encoding="utf-8"?><testsuites name="pytest tests"><testsuite name="pytest" errors="0" failures="0" skipped="0" tests="8" time="2.744" timestamp="2026-02-05T14:25:08.298819+00:00" hostname="agent-env-4a6cdcbe-bf11-4bff-a06e-a60b07928271"><testcase classname="tests.test_cadastros.TestCadastrosGClick" name="test_gclick_endpoint_exists" time="0.814" /><testcase classname="tests.test_cadastros.TestCadastrosGClick" name="test_gclick_cadastro_direto_with_valid_data" time="0.533" /><testcase classname="tests.test_cadastros.TestCadastrosGClick" name="test_gclick_cadastro_without_auth" time="0.093" /><testcase classname="tests.test_cadastros.TestCadastrosGClick" name="test_gclick_cadastro_with_minimal_data" time="0.604" /><testcase classname="tests.test_cadastros.TestCadastrosGClick" name="test_gclick_cadastro_with_cpf" time="0.519" /><testcase classname="tests.test_cadastros.TestAuthEndpoint" name="test_login_success" time="0.040" /><testcase classname="tests.test_cadastros.TestAuthEndpoint" name="test_login_invalid_credentials" time="0.039" /><testcase classname="tests.test_cadastros.TestHealthEndpoint" name="test_health_check" time="0.039" /></testsuite></testsuites>