<?xml version="1.0" encoding="utf-8"?><testsuites name="pytest tests"><testsuite name="pytest" errors="0" failures="0" skipped="0" tests="16" time="3.391" timestamp="2026-02-20T17:40:03.199122+00:00" hostname="agent-env-c37bba4e-a83c-4f07-a902-8592c47c9baf"><testcase classname="tests.test_cfop_transferencia.TestCfopTransferencia" name="test_cfops_transferencia_saida_incluidos" time="0.000" /><testcase classname="tests.test_cfop_transferencia.TestCfopTransferencia" name="test_cfops_transferencia_entrada_incluidos" time="0.000" /><testcase classname="tests.test_cfop_transferencia.TestCfopTransferencia" name="test_cfops_nao_transferencia" time="0.000" /><testcase classname="tests.test_cfop_transferencia.TestCfopOperacoesDistintas" name="test_cfops_transferencia_nao_em_operacoes_distintas_upload" time="0.007" /><testcase classname="tests.test_cfop_transferencia.TestCstTransferencia" name="test_cst_entrada_transferencia" time="0.000" /><testcase classname="tests.test_cfop_transferencia.TestCstTransferencia" name="test_cst_saida_transferencia" time="0.000" /><testcase classname="tests.test_cfop_transferencia.TestConversaoCfop" name="test_conversao_5152_para_1152" time="0.000" /><testcase classname="tests.test_cfop_transferencia.TestConversaoCfop" name="test_conversao_5409_para_1409" time="0.000" /><testcase classname="tests.test_cfop_transferencia.TestConversaoCfop" name="test_conversao_6152_para_2152" time="0.000" /><testcase classname="tests.test_transferencia_alertas.TestIsOfopTransferencia" name="test_all_saida_cfops_are_transfer" time="0.000" /><testcase classname="tests.test_transferencia_alertas.TestIsOfopTransferencia" name="test_all_entrada_cfops_are_transfer" time="0.000" /><testcase classname="tests.test_transferencia_alertas.TestIsOfopTransferencia" name="test_normal_cfops_not_transfer" time="0.000" /><testcase classname="tests.test_transferencia_alertas.TestCalcCstPisCofins" name="test_transfer_entrada_returns_cst_98" time="2.080" /><testcase classname="tests.test_transferencia_alertas.TestCalcCstPisCofins" name="test_transfer_saida_returns_cst_49" time="0.000" /><testcase classname="tests.test_transferencia_alertas.TestAlertasCfopApi" name="test_alertas_cfop_excludes_transfer_cfops" time="0.652" /><testcase classname="tests.test_transferencia_alertas.TestAlertasCfopApi" name="test_alertas_cfop_agrupado_excludes_transfer_cfops" time="0.590" /></testsuite></testsuites>