<?xml version="1.0" encoding="utf-8"?><testsuites name="pytest tests"><testsuite name="pytest" errors="0" failures="3" skipped="0" tests="18" time="4.947" timestamp="2026-02-18T12:51:00.475591+00:00" hostname="agent-env-8c421c20-be44-4744-b90a-9d3245128c0c"><testcase classname="backend.tests.test_validadores_icms_piscofins.TestValidadorICMSPorProduto" name="test_endpoint_returns_200" time="0.705" /><testcase classname="backend.tests.test_validadores_icms_piscofins.TestValidadorICMSPorProduto" name="test_response_has_required_structure" time="0.315" /><testcase classname="backend.tests.test_validadores_icms_piscofins.TestValidadorICMSPorProduto" name="test_products_have_tipo_operacao" time="0.406" /><testcase classname="backend.tests.test_validadores_icms_piscofins.TestValidadorICMSPorProduto" name="test_products_have_is_st" time="0.300" /><testcase classname="backend.tests.test_validadores_icms_piscofins.TestValidadorICMSPorProduto" name="test_products_have_uf_destino" time="0.292" /><testcase classname="backend.tests.test_validadores_icms_piscofins.TestValidadorICMSRegras" name="test_get_regras" time="0.112" /><testcase classname="backend.tests.test_validadores_icms_piscofins.TestValidadorICMSRegras" name="test_post_regra_with_excecoes" time="0.249" /><testcase classname="backend.tests.test_validadores_icms_piscofins.TestValidadorICMSRegras" name="test_excecoes_structure_validation" time="0.121" /><testcase classname="backend.tests.test_validadores_icms_piscofins.TestValidadorICMSExceptionApplication" name="test_exception_applied_to_product_description" time="0.413" /><testcase classname="backend.tests.test_validadores_icms_piscofins.TestValidadorPisCofinsPorCfop" name="test_endpoint_returns_200" time="0.114"><failure message="AssertionError: Expected 200, got 404: {&quot;detail&quot;:&quot;Not Found&quot;}&#10;assert 404 == 200&#10; +  where 404 = &lt;Response [404]&gt;.status_code">backend/tests/test_validadores_icms_piscofins.py:343: in test_endpoint_returns_200
    assert response.status_code == 200, f"Expected 200, got {response.status_code}: {response.text}"
E   AssertionError: Expected 200, got 404: {"detail":"Not Found"}
E   assert 404 == 200
E    +  where 404 = &lt;Response [404]&gt;.status_code</failure></testcase><testcase classname="backend.tests.test_validadores_icms_piscofins.TestValidadorPisCofinsPorCfop" name="test_response_separates_entradas_saidas" time="0.109"><failure message="AssertionError: Response must have 'entradas' field&#10;assert 'entradas' in {'detail': 'Not Found'}">backend/tests/test_validadores_icms_piscofins.py:355: in test_response_separates_entradas_saidas
    assert "entradas" in data, "Response must have 'entradas' field"
E   AssertionError: Response must have 'entradas' field
E   assert 'entradas' in {'detail': 'Not Found'}</failure></testcase><testcase classname="backend.tests.test_validadores_icms_piscofins.TestValidadorPisCofinsPorCfop" name="test_cfop_items_have_required_fields" time="0.152"><failure message="KeyError: 'entradas'">backend/tests/test_validadores_icms_piscofins.py:376: in test_cfop_items_have_required_fields
    if data["entradas"]:
       ^^^^^^^^^^^^^^^^
E   KeyError: 'entradas'</failure></testcase><testcase classname="backend.tests.test_validadores_icms_piscofins.TestValidadorPisCofinsPorNCM" name="test_endpoint_returns_200" time="0.292" /><testcase classname="backend.tests.test_validadores_icms_piscofins.TestValidadorPisCofinsPorNCM" name="test_ncms_have_aliquota_pis_cofins" time="0.280" /><testcase classname="backend.tests.test_validadores_icms_piscofins.TestValidadorPisCofinsRegras" name="test_get_regras" time="0.143" /><testcase classname="backend.tests.test_validadores_icms_piscofins.TestValidadorPisCofinsRegras" name="test_post_regra" time="0.240" /><testcase classname="backend.tests.test_validadores_icms_piscofins.TestValidadorPisCofinsRegras" name="test_put_regra" time="0.361" /><testcase classname="backend.tests.test_validadores_icms_piscofins.TestValidadorPisCofinsRegras" name="test_delete_regra" time="0.238" /></testsuite></testsuites>