<?xml version="1.0" encoding="utf-8"?><testsuites name="pytest tests"><testsuite name="pytest" errors="0" failures="3" skipped="0" tests="8" time="3.109" timestamp="2026-02-05T19:17:51.227205+00:00" hostname="agent-env-16482043-4b92-475b-8c3e-5159d30c93aa"><testcase classname="backend.tests.test_medias.TestMediasEndpoints" name="test_login_success" time="0.602" /><testcase classname="backend.tests.test_medias.TestMediasEndpoints" name="test_get_medias_importacoes_endpoint_exists" time="0.281"><failure message="AssertionError: assert False&#10; +  where False = isinstance({'colaborador_id': 'importacoes', 'media_calculada': 0, 'medias': []}, list)">backend/tests/test_medias.py:52: in test_get_medias_importacoes_endpoint_exists
    assert isinstance(data, list)
E   AssertionError: assert False
E    +  where False = isinstance({'colaborador_id': 'importacoes', 'media_calculada': 0, 'medias': []}, list)</failure></testcase><testcase classname="backend.tests.test_medias.TestMediasEndpoints" name="test_post_medias_extrair_endpoint_exists" time="0.314" /><testcase classname="backend.tests.test_medias.TestMediasEndpoints" name="test_post_medias_salvar_endpoint_exists" time="0.310"><failure message="assert 520 == 400&#10; +  where 520 = &lt;Response [520]&gt;.status_code">backend/tests/test_medias.py:70: in test_post_medias_salvar_endpoint_exists
    assert response.status_code == 400
E   assert 520 == 400
E    +  where 520 = &lt;Response [520]&gt;.status_code</failure></testcase><testcase classname="backend.tests.test_medias.TestMediasEndpoints" name="test_post_medias_gerar_importacao_xlsx" time="0.652" /><testcase classname="backend.tests.test_medias.TestMediasEndpoints" name="test_post_medias_gerar_importacao_txt" time="0.277" /><testcase classname="backend.tests.test_medias.TestMediasEndpoints" name="test_post_medias_gerar_importacao_empty_funcionarios" time="0.273"><failure message="assert 520 == 400&#10; +  where 520 = &lt;Response [520]&gt;.status_code">backend/tests/test_medias.py:166: in test_post_medias_gerar_importacao_empty_funcionarios
    assert response.status_code == 400
E   assert 520 == 400
E    +  where 520 = &lt;Response [520]&gt;.status_code</failure></testcase><testcase classname="backend.tests.test_medias.TestMediasEndpoints" name="test_get_clientes_for_medias" time="0.271" /></testsuite></testsuites>