<?xml version="1.0" encoding="utf-8"?><testsuites name="pytest tests"><testsuite name="pytest" errors="0" failures="0" skipped="0" tests="15" time="37.108" timestamp="2026-02-09T16:33:09.801769+00:00" hostname="agent-env-66ea0756-95ab-4ece-af4f-1bf4d95bc676"><testcase classname="backend.tests.test_iteration38_features.TestDocumentDetail" name="test_get_document_list_first" time="1.947" /><testcase classname="backend.tests.test_iteration38_features.TestDocumentDetail" name="test_get_document_detail_structure" time="1.736" /><testcase classname="backend.tests.test_iteration38_features.TestDocumentDetail" name="test_get_document_not_found" time="0.044" /><testcase classname="backend.tests.test_iteration38_features.TestSingleProductClassification" name="test_classify_single_product_endpoint_exists" time="0.040" /><testcase classname="backend.tests.test_iteration38_features.TestSingleProductClassification" name="test_classify_single_product_success" time="1.668" /><testcase classname="backend.tests.test_iteration38_features.TestSingleProductClassification" name="test_classify_single_product_invalid_index" time="1.617" /><testcase classname="backend.tests.test_iteration38_features.TestPisCofinsApuracao" name="test_apuracao_structure_lucro_real_presumido" time="1.916" /><testcase classname="backend.tests.test_iteration38_features.TestPisCofinsDivergencias" name="test_divergencias_only_saida" time="1.381" /><testcase classname="backend.tests.test_iteration38_features.TestPisCofinsDivergencias" name="test_divergencias_for_presumido_company" time="0.126" /><testcase classname="backend.tests.test_iteration38_features.TestInteligenciaTributaria" name="test_inteligencia_tributaria_structure" time="0.547" /><testcase classname="backend.tests.test_iteration38_features.TestInteligenciaTributaria" name="test_presumido_has_pis_cofins" time="0.104" /><testcase classname="backend.tests.test_iteration38_features.TestInteligenciaTributaria" name="test_melhor_regime_calculation" time="0.102" /><testcase classname="backend.tests.test_iteration38_features.TestCfopPorCategoria" name="test_cfop_mapping_via_classify_single" time="1.889" /><testcase classname="backend.tests.test_iteration38_features.TestIACommandClassification" name="test_ia_command_endpoint_exists" time="13.704" /><testcase classname="backend.tests.test_iteration38_features.TestIACommandClassification" name="test_ia_command_updates_cfop" time="10.196" /></testsuite></testsuites>