<?xml version="1.0" encoding="utf-8"?><testsuites name="pytest tests"><testsuite name="pytest" errors="0" failures="0" skipped="0" tests="6" time="2.269" timestamp="2026-02-18T20:44:09.235847+00:00" hostname="agent-env-11ad171d-5d20-43dd-a326-6951498c00bb"><testcase classname="backend.tests.test_grupo_consolidado.TestGrupoInfo" name="test_grupo_info_matriz_empresa" time="0.655" /><testcase classname="backend.tests.test_grupo_consolidado.TestGrupoInfo" name="test_grupo_info_invalid_company" time="0.335" /><testcase classname="backend.tests.test_grupo_consolidado.TestImpostosGrupo" name="test_impostos_grupo_with_competencia" time="0.736" /><testcase classname="backend.tests.test_grupo_consolidado.TestImpostosGrupo" name="test_impostos_grupo_missing_competencia" time="0.156" /><testcase classname="backend.tests.test_grupo_consolidado.TestImpostosGrupo" name="test_impostos_grupo_invalid_company" time="0.161" /><testcase classname="backend.tests.test_grupo_consolidado.TestGruposEmpresariaisEndpoints" name="test_list_grupos_empresariais" time="0.158" /></testsuite></testsuites>