<?xml version="1.0" encoding="utf-8"?><testsuites name="pytest tests"><testsuite name="pytest" errors="0" failures="0" skipped="0" tests="8" time="4.581" timestamp="2026-02-12T02:35:50.666096+00:00" hostname="agent-env-2a1913c6-d45e-4b83-884d-75915af468fd"><testcase classname="backend.tests.test_wizard_empresa.TestWizardEmpresa" name="test_01_create_company_via_wizard" time="0.488" /><testcase classname="backend.tests.test_wizard_empresa.TestWizardEmpresa" name="test_02_edit_company_via_wizard" time="0.443" /><testcase classname="backend.tests.test_wizard_empresa.TestProdutosSemCreditoICMS" name="test_03_produtos_sem_credito_icms_impact" time="0.355" /><testcase classname="backend.tests.test_wizard_empresa.TestPercentualPresuncaoLucroPresumido" name="test_04_percentual_presuncao_irpj_impact" time="0.651" /><testcase classname="backend.tests.test_wizard_empresa.TestClassificacaoInteligente" name="test_05_classificacao_inteligente_keywords" time="0.544" /><testcase classname="backend.tests.test_wizard_empresa.TestAnexosSimplesNacional" name="test_06_anexos_simples_nacional" time="0.310" /><testcase classname="backend.tests.test_wizard_empresa.TestTipoAtividade" name="test_07_tipo_atividade_fields" time="0.682" /><testcase classname="backend.tests.test_wizard_empresa.TestTipoEstabelecimentoBeneficio" name="test_08_tipo_estabelecimento_beneficio" time="1.021" /></testsuite></testsuites>