<?xml version="1.0" encoding="utf-8"?><testsuites name="pytest tests"><testsuite name="pytest" errors="0" failures="0" skipped="0" tests="17" time="4.614" timestamp="2026-02-14T22:35:34.128322+00:00" hostname="agent-env-6660c553-7ccb-4171-a50b-17a0610b8e4d"><testcase classname="tests.test_bulk_delete_batch_processing.TestPreviewDeleteDocuments" name="test_preview_delete_basic_filters" time="0.757" /><testcase classname="tests.test_bulk_delete_batch_processing.TestPreviewDeleteDocuments" name="test_preview_delete_with_tipo_operacao" time="0.309" /><testcase classname="tests.test_bulk_delete_batch_processing.TestPreviewDeleteDocuments" name="test_preview_delete_with_tipo_documento" time="0.422" /><testcase classname="tests.test_bulk_delete_batch_processing.TestPreviewDeleteDocuments" name="test_preview_delete_invalid_company" time="0.134" /><testcase classname="tests.test_bulk_delete_batch_processing.TestPreviewDeleteDocuments" name="test_preview_delete_response_structure_large_volume" time="0.129" /><testcase classname="tests.test_bulk_delete_batch_processing.TestDeleteDocumentsBulk" name="test_delete_bulk_no_documents_found" time="0.156" /><testcase classname="tests.test_bulk_delete_batch_processing.TestDeleteDocumentsBulk" name="test_delete_bulk_invalid_company" time="0.142" /><testcase classname="tests.test_bulk_delete_batch_processing.TestDeleteDocumentsBulk" name="test_delete_bulk_response_structure" time="0.188" /><testcase classname="tests.test_bulk_delete_batch_processing.TestDeleteDocumentsBulk" name="test_delete_bulk_with_specific_document_ids" time="0.151" /><testcase classname="tests.test_bulk_delete_batch_processing.TestDeleteDocumentsByCompetencia" name="test_delete_by_competencia_basic" time="0.138" /><testcase classname="tests.test_bulk_delete_batch_processing.TestDeleteDocumentsByCompetencia" name="test_delete_by_competencia_with_tipo" time="0.336" /><testcase classname="tests.test_bulk_delete_batch_processing.TestDeleteDocumentsByCompetencia" name="test_delete_by_competencia_with_status" time="0.127" /><testcase classname="tests.test_bulk_delete_batch_processing.TestDeleteDocumentsByCompetencia" name="test_delete_by_competencia_invalid_company" time="0.125" /><testcase classname="tests.test_bulk_delete_batch_processing.TestBulkDeletePerformance" name="test_preview_delete_response_time" time="0.131" /><testcase classname="tests.test_bulk_delete_batch_processing.TestBulkDeletePerformance" name="test_delete_bulk_response_time" time="0.151" /><testcase classname="tests.test_bulk_delete_batch_processing.TestCreateAndDeleteBulkDocuments" name="test_create_and_delete_documents_integration" time="0.302" /><testcase classname="tests.test_bulk_delete_batch_processing.TestCacheInvalidation" name="test_cache_invalidation_after_delete_bulk" time="0.846" /></testsuite></testsuites>