<?xml version="1.0" encoding="utf-8"?><testsuites name="pytest tests"><testsuite name="pytest" errors="0" failures="0" skipped="0" tests="9" time="0.026" timestamp="2026-02-20T17:32:54.951261+00:00" hostname="agent-env-c37bba4e-a83c-4f07-a902-8592c47c9baf"><testcase classname="tests.test_cfop_transferencia.TestCfopTransferencia" name="test_cfops_transferencia_saida_incluidos" time="0.000" /><testcase classname="tests.test_cfop_transferencia.TestCfopTransferencia" name="test_cfops_transferencia_entrada_incluidos" time="0.000" /><testcase classname="tests.test_cfop_transferencia.TestCfopTransferencia" name="test_cfops_nao_transferencia" time="0.000" /><testcase classname="tests.test_cfop_transferencia.TestCfopOperacoesDistintas" name="test_cfops_transferencia_nao_em_operacoes_distintas_upload" time="0.006" /><testcase classname="tests.test_cfop_transferencia.TestCstTransferencia" name="test_cst_entrada_transferencia" time="0.000" /><testcase classname="tests.test_cfop_transferencia.TestCstTransferencia" name="test_cst_saida_transferencia" time="0.000" /><testcase classname="tests.test_cfop_transferencia.TestConversaoCfop" name="test_conversao_5152_para_1152" time="0.000" /><testcase classname="tests.test_cfop_transferencia.TestConversaoCfop" name="test_conversao_5409_para_1409" time="0.000" /><testcase classname="tests.test_cfop_transferencia.TestConversaoCfop" name="test_conversao_6152_para_2152" time="0.000" /></testsuite></testsuites>