<?xml version="1.0" encoding="utf-8"?><testsuites name="pytest tests"><testsuite name="pytest" errors="0" failures="0" skipped="0" tests="27" time="21.662" timestamp="2026-02-08T21:45:17.075164+00:00" hostname="agent-env-ff03c040-37f9-459e-be5a-5271a38fdc35"><testcase classname="backend.tests.test_apuracao_icms_iss.TestApuracaoICMS" name="test_apuracao_icms_returns_200" time="0.628" /><testcase classname="backend.tests.test_apuracao_icms_iss.TestApuracaoICMS" name="test_apuracao_icms_has_empresa_info" time="0.222" /><testcase classname="backend.tests.test_apuracao_icms_iss.TestApuracaoICMS" name="test_apuracao_icms_has_entradas_por_cfop" time="0.226" /><testcase classname="backend.tests.test_apuracao_icms_iss.TestApuracaoICMS" name="test_apuracao_icms_has_saidas_por_cfop" time="0.224" /><testcase classname="backend.tests.test_apuracao_icms_iss.TestApuracaoICMS" name="test_apuracao_icms_has_top_10" time="0.222" /><testcase classname="backend.tests.test_apuracao_icms_iss.TestApuracaoICMS" name="test_apuracao_icms_has_saldo" time="0.260" /><testcase classname="backend.tests.test_apuracao_icms_iss.TestApuracaoICMS" name="test_apuracao_icms_cfop_structure" time="0.224" /><testcase classname="backend.tests.test_apuracao_icms_iss.TestApuracaoICMS" name="test_apuracao_icms_invalid_company_returns_404" time="0.041" /><testcase classname="backend.tests.test_apuracao_icms_iss.TestApuracaoICMS" name="test_apuracao_icms_without_auth_returns_401" time="0.051" /><testcase classname="backend.tests.test_apuracao_icms_iss.TestApuracaoISS" name="test_apuracao_iss_returns_200" time="0.051" /><testcase classname="backend.tests.test_apuracao_icms_iss.TestApuracaoISS" name="test_apuracao_iss_has_empresa_info" time="0.044" /><testcase classname="backend.tests.test_apuracao_icms_iss.TestApuracaoISS" name="test_apuracao_iss_has_resumo" time="0.042" /><testcase classname="backend.tests.test_apuracao_icms_iss.TestApuracaoISS" name="test_apuracao_iss_has_por_codigo_servico" time="0.044" /><testcase classname="backend.tests.test_apuracao_icms_iss.TestApuracaoISS" name="test_apuracao_iss_has_por_tomador" time="0.049" /><testcase classname="backend.tests.test_apuracao_icms_iss.TestApuracaoISS" name="test_apuracao_iss_has_situacao" time="0.054" /><testcase classname="backend.tests.test_apuracao_icms_iss.TestApuracaoISS" name="test_apuracao_iss_iss_a_pagar_calculation" time="0.051" /><testcase classname="backend.tests.test_apuracao_icms_iss.TestApuracaoISS" name="test_apuracao_iss_invalid_company_returns_404" time="0.042" /><testcase classname="backend.tests.test_apuracao_icms_iss.TestApuracaoISS" name="test_apuracao_iss_without_auth_returns_401" time="0.037" /><testcase classname="backend.tests.test_apuracao_icms_iss.TestPisCofinsApuracao" name="test_pis_cofins_returns_200" time="2.564" /><testcase classname="backend.tests.test_apuracao_icms_iss.TestPisCofinsApuracao" name="test_pis_cofins_has_top_10" time="2.705" /><testcase classname="backend.tests.test_apuracao_icms_iss.TestPisCofinsApuracao" name="test_pis_cofins_has_por_cfop_cst" time="2.735" /><testcase classname="backend.tests.test_apuracao_icms_iss.TestPisCofinsApuracao" name="test_pis_cofins_cfop_cst_structure" time="2.684" /><testcase classname="backend.tests.test_apuracao_icms_iss.TestPisCofinsApuracao" name="test_pis_cofins_top_10_produto_structure" time="2.742" /><testcase classname="backend.tests.test_apuracao_icms_iss.TestPisCofinsApuracao" name="test_pis_cofins_top_10_ncm_structure" time="2.658" /><testcase classname="backend.tests.test_apuracao_icms_iss.TestPisCofinsApuracao" name="test_pis_cofins_has_both_regimes" time="2.623" /><testcase classname="backend.tests.test_apuracao_icms_iss.TestPisCofinsApuracao" name="test_pis_cofins_invalid_company_returns_404" time="0.077" /><testcase classname="backend.tests.test_apuracao_icms_iss.TestNavigationMenu" name="test_auth_login_works" time="0.276" /></testsuite></testsuites>