<?xml version="1.0" encoding="utf-8"?><testsuites name="pytest tests"><testsuite name="pytest" errors="0" failures="0" skipped="0" tests="15" time="18.071" timestamp="2026-02-18T11:48:09.528391+00:00" hostname="agent-env-54a78451-e445-425f-9650-bfc0ecd4a534"><testcase classname="backend.tests.test_pis_cofins_validador_icms.TestAuth" name="test_login_success" time="0.488" /><testcase classname="backend.tests.test_pis_cofins_validador_icms.TestPisCofinsApuracao" name="test_apuracao_endpoint_status" time="2.542" /><testcase classname="backend.tests.test_pis_cofins_validador_icms.TestPisCofinsApuracao" name="test_saldo_credor_anterior_structure" time="2.457" /><testcase classname="backend.tests.test_pis_cofins_validador_icms.TestPisCofinsApuracao" name="test_saldo_credor_anterior_values" time="2.412" /><testcase classname="backend.tests.test_pis_cofins_validador_icms.TestPisCofinsApuracao" name="test_saldo_a_transportar_structure" time="2.481" /><testcase classname="backend.tests.test_pis_cofins_validador_icms.TestPisCofinsApuracao" name="test_imposto_a_pagar_structure" time="2.432" /><testcase classname="backend.tests.test_pis_cofins_validador_icms.TestCFOPExclusion" name="test_cfop_confronto_endpoint" time="0.426" /><testcase classname="backend.tests.test_pis_cofins_validador_icms.TestValidadorICMSPorProduto" name="test_por_produto_endpoint_status" time="0.564" /><testcase classname="backend.tests.test_pis_cofins_validador_icms.TestValidadorICMSPorProduto" name="test_por_produto_response_structure" time="0.567" /><testcase classname="backend.tests.test_pis_cofins_validador_icms.TestValidadorICMSPorProduto" name="test_por_produto_item_structure" time="0.619" /><testcase classname="backend.tests.test_pis_cofins_validador_icms.TestValidadorICMSPorNCM" name="test_por_ncm_endpoint_status" time="0.610" /><testcase classname="backend.tests.test_pis_cofins_validador_icms.TestValidadorICMSPorNCM" name="test_por_ncm_response_structure" time="0.573" /><testcase classname="backend.tests.test_pis_cofins_validador_icms.TestValidadorICMSRegras" name="test_listar_regras" time="0.405" /><testcase classname="backend.tests.test_pis_cofins_validador_icms.TestValidadorICMSRegras" name="test_criar_regra" time="0.454" /><testcase classname="backend.tests.test_pis_cofins_validador_icms.TestValidadorICMSRegras" name="test_criar_e_excluir_regra" time="0.952" /></testsuite></testsuites>