<?xml version="1.0" encoding="utf-8"?><testsuites name="pytest tests"><testsuite name="pytest" errors="0" failures="0" skipped="0" tests="10" time="6.373" timestamp="2026-02-04T23:13:55.987726+00:00" hostname="agent-env-652b4acb-3611-4f82-8010-6396ab9802d9"><testcase classname="backend.tests.test_alteracao.TestAlteracaoAPIs" name="test_health_check" time="0.100" /><testcase classname="backend.tests.test_alteracao.TestAlteracaoAPIs" name="test_cnpj_endpoint_valid_format" time="0.212" /><testcase classname="backend.tests.test_alteracao.TestAlteracaoAPIs" name="test_cnpj_endpoint_invalid_format" time="0.084" /><testcase classname="backend.tests.test_alteracao.TestAlteracaoAPIs" name="test_cep_endpoint_valid" time="0.246" /><testcase classname="backend.tests.test_alteracao.TestAlteracaoAPIs" name="test_cep_endpoint_invalid" time="0.085" /><testcase classname="backend.tests.test_alteracao.TestAlteracaoAPIs" name="test_minutas_list" time="0.074" /><testcase classname="backend.tests.test_alteracao.TestAlteracaoAPIs" name="test_minuta_upload_without_file" time="0.122" /><testcase classname="backend.tests.test_alteracao.TestAlteracaoAPIs" name="test_minuta_extrair_dados_no_file" time="0.159" /><testcase classname="backend.tests.test_alteracao.TestAlteracaoAPIs" name="test_minuta_chat" time="5.148" /><testcase classname="backend.tests.test_alteracao.TestAlteracaoAPIs" name="test_dashboard_stats" time="0.087" /></testsuite></testsuites>