<?xml version="1.0" encoding="utf-8"?><testsuites name="pytest tests"><testsuite name="pytest" errors="0" failures="0" skipped="0" tests="8" time="1.018" timestamp="2026-02-05T17:10:52.078004+00:00" hostname="agent-env-0cf9f539-afd8-4038-b7bc-65387f24812d"><testcase classname="backend.tests.test_reimport_batch.TestReimportBatchEndpoint" name="test_reimport_batch_success" time="0.427" /><testcase classname="backend.tests.test_reimport_batch.TestReimportBatchEndpoint" name="test_reimport_batch_invalid_company" time="0.037" /><testcase classname="backend.tests.test_reimport_batch.TestReimportBatchEndpoint" name="test_reimport_batch_invalid_competencia" time="0.040" /><testcase classname="backend.tests.test_reimport_batch.TestDocumentsAfterReimport" name="test_documents_status_reset_to_pendente" time="0.082" /><testcase classname="backend.tests.test_reimport_batch.TestDocumentsAfterReimport" name="test_products_aprovado_reset_to_false" time="0.051" /><testcase classname="backend.tests.test_reimport_batch.TestDocumentsAfterReimport" name="test_products_have_ai_classification" time="0.050" /><testcase classname="backend.tests.test_reimport_batch.TestDocumentsPageNoReprocessButton" name="test_documents_endpoint_exists" time="0.231" /><testcase classname="backend.tests.test_reimport_batch.TestDocumentsPageNoReprocessButton" name="test_old_reprocess_endpoint_not_used" time="0.037" /></testsuite></testsuites>