<?xml version="1.0" encoding="utf-8"?><testsuites name="pytest tests"><testsuite name="pytest" errors="0" failures="0" skipped="0" tests="9" time="1.911" timestamp="2026-03-02T18:49:42.311072+00:00" hostname="agent-env-8ac96f34-c674-4153-a452-f79e1a9b2afa"><testcase classname="tests.test_lucro_presumido_pis_cofins.TestLucroPresumidoPisCofins" name="test_lucro_presumido_entrada_nunca_gera_credito" time="0.000" /><testcase classname="tests.test_lucro_presumido_pis_cofins.TestLucroPresumidoPisCofins" name="test_lucro_presumido_entrada_monofasico_sem_credito" time="0.000" /><testcase classname="tests.test_lucro_presumido_pis_cofins.TestLucroPresumidoPisCofins" name="test_lucro_presumido_aliquotas_corretas_saida" time="0.000" /><testcase classname="tests.test_lucro_presumido_pis_cofins.TestLucroPresumidoPisCofins" name="test_aliquotas_presumido_constantes" time="0.000" /><testcase classname="tests.test_lucro_presumido_pis_cofins.TestLucroPresumidoPisCofins" name="test_comparar_lucro_real_vs_presumido" time="0.000" /><testcase classname="tests.test_lucro_presumido_pis_cofins.TestCfopFilterDocuments" name="test_cfop_filter_parameter_accepted" time="0.677" /><testcase classname="tests.test_lucro_presumido_pis_cofins.TestCfopFilterDocuments" name="test_cfop_filter_with_company" time="0.700" /><testcase classname="tests.test_lucro_presumido_pis_cofins.TestApiEndpoints" name="test_backend_status" time="0.112" /><testcase classname="tests.test_lucro_presumido_pis_cofins.TestApiEndpoints" name="test_login_endpoint" time="0.366" /></testsuite></testsuites>