<?xml version="1.0" encoding="utf-8"?><testsuites name="pytest tests"><testsuite name="pytest" errors="0" failures="0" skipped="0" tests="17" time="36.691" timestamp="2026-02-08T21:10:17.782946+00:00" hostname="agent-env-ff03c040-37f9-459e-be5a-5271a38fdc35"><testcase classname="backend.tests.test_pis_cofins_module.TestPisCofinsModule" name="test_apuracao_endpoint_returns_200" time="2.925" /><testcase classname="backend.tests.test_pis_cofins_module.TestPisCofinsModule" name="test_apuracao_returns_both_regimes" time="2.973" /><testcase classname="backend.tests.test_pis_cofins_module.TestPisCofinsModule" name="test_apuracao_returns_comparativo" time="3.061" /><testcase classname="backend.tests.test_pis_cofins_module.TestPisCofinsModule" name="test_apuracao_returns_empresa_info" time="3.003" /><testcase classname="backend.tests.test_pis_cofins_module.TestPisCofinsModule" name="test_apuracao_with_data_has_values" time="2.979" /><testcase classname="backend.tests.test_pis_cofins_module.TestPisCofinsModule" name="test_apuracao_without_data_returns_zeros" time="0.355" /><testcase classname="backend.tests.test_pis_cofins_module.TestPisCofinsModule" name="test_apuracao_invalid_company_returns_404" time="0.388" /><testcase classname="backend.tests.test_pis_cofins_module.TestPisCofinsModule" name="test_apuracao_without_auth_returns_401" time="0.349" /><testcase classname="backend.tests.test_pis_cofins_module.TestPisCofinsModule" name="test_divergencias_endpoint_returns_200" time="2.575" /><testcase classname="backend.tests.test_pis_cofins_module.TestPisCofinsModule" name="test_divergencias_returns_grouped_products" time="2.627" /><testcase classname="backend.tests.test_pis_cofins_module.TestPisCofinsModule" name="test_divergencias_product_structure" time="2.618" /><testcase classname="backend.tests.test_pis_cofins_module.TestPisCofinsModule" name="test_divergencias_without_data_returns_empty" time="0.369" /><testcase classname="backend.tests.test_pis_cofins_module.TestPisCofinsModule" name="test_divergencias_invalid_company_returns_404" time="0.350" /><testcase classname="backend.tests.test_pis_cofins_module.TestPisCofinsModule" name="test_comparativo_lucro_real_more_economical" time="3.067" /><testcase classname="backend.tests.test_pis_cofins_module.TestPisCofinsModule" name="test_creditos_structure" time="2.954" /><testcase classname="backend.tests.test_pis_cofins_module.TestPisCofinsModule" name="test_debitos_structure" time="3.060" /><testcase classname="backend.tests.test_pis_cofins_module.TestPisCofinsModule" name="test_imposto_a_pagar_non_negative" time="2.955" /></testsuite></testsuites>