<?xml version="1.0" encoding="utf-8"?><testsuites name="pytest tests"><testsuite name="pytest" errors="0" failures="1" skipped="0" tests="6" time="2.172" timestamp="2026-02-18T20:43:53.723235+00:00" hostname="agent-env-11ad171d-5d20-43dd-a326-6951498c00bb"><testcase classname="backend.tests.test_grupo_consolidado.TestGrupoInfo" name="test_grupo_info_matriz_empresa" time="0.658" /><testcase classname="backend.tests.test_grupo_consolidado.TestGrupoInfo" name="test_grupo_info_invalid_company" time="0.154" /><testcase classname="backend.tests.test_grupo_consolidado.TestImpostosGrupo" name="test_impostos_grupo_with_competencia" time="0.739" /><testcase classname="backend.tests.test_grupo_consolidado.TestImpostosGrupo" name="test_impostos_grupo_missing_competencia" time="0.202" /><testcase classname="backend.tests.test_grupo_consolidado.TestImpostosGrupo" name="test_impostos_grupo_invalid_company" time="0.168" /><testcase classname="backend.tests.test_grupo_consolidado.TestGruposEmpresariaisEndpoints" name="test_list_grupos_empresariais" time="0.145"><failure message="AssertionError: Response should be a list&#10;assert False&#10; +  where False = isinstance({'grupos': [{'created_at': '2026-02-11T23:32:17.553509+00:00', 'created_by': '1ed70957-222d-493d-b642-cb1720787ca5', 'descricao': 'Grupo de teste com matriz e filial', 'filiais': [{'cnpj': '39.520.704/0001-20', 'id': 'b76b3672-229c-4973-8ed4-5eaa9739e160', 'razao_social': 'TEKNOLINK SJC DISTRIBUIDORA DE SOLUCAO EM SEGURANCA ELETRONICA LTDA', 'uf': 'SP'}], ...}], 'total': 1}, list)">backend/tests/test_grupo_consolidado.py:258: in test_list_grupos_empresariais
    assert isinstance(data, list), "Response should be a list"
E   AssertionError: Response should be a list
E   assert False
E    +  where False = isinstance({'grupos': [{'created_at': '2026-02-11T23:32:17.553509+00:00', 'created_by': '1ed70957-222d-493d-b642-cb1720787ca5', 'descricao': 'Grupo de teste com matriz e filial', 'filiais': [{'cnpj': '39.520.704/0001-20', 'id': 'b76b3672-229c-4973-8ed4-5eaa9739e160', 'razao_social': 'TEKNOLINK SJC DISTRIBUIDORA DE SOLUCAO EM SEGURANCA ELETRONICA LTDA', 'uf': 'SP'}], ...}], 'total': 1}, list)</failure></testcase></testsuite></testsuites>