<?xml version="1.0" encoding="utf-8"?><testsuites name="pytest tests"><testsuite name="pytest" errors="0" failures="6" skipped="5" tests="13" time="1.108" timestamp="2026-02-04T21:55:20.360018+00:00" hostname="agent-env-16227d31-d80b-4469-8892-b3ae55580014"><testcase classname="tests.test_baixa.TestBaixaEndpoints" name="test_health_check" time="0.092" /><testcase classname="tests.test_baixa.TestBaixaEndpoints" name="test_baixa_extrair_contrato_endpoint_exists" time="0.058"><failure message="AssertionError: Expected 422 or 400, got 401&#10;assert 401 in [422, 400]&#10; +  where 401 = &lt;Response [401]&gt;.status_code">tests/test_baixa.py:52: in test_baixa_extrair_contrato_endpoint_exists
    assert response.status_code in [422, 400], f"Expected 422 or 400, got {response.status_code}"
E   AssertionError: Expected 422 or 400, got 401
E   assert 401 in [422, 400]
E    +  where 401 = &lt;Response [401]&gt;.status_code</failure></testcase><testcase classname="tests.test_baixa.TestBaixaEndpoints" name="test_baixa_gerar_distrato_endpoint_exists" time="0.053"><failure message="AssertionError: Expected 422, got 401&#10;assert 401 == 422&#10; +  where 401 = &lt;Response [401]&gt;.status_code">tests/test_baixa.py:63: in test_baixa_gerar_distrato_endpoint_exists
    assert response.status_code == 422, f"Expected 422, got {response.status_code}"
E   AssertionError: Expected 422, got 401
E   assert 401 == 422
E    +  where 401 = &lt;Response [401]&gt;.status_code</failure></testcase><testcase classname="tests.test_baixa.TestBaixaEndpoints" name="test_create_minuta_for_baixa" time="0.092"><failure message="AssertionError: Expected 200, got 401: {&quot;detail&quot;:&quot;Token inválido&quot;}&#10;assert 401 == 200&#10; +  where 401 = &lt;Response [401]&gt;.status_code">tests/test_baixa.py:90: in test_create_minuta_for_baixa
    assert response.status_code == 200, f"Expected 200, got {response.status_code}: {response.text}"
E   AssertionError: Expected 200, got 401: {"detail":"Token inválido"}
E   assert 401 == 200
E    +  where 401 = &lt;Response [401]&gt;.status_code</failure></testcase><testcase classname="tests.test_baixa.TestBaixaEndpoints" name="test_gerar_distrato_with_valid_data" time="0.075"><failure message="assert 401 == 200&#10; +  where 401 = &lt;Response [401]&gt;.status_code">tests/test_baixa.py:112: in test_gerar_distrato_with_valid_data
    assert create_response.status_code == 200
E   assert 401 == 200
E    +  where 401 = &lt;Response [401]&gt;.status_code</failure></testcase><testcase classname="tests.test_baixa.TestBaixaEndpoints" name="test_gerar_distrato_validation_errors" time="0.045"><failure message="AssertionError: Payload 1: Expected 422, got 401&#10;assert 401 == 422&#10; +  where 401 = &lt;Response [401]&gt;.status_code">tests/test_baixa.py:218: in test_gerar_distrato_validation_errors
    assert response.status_code == 422, f"Payload {i+1}: Expected 422, got {response.status_code}"
E   AssertionError: Payload 1: Expected 422, got 401
E   assert 401 == 422
E    +  where 401 = &lt;Response [401]&gt;.status_code</failure></testcase><testcase classname="tests.test_baixa.TestBaixaEndpoints" name="test_list_minutas_includes_baixa" time="0.055"><failure message="assert 401 == 200&#10; +  where 401 = &lt;Response [401]&gt;.status_code">tests/test_baixa.py:225: in test_list_minutas_includes_baixa
    assert response.status_code == 200
E   assert 401 == 200
E    +  where 401 = &lt;Response [401]&gt;.status_code</failure></testcase><testcase classname="tests.test_baixa.TestBaixaEndpoints" name="test_download_distrato_word" time="0.081"><skipped type="pytest.skip" message="Could not create minuta for download test">/app/backend/tests/test_baixa.py:248: Could not create minuta for download test</skipped></testcase><testcase classname="tests.test_baixa.TestBaixaEndpoints" name="test_download_distrato_pdf" time="0.114"><skipped type="pytest.skip" message="Could not create minuta for download test">/app/backend/tests/test_baixa.py:304: Could not create minuta for download test</skipped></testcase><testcase classname="tests.test_baixa.TestBaixaMotivos" name="test_motivo_vontade_socios" time="0.080"><skipped type="pytest.skip" message="Could not create minuta">/app/backend/tests/test_baixa.py:384: Could not create minuta</skipped></testcase><testcase classname="tests.test_baixa.TestBaixaMotivos" name="test_motivo_inatividade" time="0.077"><skipped type="pytest.skip" message="Could not create minuta">/app/backend/tests/test_baixa.py:408: Could not create minuta</skipped></testcase><testcase classname="tests.test_baixa.TestBaixaMotivos" name="test_motivo_outros_with_detail" time="0.079"><skipped type="pytest.skip" message="Could not create minuta">/app/backend/tests/test_baixa.py:430: Could not create minuta</skipped></testcase><testcase classname="tests.test_baixa.TestCleanup" name="test_cleanup_test_minutas" time="0.042" /></testsuite></testsuites>