<?xml version="1.0" encoding="utf-8"?><testsuites name="pytest tests"><testsuite name="pytest" errors="0" failures="0" skipped="0" tests="6" time="5.745" timestamp="2026-02-15T10:48:05.545655+00:00" hostname="agent-env-0bd8f45e-b262-4dea-867f-dc44961ddd93"><testcase classname="tests.test_wizard_product_count.TestWizardProductCountSync" name="test_wizard_step4_and_classification_counts_match" time="1.055" /><testcase classname="tests.test_wizard_product_count.TestWizardProductCountSync" name="test_wizard_has_7_steps" time="0.568" /><testcase classname="tests.test_wizard_product_count.TestWizardProductCountSync" name="test_wizard_step_navigation" time="1.375" /><testcase classname="tests.test_wizard_product_count.TestCfopAlertsFeatures" name="test_cfop_alerts_have_original_cfop_field" time="0.594" /><testcase classname="tests.test_wizard_product_count.TestCfopAlertsFeatures" name="test_individual_cfop_resolve_endpoint_accepts_json" time="0.682" /><testcase classname="tests.test_wizard_product_count.TestWizardStepperNavigation" name="test_all_7_steps_are_accessible" time="1.409" /></testsuite></testsuites>