<?xml version="1.0" encoding="utf-8"?><testsuites name="pytest tests"><testsuite name="pytest" errors="0" failures="0" skipped="0" tests="12" time="2.390" timestamp="2026-02-10T10:11:09.022246+00:00" hostname="agent-env-255bb241-124b-4500-a3da-0f6a40cf8920"><testcase classname="backend.tests.test_iteration43_features.TestAuthentication" name="test_login_success" time="0.333" /><testcase classname="backend.tests.test_iteration43_features.TestDashboardStats" name="test_dashboard_stats_has_outros_entrada_quantidades" time="0.330" /><testcase classname="backend.tests.test_iteration43_features.TestDashboardStats" name="test_dashboard_stats_has_outros_entrada_valores" time="0.057" /><testcase classname="backend.tests.test_iteration43_features.TestDashboardStats" name="test_dashboard_stats_empresa_info" time="0.058" /><testcase classname="backend.tests.test_iteration43_features.TestRelatorioDivergenciasSaida" name="test_relatorio_divergencias_saida_endpoint_exists" time="0.317" /><testcase classname="backend.tests.test_iteration43_features.TestRelatorioDivergenciasSaida" name="test_relatorio_divergencias_saida_cst_sugerido" time="0.042" /><testcase classname="backend.tests.test_iteration43_features.TestRelatorioDivergenciasEntrada" name="test_relatorio_divergencias_entrada_endpoint_exists" time="0.336" /><testcase classname="backend.tests.test_iteration43_features.TestRelatorioDivergenciasEntrada" name="test_relatorio_divergencias_entrada_cst_sugerido" time="0.052" /><testcase classname="backend.tests.test_iteration43_features.TestCompanyRegimeTributario" name="test_get_company_regime_tributario" time="0.310" /><testcase classname="backend.tests.test_iteration43_features.TestCompanyRegimeTributario" name="test_get_company_tipo_atividade" time="0.037" /><testcase classname="backend.tests.test_iteration43_features.TestDocumentTypes" name="test_documents_endpoint_exists" time="0.324" /><testcase classname="backend.tests.test_iteration43_features.TestDocumentTypes" name="test_documents_by_tipo_operacao" time="0.126" /></testsuite></testsuites>