<?xml version="1.0" encoding="utf-8"?><testsuites name="pytest tests"><testsuite name="pytest" errors="0" failures="5" skipped="0" tests="15" time="37.859" timestamp="2026-02-09T16:32:07.098722+00:00" hostname="agent-env-66ea0756-95ab-4ece-af4f-1bf4d95bc676"><testcase classname="backend.tests.test_iteration38_features.TestDocumentDetail" name="test_get_document_list_first" time="2.026"><failure message="AssertionError: Response should have 'documents' key&#10;assert 'documents' in [{'cStat_cancelamento': '', 'cancelada': False, 'chave_nfe': '35260135438935000139651010000302661119149930', 'company_id': 'e33af37a-38c3-41cb-a786-f8a685c860f6', ...}, {'cStat_cancelamento': '', 'cancelada': False, 'chave_nfe': '35260135438935000139651010000302651119149932', 'company_id': 'e33af37a-38c3-41cb-a786-f8a685c860f6', ...}, {'cStat_cancelamento': '', 'cancelada': False, 'chave_nfe': '35260135438935000139651010000302641119149935', 'company_id': 'e33af37a-38c3-41cb-a786-f8a685c860f6', ...}, {'cStat_cancelamento': '', 'cancelada': False, 'chave_nfe': '35260135438935000139651010000302631119149938', 'company_id': 'e33af37a-38c3-41cb-a786-f8a685c860f6', ...}, {'cStat_cancelamento': '', 'cancelada': False, 'chave_nfe': '35260135438935000139651010000302621119149930', 'company_id': 'e33af37a-38c3-41cb-a786-f8a685c860f6', ...}, {'cStat_cancelamento': '', 'cancelada': False, 'chave_nfe': '35260135438935000139651010000302611119149933', 'company_id': 'e33af37a-38c3-41cb-a786-f8a685c860f6', ...}, ...]">backend/tests/test_iteration38_features.py:67: in test_get_document_list_first
    assert "documents" in data, "Response should have 'documents' key"
E   AssertionError: Response should have 'documents' key
E   assert 'documents' in [{'cStat_cancelamento': '', 'cancelada': False, 'chave_nfe': '35260135438935000139651010000302661119149930', 'company_id': 'e33af37a-38c3-41cb-a786-f8a685c860f6', ...}, {'cStat_cancelamento': '', 'cancelada': False, 'chave_nfe': '35260135438935000139651010000302651119149932', 'company_id': 'e33af37a-38c3-41cb-a786-f8a685c860f6', ...}, {'cStat_cancelamento': '', 'cancelada': False, 'chave_nfe': '35260135438935000139651010000302641119149935', 'company_id': 'e33af37a-38c3-41cb-a786-f8a685c860f6', ...}, {'cStat_cancelamento': '', 'cancelada': False, 'chave_nfe': '35260135438935000139651010000302631119149938', 'company_id': 'e33af37a-38c3-41cb-a786-f8a685c860f6', ...}, {'cStat_cancelamento': '', 'cancelada': False, 'chave_nfe': '35260135438935000139651010000302621119149930', 'company_id': 'e33af37a-38c3-41cb-a786-f8a685c860f6', ...}, {'cStat_cancelamento': '', 'cancelada': False, 'chave_nfe': '35260135438935000139651010000302611119149933', 'company_id': 'e33af37a-38c3-41cb-a786-f8a685c860f6', ...}, ...]</failure></testcase><testcase classname="backend.tests.test_iteration38_features.TestDocumentDetail" name="test_get_document_detail_structure" time="1.691"><failure message="AttributeError: 'list' object has no attribute 'get'">backend/tests/test_iteration38_features.py:80: in test_get_document_detail_structure
    documents = list_response.json().get("documents", [])
                ^^^^^^^^^^^^^^^^^^^^^^^^
E   AttributeError: 'list' object has no attribute 'get'</failure></testcase><testcase classname="backend.tests.test_iteration38_features.TestDocumentDetail" name="test_get_document_not_found" time="0.045" /><testcase classname="backend.tests.test_iteration38_features.TestSingleProductClassification" name="test_classify_single_product_endpoint_exists" time="0.043" /><testcase classname="backend.tests.test_iteration38_features.TestSingleProductClassification" name="test_classify_single_product_success" time="1.548"><failure message="AttributeError: 'list' object has no attribute 'get'">backend/tests/test_iteration38_features.py:157: in test_classify_single_product_success
    documents = list_response.json().get("documents", [])
                ^^^^^^^^^^^^^^^^^^^^^^^^
E   AttributeError: 'list' object has no attribute 'get'</failure></testcase><testcase classname="backend.tests.test_iteration38_features.TestSingleProductClassification" name="test_classify_single_product_invalid_index" time="1.528"><failure message="AttributeError: 'list' object has no attribute 'get'">backend/tests/test_iteration38_features.py:213: in test_classify_single_product_invalid_index
    documents = list_response.json().get("documents", [])
                ^^^^^^^^^^^^^^^^^^^^^^^^
E   AttributeError: 'list' object has no attribute 'get'</failure></testcase><testcase classname="backend.tests.test_iteration38_features.TestPisCofinsApuracao" name="test_apuracao_structure_lucro_real_presumido" time="1.980" /><testcase classname="backend.tests.test_iteration38_features.TestPisCofinsDivergencias" name="test_divergencias_only_saida" time="1.372" /><testcase classname="backend.tests.test_iteration38_features.TestPisCofinsDivergencias" name="test_divergencias_for_presumido_company" time="0.098" /><testcase classname="backend.tests.test_iteration38_features.TestInteligenciaTributaria" name="test_inteligencia_tributaria_structure" time="0.546" /><testcase classname="backend.tests.test_iteration38_features.TestInteligenciaTributaria" name="test_presumido_has_pis_cofins" time="0.127" /><testcase classname="backend.tests.test_iteration38_features.TestInteligenciaTributaria" name="test_melhor_regime_calculation" time="0.102" /><testcase classname="backend.tests.test_iteration38_features.TestCfopPorCategoria" name="test_cfop_mapping_via_classify_single" time="1.650"><failure message="AttributeError: 'list' object has no attribute 'get'">backend/tests/test_iteration38_features.py:428: in test_cfop_mapping_via_classify_single
    documents = list_response.json().get("documents", [])
                ^^^^^^^^^^^^^^^^^^^^^^^^
E   AttributeError: 'list' object has no attribute 'get'</failure></testcase><testcase classname="backend.tests.test_iteration38_features.TestIACommandClassification" name="test_ia_command_endpoint_exists" time="19.023" /><testcase classname="backend.tests.test_iteration38_features.TestIACommandClassification" name="test_ia_command_updates_cfop" time="5.907" /></testsuite></testsuites>