<?xml version="1.0" encoding="utf-8"?><testsuites name="pytest tests"><testsuite name="pytest" errors="0" failures="0" skipped="0" tests="10" time="2.923" timestamp="2026-02-18T13:13:23.482983+00:00" hostname="agent-env-8c421c20-be44-4744-b90a-9d3245128c0c"><testcase classname="backend.tests.test_iteration70_validador_piscofins.TestValidadorPisCofinsEndpoints" name="test_dados_endpoint_returns_ncm_statistics" time="0.773" /><testcase classname="backend.tests.test_iteration70_validador_piscofins.TestValidadorPisCofinsEndpoints" name="test_dados_endpoint_returns_ncm_list_with_status" time="0.324" /><testcase classname="backend.tests.test_iteration70_validador_piscofins.TestValidadorPisCofinsEndpoints" name="test_regras_endpoint_returns_tipo_regra" time="0.122" /><testcase classname="backend.tests.test_iteration70_validador_piscofins.TestValidadorPisCofinsEndpoints" name="test_regras_have_aliquotas_based_on_tipo" time="0.123" /><testcase classname="backend.tests.test_iteration70_validador_piscofins.TestRegraCrudWithExcecoes" name="test_create_regra_with_excecoes" time="0.220" /><testcase classname="backend.tests.test_iteration70_validador_piscofins.TestRegraCrudWithExcecoes" name="test_update_regra_with_excecoes" time="0.459" /><testcase classname="backend.tests.test_iteration70_validador_piscofins.TestInicializarRegras" name="test_inicializar_regras_returns_count" time="0.265" /><testcase classname="backend.tests.test_iteration70_validador_piscofins.TestInicializarRegras" name="test_regras_have_correct_tipo_after_initialization" time="0.120" /><testcase classname="backend.tests.test_iteration70_validador_piscofins.TestDadosEndpointForFiltering" name="test_ncm_list_contains_filter_fields" time="0.307" /><testcase classname="backend.tests.test_iteration70_validador_piscofins.TestTiposRegraConfig" name="test_tipos_regra_have_correct_cst_values" time="0.130" /></testsuite></testsuites>