<?xml version="1.0" encoding="utf-8"?><testsuites name="pytest tests"><testsuite name="pytest" errors="0" failures="2" skipped="2" tests="13" time="3.523" timestamp="2026-02-06T12:19:02.243850+00:00" hostname="agent-env-53b04d0e-527b-4328-b03f-4d794e2010ec"><testcase classname="backend.tests.test_dissidio_pdf_piso.TestExportarConvencaoPDF" name="test_export_pdf_requires_auth" time="0.075" /><testcase classname="backend.tests.test_dissidio_pdf_piso.TestExportarConvencaoPDF" name="test_export_pdf_not_found" time="0.516" /><testcase classname="backend.tests.test_dissidio_pdf_piso.TestExportarConvencaoPDF" name="test_list_calculos_dissidio" time="0.038" /><testcase classname="backend.tests.test_dissidio_pdf_piso.TestExportarConvencaoPDF" name="test_export_pdf_from_existing_calculo" time="0.042"><skipped type="pytest.skip" message="No existing calculations to test PDF export">/app/backend/tests/test_dissidio_pdf_piso.py:84: No existing calculations to test PDF export</skipped></testcase><testcase classname="backend.tests.test_dissidio_pdf_piso.TestCalcularRetroativo" name="test_calcular_retroativo_requires_auth" time="0.037" /><testcase classname="backend.tests.test_dissidio_pdf_piso.TestCalcularRetroativo" name="test_calcular_retroativo_requires_files" time="0.306" /><testcase classname="backend.tests.test_dissidio_pdf_piso.TestCalcularRetroativo" name="test_calcular_retroativo_requires_cliente" time="0.039" /><testcase classname="backend.tests.test_dissidio_pdf_piso.TestCalcularRetroativo" name="test_calcular_retroativo_invalid_cliente" time="1.041"><failure message="AssertionError: Expected 404, got 520&#10;assert 520 == 404&#10; +  where 520 = &lt;Response [520]&gt;.status_code">backend/tests/test_dissidio_pdf_piso.py:185: in test_calcular_retroativo_invalid_cliente
    assert response.status_code == 404, f"Expected 404, got {response.status_code}"
E   AssertionError: Expected 404, got 520
E   assert 520 == 404
E    +  where 520 = &lt;Response [520]&gt;.status_code</failure></testcase><testcase classname="backend.tests.test_dissidio_pdf_piso.TestCalcularRetroativo" name="test_calcular_retroativo_requires_percentual" time="0.066"><failure message="AssertionError: Expected 400, got 520&#10;assert 520 == 400&#10; +  where 520 = &lt;Response [520]&gt;.status_code">backend/tests/test_dissidio_pdf_piso.py:217: in test_calcular_retroativo_requires_percentual
    assert response.status_code == 400, f"Expected 400, got {response.status_code}"
E   AssertionError: Expected 400, got 520
E   assert 520 == 400
E    +  where 520 = &lt;Response [520]&gt;.status_code</failure></testcase><testcase classname="backend.tests.test_dissidio_pdf_piso.TestAlertasPiso" name="test_response_includes_alertas_piso_field" time="0.291"><skipped type="pytest.skip" message="No existing calculations to verify alertas_piso structure">/app/backend/tests/test_dissidio_pdf_piso.py:238: No existing calculations to verify alertas_piso structure</skipped></testcase><testcase classname="backend.tests.test_dissidio_pdf_piso.TestEndpointAvailability" name="test_calculos_dissidio_list_endpoint" time="0.332" /><testcase classname="backend.tests.test_dissidio_pdf_piso.TestEndpointAvailability" name="test_exportar_convencao_pdf_endpoint_exists" time="0.294" /><testcase classname="backend.tests.test_dissidio_pdf_piso.TestEndpointAvailability" name="test_calcular_retroativo_endpoint_exists" time="0.300" /></testsuite></testsuites>