<?xml version="1.0" encoding="utf-8"?><testsuites name="pytest tests"><testsuite name="pytest" errors="0" failures="0" skipped="0" tests="10" time="3.176" timestamp="2026-02-04T01:48:56.547703+00:00" hostname="agent-env-f4a6f4d5-55df-4a77-8db5-4db20b1b1cfc"><testcase classname="backend.tests.test_new_features_iteration8.TestAnaliseAliquotasSaida" name="test_analise_aliquotas_saida_returns_200" time="0.363" /><testcase classname="backend.tests.test_new_features_iteration8.TestAnaliseAliquotasSaida" name="test_analise_aliquotas_saida_structure" time="0.303" /><testcase classname="backend.tests.test_new_features_iteration8.TestAnaliseAliquotasSaida" name="test_analise_aliquotas_resumo_alertas" time="0.307" /><testcase classname="backend.tests.test_new_features_iteration8.TestAnaliseAliquotasSaida" name="test_analise_aliquotas_produto_structure" time="0.309" /><testcase classname="backend.tests.test_new_features_iteration8.TestAnaliseAliquotasSaida" name="test_analise_aliquotas_invalid_company" time="0.332" /><testcase classname="backend.tests.test_new_features_iteration8.TestLearnedRulesEndpoint" name="test_learned_rules_returns_200" time="0.292" /><testcase classname="backend.tests.test_new_features_iteration8.TestLearnedRulesEndpoint" name="test_learned_rules_returns_list" time="0.302" /><testcase classname="backend.tests.test_new_features_iteration8.TestDashboardStats" name="test_dashboard_stats_returns_200" time="0.296" /><testcase classname="backend.tests.test_new_features_iteration8.TestDashboardStats" name="test_dashboard_stats_has_quantidades" time="0.297" /><testcase classname="backend.tests.test_new_features_iteration8.TestDocumentsWithJustificativa" name="test_documents_have_justificativa_ia" time="0.316" /></testsuite></testsuites>