<?xml version="1.0" encoding="utf-8"?><testsuites name="pytest tests"><testsuite name="pytest" errors="0" failures="0" skipped="0" tests="5" time="21.622" timestamp="2026-02-05T01:43:42.404493+00:00" hostname="agent-env-bb797790-41ab-4235-98ca-d8ea3a350c3c"><testcase classname="backend.tests.test_naturalidade_fields.TestNaturalidadeFields" name="test_01_health_check" time="0.103" /><testcase classname="backend.tests.test_naturalidade_fields.TestNaturalidadeFields" name="test_02_create_minuta_for_constituicao" time="0.087" /><testcase classname="backend.tests.test_naturalidade_fields.TestNaturalidadeFields" name="test_03_gerar_contrato_with_naturalidade" time="11.573" /><testcase classname="backend.tests.test_naturalidade_fields.TestNaturalidadeFields" name="test_04_naturalidade_fields_optional" time="9.588" /><testcase classname="backend.tests.test_naturalidade_fields.TestNaturalidadeFields" name="test_05_cleanup_test_minutas" time="0.222" /></testsuite></testsuites>