<?xml version="1.0" encoding="utf-8"?><testsuites name="pytest tests"><testsuite name="pytest" errors="0" failures="1" skipped="0" tests="18" time="5.288" timestamp="2026-02-18T12:16:41.228133+00:00" hostname="agent-env-54a78451-e445-425f-9650-bfc0ecd4a534"><testcase classname="backend.tests.test_validadores_icms_piscofins.TestValidadorICMSPorProduto" name="test_endpoint_returns_200" time="0.802" /><testcase classname="backend.tests.test_validadores_icms_piscofins.TestValidadorICMSPorProduto" name="test_response_has_required_structure" time="0.317" /><testcase classname="backend.tests.test_validadores_icms_piscofins.TestValidadorICMSPorProduto" name="test_products_have_tipo_operacao" time="0.316" /><testcase classname="backend.tests.test_validadores_icms_piscofins.TestValidadorICMSPorProduto" name="test_products_have_is_st" time="0.332" /><testcase classname="backend.tests.test_validadores_icms_piscofins.TestValidadorICMSPorProduto" name="test_products_have_uf_destino" time="0.311" /><testcase classname="backend.tests.test_validadores_icms_piscofins.TestValidadorICMSRegras" name="test_get_regras" time="0.122" /><testcase classname="backend.tests.test_validadores_icms_piscofins.TestValidadorICMSRegras" name="test_post_regra_with_excecoes" time="0.229" /><testcase classname="backend.tests.test_validadores_icms_piscofins.TestValidadorICMSRegras" name="test_excecoes_structure_validation" time="0.105" /><testcase classname="backend.tests.test_validadores_icms_piscofins.TestValidadorICMSExceptionApplication" name="test_exception_applied_to_product_description" time="0.412" /><testcase classname="backend.tests.test_validadores_icms_piscofins.TestValidadorPisCofinsPorCfop" name="test_endpoint_returns_200" time="0.319" /><testcase classname="backend.tests.test_validadores_icms_piscofins.TestValidadorPisCofinsPorCfop" name="test_response_separates_entradas_saidas" time="0.290" /><testcase classname="backend.tests.test_validadores_icms_piscofins.TestValidadorPisCofinsPorCfop" name="test_cfop_items_have_required_fields" time="0.280" /><testcase classname="backend.tests.test_validadores_icms_piscofins.TestValidadorPisCofinsPorNCM" name="test_endpoint_returns_200" time="0.268" /><testcase classname="backend.tests.test_validadores_icms_piscofins.TestValidadorPisCofinsPorNCM" name="test_ncms_have_aliquota_pis_cofins" time="0.279" /><testcase classname="backend.tests.test_validadores_icms_piscofins.TestValidadorPisCofinsRegras" name="test_get_regras" time="0.108" /><testcase classname="backend.tests.test_validadores_icms_piscofins.TestValidadorPisCofinsRegras" name="test_post_regra" time="0.217" /><testcase classname="backend.tests.test_validadores_icms_piscofins.TestValidadorPisCofinsRegras" name="test_put_regra" time="0.212"><failure message="AssertionError: Expected ATUALIZADO in descricao. Got: {'message': 'Regra atualizada com sucesso'}&#10;assert 'ATUALIZADO' in ''&#10; +  where '' = &lt;built-in method get of dict object at 0xf9ded4b04e80&gt;('descricao', '')&#10; +    where &lt;built-in method get of dict object at 0xf9ded4b04e80&gt; = {'message': 'Regra atualizada com sucesso'}.get">backend/tests/test_validadores_icms_piscofins.py:532: in test_put_regra
    assert "ATUALIZADO" in updated.get("descricao", ""), f"Expected ATUALIZADO in descricao. Got: {updated}"
E   AssertionError: Expected ATUALIZADO in descricao. Got: {'message': 'Regra atualizada com sucesso'}
E   assert 'ATUALIZADO' in ''
E    +  where '' = &lt;built-in method get of dict object at 0xf9ded4b04e80&gt;('descricao', '')
E    +    where &lt;built-in method get of dict object at 0xf9ded4b04e80&gt; = {'message': 'Regra atualizada com sucesso'}.get</failure></testcase><testcase classname="backend.tests.test_validadores_icms_piscofins.TestValidadorPisCofinsRegras" name="test_delete_regra" time="0.258" /></testsuite></testsuites>