<?xml version="1.0" encoding="utf-8"?><testsuites name="pytest tests"><testsuite name="pytest" errors="0" failures="0" skipped="2" tests="13" time="2.660" timestamp="2026-02-06T12:19:30.330937+00:00" hostname="agent-env-53b04d0e-527b-4328-b03f-4d794e2010ec"><testcase classname="backend.tests.test_dissidio_pdf_piso.TestExportarConvencaoPDF" name="test_export_pdf_requires_auth" time="0.059" /><testcase classname="backend.tests.test_dissidio_pdf_piso.TestExportarConvencaoPDF" name="test_export_pdf_not_found" time="0.405" /><testcase classname="backend.tests.test_dissidio_pdf_piso.TestExportarConvencaoPDF" name="test_list_calculos_dissidio" time="0.035" /><testcase classname="backend.tests.test_dissidio_pdf_piso.TestExportarConvencaoPDF" name="test_export_pdf_from_existing_calculo" time="0.032"><skipped type="pytest.skip" message="No existing calculations to test PDF export">/app/backend/tests/test_dissidio_pdf_piso.py:84: No existing calculations to test PDF export</skipped></testcase><testcase classname="backend.tests.test_dissidio_pdf_piso.TestCalcularRetroativo" name="test_calcular_retroativo_requires_auth" time="0.036" /><testcase classname="backend.tests.test_dissidio_pdf_piso.TestCalcularRetroativo" name="test_calcular_retroativo_requires_files" time="0.333" /><testcase classname="backend.tests.test_dissidio_pdf_piso.TestCalcularRetroativo" name="test_calcular_retroativo_requires_cliente" time="0.077" /><testcase classname="backend.tests.test_dissidio_pdf_piso.TestCalcularRetroativo" name="test_calcular_retroativo_invalid_cliente" time="0.362" /><testcase classname="backend.tests.test_dissidio_pdf_piso.TestCalcularRetroativo" name="test_calcular_retroativo_requires_percentual" time="0.081" /><testcase classname="backend.tests.test_dissidio_pdf_piso.TestAlertasPiso" name="test_response_includes_alertas_piso_field" time="0.292"><skipped type="pytest.skip" message="No existing calculations to verify alertas_piso structure">/app/backend/tests/test_dissidio_pdf_piso.py:238: No existing calculations to verify alertas_piso structure</skipped></testcase><testcase classname="backend.tests.test_dissidio_pdf_piso.TestEndpointAvailability" name="test_calculos_dissidio_list_endpoint" time="0.298" /><testcase classname="backend.tests.test_dissidio_pdf_piso.TestEndpointAvailability" name="test_exportar_convencao_pdf_endpoint_exists" time="0.296" /><testcase classname="backend.tests.test_dissidio_pdf_piso.TestEndpointAvailability" name="test_calcular_retroativo_endpoint_exists" time="0.297" /></testsuite></testsuites>