<?xml version="1.0" encoding="utf-8"?><testsuites name="pytest tests"><testsuite name="pytest" errors="0" failures="1" skipped="0" tests="19" time="16.832" timestamp="2026-02-05T14:39:12.818389+00:00" hostname="agent-env-4a6cdcbe-bf11-4bff-a06e-a60b07928271"><testcase classname="backend.tests.test_cadastros_historico_ia.TestCadastrosHistorico" name="test_historico_list_endpoint_exists" time="0.092" /><testcase classname="backend.tests.test_cadastros_historico_ia.TestCadastrosHistorico" name="test_historico_requires_auth" time="0.122" /><testcase classname="backend.tests.test_cadastros_historico_ia.TestCadastrosHistorico" name="test_salvar_sci_and_verify_in_historico" time="0.123" /><testcase classname="backend.tests.test_cadastros_historico_ia.TestCadastrosHistorico" name="test_historico_detail_endpoint" time="0.083" /><testcase classname="backend.tests.test_cadastros_historico_ia.TestCadastrosHistorico" name="test_historico_detail_not_found" time="0.095" /><testcase classname="backend.tests.test_cadastros_historico_ia.TestCadastrosHistorico" name="test_delete_historico_endpoint" time="0.074" /><testcase classname="backend.tests.test_cadastros_historico_ia.TestCadastrosHistorico" name="test_delete_historico_not_found" time="0.052" /><testcase classname="backend.tests.test_cadastros_historico_ia.TestExtracaoIA" name="test_extrair_dados_endpoint_exists" time="8.045" /><testcase classname="backend.tests.test_cadastros_historico_ia.TestExtracaoIA" name="test_extrair_dados_requires_auth" time="0.097" /><testcase classname="backend.tests.test_cadastros_historico_ia.TestExtracaoIA" name="test_extrair_dados_returns_structure" time="5.431" /><testcase classname="backend.tests.test_cadastros_historico_ia.TestSintegra" name="test_sintegra_endpoint_exists" time="0.225" /><testcase classname="backend.tests.test_cadastros_historico_ia.TestSintegra" name="test_sintegra_requires_auth" time="0.091" /><testcase classname="backend.tests.test_cadastros_historico_ia.TestSintegra" name="test_sintegra_valid_cnpj" time="0.053"><failure message="AssertionError: Expected 200, got 404&#10;assert 404 == 200&#10; +  where 404 = &lt;Response [404]&gt;.status_code">backend/tests/test_cadastros_historico_ia.py:291: in test_sintegra_valid_cnpj
    assert response.status_code == 200, f"Expected 200, got {response.status_code}"
E   AssertionError: Expected 200, got 404
E   assert 404 == 200
E    +  where 404 = &lt;Response [404]&gt;.status_code</failure></testcase><testcase classname="backend.tests.test_cadastros_historico_ia.TestSintegra" name="test_sintegra_invalid_cnpj_length" time="0.106" /><testcase classname="backend.tests.test_cadastros_historico_ia.TestSintegra" name="test_sintegra_invalid_uf" time="0.057" /><testcase classname="backend.tests.test_cadastros_historico_ia.TestSintegra" name="test_sintegra_all_valid_ufs" time="1.785" /><testcase classname="backend.tests.test_cadastros_historico_ia.TestSalvarSCI" name="test_salvar_sci_minimal_data" time="0.057" /><testcase classname="backend.tests.test_cadastros_historico_ia.TestSalvarSCI" name="test_salvar_sci_requires_auth" time="0.075" /><testcase classname="backend.tests.test_cadastros_historico_ia.TestSalvarSCI" name="test_salvar_sci_missing_required_fields" time="0.058" /></testsuite></testsuites>