<?xml version="1.0" encoding="utf-8"?><testsuites name="pytest tests"><testsuite name="pytest" errors="0" failures="0" skipped="0" tests="13" time="1.803" timestamp="2026-02-05T18:59:50.916080+00:00" hostname="agent-env-16482043-4b92-475b-8c3e-5159d30c93aa"><testcase classname="backend.tests.test_new_features.TestAuth" name="test_login_success" time="0.307" /><testcase classname="backend.tests.test_new_features.TestDissidioPrevia" name="test_list_dissidios" time="0.307" /><testcase classname="backend.tests.test_new_features.TestDissidioPrevia" name="test_get_dissidio_previa" time="0.093" /><testcase classname="backend.tests.test_new_features.TestDissidioPrevia" name="test_previa_not_found" time="0.040" /><testcase classname="backend.tests.test_new_features.TestInformesRendimento" name="test_informes_historico" time="0.042" /><testcase classname="backend.tests.test_new_features.TestInformesRendimento" name="test_informes_comparar_requires_files" time="0.039" /><testcase classname="backend.tests.test_new_features.TestRelatoriosExcel" name="test_relatorio_colaboradores_excel" time="0.490" /><testcase classname="backend.tests.test_new_features.TestRelatoriosExcel" name="test_relatorio_colaboradores_excel_with_filter" time="0.087" /><testcase classname="backend.tests.test_new_features.TestRelatoriosExcel" name="test_relatorio_dissidios_excel" time="0.048" /><testcase classname="backend.tests.test_new_features.TestRelatoriosExcel" name="test_relatorio_validacoes_excel" time="0.049" /><testcase classname="backend.tests.test_new_features.TestRelatoriosExcel" name="test_relatorio_dissidio_previa_excel" time="0.091" /><testcase classname="backend.tests.test_new_features.TestRelatoriosExcel" name="test_relatorio_dissidio_previa_excel_not_found" time="0.038" /><testcase classname="backend.tests.test_new_features.TestClientes" name="test_list_clientes" time="0.040" /></testsuite></testsuites>