<?xml version="1.0" encoding="utf-8"?><testsuites name="pytest tests"><testsuite name="pytest" errors="0" failures="0" skipped="0" tests="9" time="0.863" timestamp="2026-02-09T18:16:04.265847+00:00" hostname="agent-env-eb0f69ec-0cf1-49e4-ab7b-d1a08bbc41bf"><testcase classname="backend.tests.test_iteration41_features.TestPisCofinsEndpoints" name="test_divergencias_endpoint_returns_regime" time="0.425" /><testcase classname="backend.tests.test_iteration41_features.TestPisCofinsEndpoints" name="test_detalhamento_endpoint_works" time="0.049" /><testcase classname="backend.tests.test_iteration41_features.TestInteligenciaTributaria" name="test_inteligencia_tributaria_has_pis_cofins_debitos" time="0.120" /><testcase classname="backend.tests.test_iteration41_features.TestLearnedRulesEndpoints" name="test_get_learned_rules" time="0.019" /><testcase classname="backend.tests.test_iteration41_features.TestLearnedRulesEndpoints" name="test_create_and_delete_learned_rule" time="0.092" /><testcase classname="backend.tests.test_iteration41_features.TestLearnedRulesEndpoints" name="test_update_nonexistent_rule_returns_404" time="0.010" /><testcase classname="backend.tests.test_iteration41_features.TestLearnedRulesEndpoints" name="test_delete_nonexistent_rule_returns_404" time="0.016" /><testcase classname="backend.tests.test_iteration41_features.TestCompanyRegimeUsage" name="test_company_has_regime_tributario" time="0.011" /><testcase classname="backend.tests.test_iteration41_features.TestApuracaoICMSEndpoint" name="test_apuracao_icms_returns_data" time="0.037" /></testsuite></testsuites>