<?xml version="1.0" encoding="utf-8"?><testsuites name="pytest tests"><testsuite name="pytest" errors="0" failures="0" skipped="0" tests="15" time="11.709" timestamp="2026-02-16T18:59:44.593774+00:00" hostname="agent-env-04995843-acc1-47fc-b40b-36a745c01bea"><testcase classname="backend.tests.test_iteration65_fiscal_endpoints.TestViloesOportunidades" name="test_viloes_oportunidades_republic_estrutura" time="0.829" /><testcase classname="backend.tests.test_iteration65_fiscal_endpoints.TestViloesOportunidades" name="test_viloes_oportunidades_comercial_rs_estrutura" time="0.529" /><testcase classname="backend.tests.test_iteration65_fiscal_endpoints.TestViloesOportunidades" name="test_viloes_oportunidades_tempo_resposta" time="0.303" /><testcase classname="backend.tests.test_iteration65_fiscal_endpoints.TestApuracaoPisCofins" name="test_pis_cofins_nao_trava" time="0.371" /><testcase classname="backend.tests.test_iteration65_fiscal_endpoints.TestApuracaoPisCofins" name="test_pis_cofins_tempo_resposta" time="0.376" /><testcase classname="backend.tests.test_iteration65_fiscal_endpoints.TestApuracaoPisCofins" name="test_pis_cofins_estrutura" time="0.355" /><testcase classname="backend.tests.test_iteration65_fiscal_endpoints.TestAnaliseHorizontal" name="test_analise_horizontal_estrutura" time="1.136" /><testcase classname="backend.tests.test_iteration65_fiscal_endpoints.TestAnaliseHorizontal" name="test_analise_horizontal_valores_compras_vendas" time="1.245" /><testcase classname="backend.tests.test_iteration65_fiscal_endpoints.TestAnaliseHorizontal" name="test_analise_horizontal_comercial_rs_tem_compras" time="1.138" /><testcase classname="backend.tests.test_iteration65_fiscal_endpoints.TestApuracaoIcms" name="test_icms_estrutura_basica" time="0.431" /><testcase classname="backend.tests.test_iteration65_fiscal_endpoints.TestApuracaoIcms" name="test_icms_cfops_2xxx_comercial_rs" time="0.440" /><testcase classname="backend.tests.test_iteration65_fiscal_endpoints.TestApuracaoIcms" name="test_icms_tempo_resposta" time="1.016" /><testcase classname="backend.tests.test_iteration65_fiscal_endpoints.TestApuracaoIcms" name="test_icms_totais_consistentes" time="0.836" /><testcase classname="backend.tests.test_iteration65_fiscal_endpoints.TestSanityCkeck" name="test_login_funciona" time="0.396" /><testcase classname="backend.tests.test_iteration65_fiscal_endpoints.TestSanityCkeck" name="test_todos_endpoints_respondem" time="2.222" /></testsuite></testsuites>