<?xml version="1.0" encoding="utf-8"?><testsuites name="pytest tests"><testsuite name="pytest" errors="0" failures="0" skipped="1" tests="17" time="1.058" timestamp="2026-02-03T23:55:23.463959+00:00" hostname="agent-env-8dbedad2-33fa-4c2b-b8d8-3dd404ab27b0"><testcase classname="backend.tests.test_reclassification_ai.TestSetup" name="test_login_admin" time="0.282" /><testcase classname="backend.tests.test_reclassification_ai.TestSetup" name="test_get_company_for_testing" time="0.038" /><testcase classname="backend.tests.test_reclassification_ai.TestReclassificationDocuments" name="test_get_documents_for_reclassification_success" time="0.040" /><testcase classname="backend.tests.test_reclassification_ai.TestReclassificationDocuments" name="test_get_documents_with_tipo_filter" time="0.077" /><testcase classname="backend.tests.test_reclassification_ai.TestReclassificationDocuments" name="test_get_documents_invalid_company" time="0.034" /><testcase classname="backend.tests.test_reclassification_ai.TestReclassificationProducts" name="test_get_products_grouped_success" time="0.037" /><testcase classname="backend.tests.test_reclassification_ai.TestReclassificationProducts" name="test_get_products_invalid_company" time="0.073" /><testcase classname="backend.tests.test_reclassification_ai.TestLearnedRules" name="test_get_learned_rules_success" time="0.041" /><testcase classname="backend.tests.test_reclassification_ai.TestTaxValidation" name="test_validate_taxes_no_documents" time="0.036" /><testcase classname="backend.tests.test_reclassification_ai.TestTaxValidation" name="test_validate_taxes_invalid_company" time="0.042" /><testcase classname="backend.tests.test_reclassification_ai.TestTaxValidation" name="test_validate_taxes_with_documents" time="0.036"><skipped type="pytest.skip" message="No documents available for tax validation test">/app/backend/tests/test_reclassification_ai.py:299: No documents available for tax validation test</skipped></testcase><testcase classname="backend.tests.test_reclassification_ai.TestAIReclassify" name="test_reclassify_no_documents" time="0.036" /><testcase classname="backend.tests.test_reclassification_ai.TestAIReclassify" name="test_reclassify_invalid_company" time="0.035" /><testcase classname="backend.tests.test_reclassification_ai.TestManualReclassify" name="test_manual_reclassify_invalid_document" time="0.037" /><testcase classname="backend.tests.test_reclassification_ai.TestSPEDExportWithCompetencia" name="test_sped_export_with_competencia" time="0.039" /><testcase classname="backend.tests.test_reclassification_ai.TestReportsWithCompetencia" name="test_report_by_product_with_competencia" time="0.034" /><testcase classname="backend.tests.test_reclassification_ai.TestReportsWithCompetencia" name="test_report_by_ncm_with_competencia" time="0.074" /></testsuite></testsuites>