<?xml version="1.0" encoding="utf-8"?><testsuites name="pytest tests"><testsuite name="pytest" errors="0" failures="0" skipped="0" tests="16" time="4.341" timestamp="2026-02-10T11:32:08.985903+00:00" hostname="agent-env-16a0ac06-4718-47cf-bd38-3ae6cc8044e8"><testcase classname="tests.test_iteration44_features.TestAuth" name="test_login_success" time="0.485" /><testcase classname="tests.test_iteration44_features.TestAnaliseHorizontal" name="test_analise_horizontal_endpoint_exists" time="0.872" /><testcase classname="tests.test_iteration44_features.TestAnaliseHorizontal" name="test_analise_horizontal_returns_correct_structure" time="0.550" /><testcase classname="tests.test_iteration44_features.TestAnaliseHorizontal" name="test_analise_horizontal_mensal_data_structure" time="0.552" /><testcase classname="tests.test_iteration44_features.TestAnaliseHorizontal" name="test_analise_horizontal_ano_parameter" time="0.389" /><testcase classname="tests.test_iteration44_features.TestAnaliseHorizontal" name="test_analise_horizontal_invalid_company" time="0.036" /><testcase classname="tests.test_iteration44_features.TestDIFALApuracao" name="test_difal_endpoint_exists" time="0.331" /><testcase classname="tests.test_iteration44_features.TestDIFALApuracao" name="test_difal_returns_correct_structure" time="0.050" /><testcase classname="tests.test_iteration44_features.TestDIFALApuracao" name="test_difal_rejects_non_simples_nacional" time="0.069" /><testcase classname="tests.test_iteration44_features.TestDIFALApuracao" name="test_difal_invalid_company" time="0.037" /><testcase classname="tests.test_iteration44_features.TestNfseCancellationReport" name="test_cancellation_report_endpoint_exists" time="0.347" /><testcase classname="tests.test_iteration44_features.TestNfseCancellationReport" name="test_cancellation_report_csv_parsing" time="0.081" /><testcase classname="tests.test_iteration44_features.TestNfseCancellationReport" name="test_cancellation_report_txt_parsing" time="0.037" /><testcase classname="tests.test_iteration44_features.TestNfseCancellationReport" name="test_cancellation_report_xml_parsing" time="0.041" /><testcase classname="tests.test_iteration44_features.TestNfseCancellationReport" name="test_cancellation_report_invalid_company" time="0.038" /><testcase classname="tests.test_iteration44_features.TestAnaliseHorizontalInsights" name="test_insights_endpoint_exists" time="0.346" /></testsuite></testsuites>