<?xml version="1.0" encoding="utf-8"?><testsuites name="pytest tests"><testsuite name="pytest" errors="0" failures="3" skipped="0" tests="9" time="0.733" timestamp="2026-02-09T18:14:32.149463+00:00" hostname="agent-env-eb0f69ec-0cf1-49e4-ab7b-d1a08bbc41bf"><testcase classname="backend.tests.test_iteration41_features.TestPisCofinsEndpoints" name="test_divergencias_endpoint_returns_regime" time="0.429" /><testcase classname="backend.tests.test_iteration41_features.TestPisCofinsEndpoints" name="test_detalhamento_endpoint_works" time="0.053"><failure message="AssertionError: Response should have 'subtotais_entrada' field&#10;assert 'subtotais_entrada' in {'competencia': '01/2026', 'empresa': 'TEKNOLINK SJC DISTRIBUIDORA DE SOLUCAO EM SEGURANCA ELETRONICA LTDA', 'entradas': {'itens': [{'aliquota_cofins': 0, 'aliquota_pis': 0, 'cfop': '2102', 'classificacao': 'REGRA_GERAL', ...}, {'aliquota_cofins': 0, 'aliquota_pis': 0, 'cfop': '2102', 'classificacao': 'REGRA_GERAL', ...}, {'aliquota_cofins': 0, 'aliquota_pis': 0, 'cfop': '2102', 'classificacao': 'REGRA_GERAL', ...}, {'aliquota_cofins': 0, 'aliquota_pis': 0, 'cfop': '1102', 'classificacao': 'REGRA_GERAL', ...}, {'aliquota_cofins': 0, 'aliquota_pis': 0, 'cfop': '2102', 'classificacao': 'REGRA_GERAL', ...}, {'aliquota_cofins': 0, 'aliquota_pis': 0, 'cfop': '1102', 'classificacao': 'REGRA_GERAL', ...}, ...], 'subtotais': {'quantidade': 119, 'valor_base': 238572.76, 'valor_cofins': 0, 'valor_pis': 0}}, 'saidas': {'itens': [{'aliquota_cofins': 3.0, 'aliquota_pis': 0.65, 'cfop': '6108', 'classificacao': 'REGRA_GERAL', ...}, {'aliquota_cofins': 3.0, 'aliquota_pis': 0.65, 'cfop': '6102', 'classificacao': 'REGRA_GERAL', ...}, {'aliquota_cofins': 3.0, 'aliquota_pis': 0.65, 'cfop': '6108', 'classificacao': 'REGRA_GERAL', ...}, {'aliquota_cofins': 3.0, 'aliquota_pis': 0.65, 'cfop': '6108', 'classificacao': 'REGRA_GERAL', ...}, {'aliquota_cofins': 3.0, 'aliquota_pis': 0.65, 'cfop': '6102', 'classificacao': 'REGRA_GERAL', ...}, {'aliquota_cofins': 3.0, 'aliquota_pis': 0.65, 'cfop': '6108', 'classificacao': 'REGRA_GERAL', ...}, ...], 'subtotais': {'quantidade': 333, 'valor_base': 149148.26, 'valor_cofins': 4359.43, 'valor_pis': 944.55}}, ...}">backend/tests/test_iteration41_features.py:90: in test_detalhamento_endpoint_works
    assert "subtotais_entrada" in data, "Response should have 'subtotais_entrada' field"
E   AssertionError: Response should have 'subtotais_entrada' field
E   assert 'subtotais_entrada' in {'competencia': '01/2026', 'empresa': 'TEKNOLINK SJC DISTRIBUIDORA DE SOLUCAO EM SEGURANCA ELETRONICA LTDA', 'entradas': {'itens': [{'aliquota_cofins': 0, 'aliquota_pis': 0, 'cfop': '2102', 'classificacao': 'REGRA_GERAL', ...}, {'aliquota_cofins': 0, 'aliquota_pis': 0, 'cfop': '2102', 'classificacao': 'REGRA_GERAL', ...}, {'aliquota_cofins': 0, 'aliquota_pis': 0, 'cfop': '2102', 'classificacao': 'REGRA_GERAL', ...}, {'aliquota_cofins': 0, 'aliquota_pis': 0, 'cfop': '1102', 'classificacao': 'REGRA_GERAL', ...}, {'aliquota_cofins': 0, 'aliquota_pis': 0, 'cfop': '2102', 'classificacao': 'REGRA_GERAL', ...}, {'aliquota_cofins': 0, 'aliquota_pis': 0, 'cfop': '1102', 'classificacao': 'REGRA_GERAL', ...}, ...], 'subtotais': {'quantidade': 119, 'valor_base': 238572.76, 'valor_cofins': 0, 'valor_pis': 0}}, 'saidas': {'itens': [{'aliquota_cofins': 3.0, 'aliquota_pis': 0.65, 'cfop': '6108', 'classificacao': 'REGRA_GERAL', ...}, {'aliquota_cofins': 3.0, 'aliquota_pis': 0.65, 'cfop': '6102', 'classificacao': 'REGRA_GERAL', ...}, {'aliquota_cofins': 3.0, 'aliquota_pis': 0.65, 'cfop': '6108', 'classificacao': 'REGRA_GERAL', ...}, {'aliquota_cofins': 3.0, 'aliquota_pis': 0.65, 'cfop': '6108', 'classificacao': 'REGRA_GERAL', ...}, {'aliquota_cofins': 3.0, 'aliquota_pis': 0.65, 'cfop': '6102', 'classificacao': 'REGRA_GERAL', ...}, {'aliquota_cofins': 3.0, 'aliquota_pis': 0.65, 'cfop': '6108', 'classificacao': 'REGRA_GERAL', ...}, ...], 'subtotais': {'quantidade': 333, 'valor_base': 149148.26, 'valor_cofins': 4359.43, 'valor_pis': 944.55}}, ...}</failure></testcase><testcase classname="backend.tests.test_iteration41_features.TestInteligenciaTributaria" name="test_inteligencia_tributaria_has_pis_cofins_debitos" time="0.012"><failure message="AssertionError: Expected 200, got 404: {&quot;detail&quot;:&quot;Not Found&quot;}&#10;assert 404 == 200&#10; +  where 404 = &lt;Response [404]&gt;.status_code">backend/tests/test_iteration41_features.py:115: in test_inteligencia_tributaria_has_pis_cofins_debitos
    assert response.status_code == 200, f"Expected 200, got {response.status_code}: {response.text}"
E   AssertionError: Expected 200, got 404: {"detail":"Not Found"}
E   assert 404 == 200
E    +  where 404 = &lt;Response [404]&gt;.status_code</failure></testcase><testcase classname="backend.tests.test_iteration41_features.TestLearnedRulesEndpoints" name="test_get_learned_rules" time="0.017" /><testcase classname="backend.tests.test_iteration41_features.TestLearnedRulesEndpoints" name="test_create_and_delete_learned_rule" time="0.045" /><testcase classname="backend.tests.test_iteration41_features.TestLearnedRulesEndpoints" name="test_update_nonexistent_rule_returns_404" time="0.009" /><testcase classname="backend.tests.test_iteration41_features.TestLearnedRulesEndpoints" name="test_delete_nonexistent_rule_returns_404" time="0.013" /><testcase classname="backend.tests.test_iteration41_features.TestCompanyRegimeUsage" name="test_company_has_regime_tributario" time="0.009" /><testcase classname="backend.tests.test_iteration41_features.TestApuracaoICMSEndpoint" name="test_apuracao_icms_returns_data" time="0.039"><failure message="KeyError: 0">backend/tests/test_iteration41_features.py:261: in test_apuracao_icms_returns_data
    entry = data["entradas"][0]
            ^^^^^^^^^^^^^^^^^^^
E   KeyError: 0</failure></testcase></testsuite></testsuites>