<?xml version="1.0" encoding="utf-8"?><testsuites name="pytest tests"><testsuite name="pytest" errors="0" failures="0" skipped="0" tests="16" time="59.329" timestamp="2026-02-09T17:14:17.068150+00:00" hostname="agent-env-66ea0756-95ab-4ece-af4f-1bf4d95bc676"><testcase classname="backend.tests.test_iteration40_features.TestExportarProdutosAgrupados" name="test_endpoint_exists_and_returns_xlsx" time="55.689" /><testcase classname="backend.tests.test_iteration40_features.TestExportarProdutosAgrupados" name="test_xlsx_file_has_content" time="0.269" /><testcase classname="backend.tests.test_iteration40_features.TestExportarProdutosAgrupados" name="test_invalid_company_returns_404" time="0.042" /><testcase classname="backend.tests.test_iteration40_features.TestExportarProdutosAgrupados" name="test_requires_authentication" time="0.080" /><testcase classname="backend.tests.test_iteration40_features.TestRelatorioAgrupado" name="test_icms_export_endpoint_exists" time="1.666" /><testcase classname="backend.tests.test_iteration40_features.TestRelatorioAgrupado" name="test_icms_export_entrada" time="0.192" /><testcase classname="backend.tests.test_iteration40_features.TestRelatorioAgrupado" name="test_icms_export_for_presumido_company" time="0.101" /><testcase classname="backend.tests.test_iteration40_features.TestDashboardSimplesNacional" name="test_dashboard_returns_200" time="0.180" /><testcase classname="backend.tests.test_iteration40_features.TestDashboardSimplesNacional" name="test_dashboard_has_descontos_structure" time="0.156" /><testcase classname="backend.tests.test_iteration40_features.TestDashboardSimplesNacional" name="test_dashboard_descontos_values_are_numeric" time="0.158" /><testcase classname="backend.tests.test_iteration40_features.TestDashboardSimplesNacional" name="test_dashboard_has_faturamento_data" time="0.298" /><testcase classname="backend.tests.test_iteration40_features.TestDashboardSimplesNacional" name="test_dashboard_has_enquadramento" time="0.158" /><testcase classname="backend.tests.test_iteration40_features.TestDashboardSimplesNacional" name="test_dashboard_das_calculation" time="0.158" /><testcase classname="backend.tests.test_iteration40_features.TestCompaniesOrdering" name="test_companies_list_endpoint" time="0.035" /><testcase classname="backend.tests.test_iteration40_features.TestCompaniesOrdering" name="test_companies_have_codigo_empresa_field" time="0.038" /><testcase classname="backend.tests.test_iteration40_features.TestCompaniesOrdering" name="test_companies_have_sortable_fields" time="0.040" /></testsuite></testsuites>