<?xml version="1.0" encoding="utf-8"?><testsuites name="pytest tests"><testsuite name="pytest" errors="2" failures="0" skipped="1" tests="12" time="4.181" timestamp="2026-02-05T14:28:58.117700+00:00" hostname="agent-env-cdba2d6e-2061-4d1c-b942-2f91432c1abf"><testcase classname="backend.tests.test_iteration14_features.TestAuthentication" name="test_login_success" time="0.352" /><testcase classname="backend.tests.test_iteration14_features.TestTheFuzzLibrary" name="test_thefuzz_import" time="0.009" /><testcase classname="backend.tests.test_iteration14_features.TestTheFuzzLibrary" name="test_thefuzz_process" time="0.000" /><testcase classname="backend.tests.test_iteration14_features.TestSmartReclassifyEndpoint" name="test_smart_reclassify_endpoint_exists" time="2.604" /><testcase classname="backend.tests.test_iteration14_features.TestSmartReclassifyEndpoint" name="test_smart_reclassify_validation" time="0.045" /><testcase classname="backend.tests.test_iteration14_features.TestXMLUploadAddressExtraction" name="test_emitente_address_extracted" time="0.320"><error message="failed on setup with &quot;AssertionError: Upload failed: 422 - {&quot;detail&quot;:[{&quot;type&quot;:&quot;missing&quot;,&quot;loc&quot;:[&quot;body&quot;,&quot;tipo&quot;],&quot;msg&quot;:&quot;Field required&quot;,&quot;input&quot;:null,&quot;url&quot;:&quot;https://errors.pydantic.dev/2.12/v/missing&quot;},{&quot;type&quot;:&quot;missing&quot;,&quot;loc&quot;:[&quot;body&quot;,&quot;files&quot;],&quot;msg&quot;:&quot;Field required&quot;,&quot;input&quot;:null,&quot;url&quot;:&quot;https://errors.pydantic.dev/2.12/v/missing&quot;}]}&#10;assert 422 == 200&#10; +  where 422 = &lt;Response [422]&gt;.status_code&quot;">backend/tests/test_iteration14_features.py:356: in uploaded_document_id
    assert response.status_code == 200, f"Upload failed: {response.status_code} - {response.text}"
E   AssertionError: Upload failed: 422 - {"detail":[{"type":"missing","loc":["body","tipo"],"msg":"Field required","input":null,"url":"https://errors.pydantic.dev/2.12/v/missing"},{"type":"missing","loc":["body","files"],"msg":"Field required","input":null,"url":"https://errors.pydantic.dev/2.12/v/missing"}]}
E   assert 422 == 200
E    +  where 422 = &lt;Response [422]&gt;.status_code</error></testcase><testcase classname="backend.tests.test_iteration14_features.TestXMLUploadAddressExtraction" name="test_destinatario_address_extracted" time="0.000"><error message="failed on setup with &quot;AssertionError: Upload failed: 422 - {&quot;detail&quot;:[{&quot;type&quot;:&quot;missing&quot;,&quot;loc&quot;:[&quot;body&quot;,&quot;tipo&quot;],&quot;msg&quot;:&quot;Field required&quot;,&quot;input&quot;:null,&quot;url&quot;:&quot;https://errors.pydantic.dev/2.12/v/missing&quot;},{&quot;type&quot;:&quot;missing&quot;,&quot;loc&quot;:[&quot;body&quot;,&quot;files&quot;],&quot;msg&quot;:&quot;Field required&quot;,&quot;input&quot;:null,&quot;url&quot;:&quot;https://errors.pydantic.dev/2.12/v/missing&quot;}]}&#10;assert 422 == 200&#10; +  where 422 = &lt;Response [422]&gt;.status_code&quot;">backend/tests/test_iteration14_features.py:356: in uploaded_document_id
    assert response.status_code == 200, f"Upload failed: {response.status_code} - {response.text}"
E   AssertionError: Upload failed: 422 - {"detail":[{"type":"missing","loc":["body","tipo"],"msg":"Field required","input":null,"url":"https://errors.pydantic.dev/2.12/v/missing"},{"type":"missing","loc":["body","files"],"msg":"Field required","input":null,"url":"https://errors.pydantic.dev/2.12/v/missing"}]}
E   assert 422 == 200
E    +  where 422 = &lt;Response [422]&gt;.status_code</error></testcase><testcase classname="backend.tests.test_iteration14_features.TestSPEDFiscalExport" name="test_sped_export_endpoint_exists" time="0.314" /><testcase classname="backend.tests.test_iteration14_features.TestSPEDFiscalExport" name="test_sped_registro_0150_has_complete_data" time="0.035"><skipped type="pytest.skip" message="No documents available for SPED export">/app/backend/tests/test_iteration14_features.py:472: No documents available for SPED export</skipped></testcase><testcase classname="backend.tests.test_iteration14_features.TestAPIEndpoints" name="test_api_health" time="0.044" /><testcase classname="backend.tests.test_iteration14_features.TestAPIEndpoints" name="test_companies_list" time="0.310" /><testcase classname="backend.tests.test_iteration14_features.TestAPIEndpoints" name="test_documents_list" time="0.043" /></testsuite></testsuites>