<?xml version="1.0" encoding="utf-8"?><testsuites name="pytest tests"><testsuite name="pytest" errors="0" failures="0" skipped="1" tests="9" time="2.805" timestamp="2026-02-09T18:39:48.225447+00:00" hostname="agent-env-eb0f69ec-0cf1-49e4-ab7b-d1a08bbc41bf"><testcase classname="backend.tests.test_iteration42_features.TestAuthentication" name="test_login_success" time="0.338" /><testcase classname="backend.tests.test_iteration42_features.TestCompanyData" name="test_teknolink_company_activity" time="0.315" /><testcase classname="backend.tests.test_iteration42_features.TestApuracaoICMS" name="test_icms_apuracao_returns_cfop_data" time="0.333" /><testcase classname="backend.tests.test_iteration42_features.TestApuracaoIPI" name="test_ipi_apuracao_returns_cfop_data" time="0.334" /><testcase classname="backend.tests.test_iteration42_features.TestUsersEndpoint" name="test_users_list_returns_sortable_fields" time="0.313" /><testcase classname="backend.tests.test_iteration42_features.TestLearnedRules" name="test_get_learned_rules" time="0.329" /><testcase classname="backend.tests.test_iteration42_features.TestClassificationValidation" name="test_classification_validacao_endpoint" time="0.373"><skipped type="pytest.skip" message="Classification validation endpoint not found">/app/backend/tests/test_iteration42_features.py:209: Classification validation endpoint not found</skipped></testcase><testcase classname="backend.tests.test_iteration42_features.TestDocumentTypes" name="test_documents_endpoint" time="0.403" /><testcase classname="backend.tests.test_iteration42_features.TestFallbackClassification" name="test_fallback_code_exists" time="0.002" /></testsuite></testsuites>