<?xml version="1.0" encoding="utf-8"?><testsuites name="pytest tests"><testsuite name="pytest" errors="0" failures="2" skipped="0" tests="16" time="37.239" timestamp="2026-02-04T16:31:30.285047+00:00" hostname="agent-env-4adadbbb-85df-4a64-85f6-b0f15950a2a6"><testcase classname="backend.tests.test_templates_minutas.TestAuthSetup" name="test_health_check" time="0.104" /><testcase classname="backend.tests.test_templates_minutas.TestAuthSetup" name="test_login_success" time="0.083" /><testcase classname="backend.tests.test_templates_minutas.TestTemplateUpload" name="test_template_upload_docx" time="0.077" /><testcase classname="backend.tests.test_templates_minutas.TestTemplateUpload" name="test_template_upload_invalid_format" time="0.042" /><testcase classname="backend.tests.test_templates_minutas.TestTemplateUpload" name="test_list_templates" time="0.040" /><testcase classname="backend.tests.test_templates_minutas.TestTemplateUpload" name="test_delete_template" time="0.077" /><testcase classname="backend.tests.test_templates_minutas.TestMinutasListing" name="test_list_minutas" time="0.080" /><testcase classname="backend.tests.test_templates_minutas.TestMinutasListing" name="test_create_minuta_for_download_test" time="0.039" /><testcase classname="backend.tests.test_templates_minutas.TestMinutaDownload" name="test_download_word_without_content" time="0.145" /><testcase classname="backend.tests.test_templates_minutas.TestMinutaDownload" name="test_download_pdf_without_content" time="0.210" /><testcase classname="backend.tests.test_templates_minutas.TestMinutaDownload" name="test_download_word_with_content" time="35.599"><failure message="assert 520 == 200&#10; +  where 520 = &lt;Response [520]&gt;.status_code">backend/tests/test_templates_minutas.py:394: in test_download_word_with_content
    assert download_response.status_code == 200
E   assert 520 == 200
E    +  where 520 = &lt;Response [520]&gt;.status_code</failure></testcase><testcase classname="backend.tests.test_templates_minutas.TestMinutaDownload" name="test_download_pdf_with_content" time="0.101"><failure message="assert 520 == 200&#10; +  where 520 = &lt;Response [520]&gt;.status_code">backend/tests/test_templates_minutas.py:421: in test_download_pdf_with_content
    assert download_response.status_code == 200
E   assert 520 == 200
E    +  where 520 = &lt;Response [520]&gt;.status_code</failure></testcase><testcase classname="backend.tests.test_templates_minutas.TestMinutaDownload" name="test_download_nonexistent_minuta" time="0.073" /><testcase classname="backend.tests.test_templates_minutas.TestMinutaWithTemplateFormatting" name="test_upload_template_and_download_formatted_minuta" time="0.162" /><testcase classname="backend.tests.test_templates_minutas.TestCleanup" name="test_cleanup_test_minutas" time="0.216" /><testcase classname="backend.tests.test_templates_minutas.TestCleanup" name="test_cleanup_test_templates" time="0.041" /></testsuite></testsuites>