<?xml version="1.0" encoding="utf-8"?><testsuites name="pytest tests"><testsuite name="pytest" errors="0" failures="0" skipped="0" tests="20" time="23.502" timestamp="2026-02-08T22:15:57.250412+00:00" hostname="agent-env-ff03c040-37f9-459e-be5a-5271a38fdc35"><testcase classname="backend.tests.test_apuracao_ipi_ret.TestApuracaoIPIEndpoint" name="test_apuracao_ipi_returns_200" time="0.625" /><testcase classname="backend.tests.test_apuracao_ipi_ret.TestApuracaoIPIEndpoint" name="test_apuracao_ipi_returns_empresa_info" time="0.208" /><testcase classname="backend.tests.test_apuracao_ipi_ret.TestApuracaoIPIEndpoint" name="test_apuracao_ipi_returns_entradas" time="0.204" /><testcase classname="backend.tests.test_apuracao_ipi_ret.TestApuracaoIPIEndpoint" name="test_apuracao_ipi_returns_saidas" time="0.204" /><testcase classname="backend.tests.test_apuracao_ipi_ret.TestApuracaoIPIEndpoint" name="test_apuracao_ipi_cfop_structure" time="0.203" /><testcase classname="backend.tests.test_apuracao_ipi_ret.TestApuracaoIPIEndpoint" name="test_apuracao_ipi_returns_top_10" time="0.255" /><testcase classname="backend.tests.test_apuracao_ipi_ret.TestApuracaoIPIEndpoint" name="test_apuracao_ipi_returns_apuracao" time="0.203" /><testcase classname="backend.tests.test_apuracao_ipi_ret.TestApuracaoIPIEndpoint" name="test_apuracao_ipi_returns_401_without_auth" time="0.035" /><testcase classname="backend.tests.test_apuracao_ipi_ret.TestApuracaoIPIEndpoint" name="test_apuracao_ipi_returns_404_invalid_company" time="0.014" /><testcase classname="backend.tests.test_apuracao_ipi_ret.TestApuracaoICMSWithST" name="test_apuracao_icms_returns_icms_st_section" time="0.203" /><testcase classname="backend.tests.test_apuracao_ipi_ret.TestApuracaoICMSWithST" name="test_apuracao_icms_st_has_saidas" time="0.216" /><testcase classname="backend.tests.test_apuracao_ipi_ret.TestApuracaoICMSWithST" name="test_apuracao_icms_st_has_devolucoes" time="0.216" /><testcase classname="backend.tests.test_apuracao_ipi_ret.TestApuracaoICMSWithST" name="test_apuracao_icms_st_has_apuracao" time="0.260" /><testcase classname="backend.tests.test_apuracao_ipi_ret.TestApuracaoICMSWithST" name="test_apuracao_icms_st_cfop_structure" time="0.215" /><testcase classname="backend.tests.test_apuracao_ipi_ret.TestAnaliseTributariaIA" name="test_analise_tributaria_ia_endpoint_exists" time="17.079" /><testcase classname="backend.tests.test_apuracao_ipi_ret.TestRETPageDependencies" name="test_apuracao_icms_accessible" time="0.260" /><testcase classname="backend.tests.test_apuracao_ipi_ret.TestRETPageDependencies" name="test_apuracao_iss_accessible" time="0.078" /><testcase classname="backend.tests.test_apuracao_ipi_ret.TestRETPageDependencies" name="test_pis_cofins_apuracao_accessible" time="2.512" /><testcase classname="backend.tests.test_apuracao_ipi_ret.TestIPIDataValues" name="test_ipi_credito_value" time="0.186" /><testcase classname="backend.tests.test_apuracao_ipi_ret.TestIPIDataValues" name="test_ipi_has_entradas_data" time="0.249" /></testsuite></testsuites>