<?xml version="1.0" encoding="utf-8"?><testsuites name="pytest tests"><testsuite name="pytest" errors="0" failures="0" skipped="0" tests="13" time="4.970" timestamp="2026-02-25T14:14:43.292423+00:00" hostname="agent-env-01635eff-0d5f-400a-9908-a143be3b7a1b"><testcase classname="backend.tests.test_saldo_credor_transporte.TestSaldoCredorTransporte" name="test_01_login_success" time="0.482" /><testcase classname="backend.tests.test_saldo_credor_transporte.TestSaldoCredorTransporte" name="test_02_icms_janeiro_saldo_credor" time="0.529" /><testcase classname="backend.tests.test_saldo_credor_transporte.TestSaldoCredorTransporte" name="test_03_piscofins_janeiro_preserva_icms" time="0.492" /><testcase classname="backend.tests.test_saldo_credor_transporte.TestSaldoCredorTransporte" name="test_04_icms_fevereiro_busca_saldo_janeiro" time="0.140" /><testcase classname="backend.tests.test_saldo_credor_transporte.TestSaldoCredorTransporte" name="test_05_piscofins_fevereiro_busca_saldo_janeiro" time="0.123" /><testcase classname="backend.tests.test_saldo_credor_transporte.TestSaldoCredorTransporte" name="test_06_ret_fevereiro_saldo_credor" time="0.240" /><testcase classname="backend.tests.test_saldo_credor_transporte.TestSaldoCredorTransporte" name="test_07_reforma_tributaria_fevereiro_saldo_credor" time="0.115" /><testcase classname="backend.tests.test_saldo_credor_transporte.TestSaldoCredorTransporte" name="test_08_dashboard_janeiro_saldo_credor" time="0.236" /><testcase classname="backend.tests.test_saldo_credor_transporte.TestSaldoCredorTransporte" name="test_09_dashboard_fevereiro_saldo_credor" time="0.140" /><testcase classname="backend.tests.test_saldo_credor_transporte.TestSaldoCredorTransporte" name="test_10_consistency_between_endpoints_janeiro" time="1.051" /><testcase classname="backend.tests.test_saldo_credor_transporte.TestSaldoCredorPersistence" name="test_01_call_icms_janeiro_saves_saldo" time="0.672" /><testcase classname="backend.tests.test_saldo_credor_transporte.TestSaldoCredorPersistence" name="test_02_call_piscofins_janeiro_saves_saldo" time="0.441" /><testcase classname="backend.tests.test_saldo_credor_transporte.TestSaldoCredorPersistence" name="test_03_verify_fevereiro_gets_janeiro_saldo" time="0.251" /></testsuite></testsuites>