<?xml version="1.0" encoding="utf-8"?><testsuites name="pytest tests"><testsuite name="pytest" errors="0" failures="0" skipped="0" tests="13" time="2.928" timestamp="2026-02-13T11:34:17.063274+00:00" hostname="agent-env-98c5fcea-8d36-4fdb-ad9b-c3a65c82f7ee"><testcase classname="backend.tests.test_wizard_fechamento.TestWizardFechamentoStatus" name="test_get_wizard_status" time="0.760" /><testcase classname="backend.tests.test_wizard_fechamento.TestWizardFechamentoStatus" name="test_get_wizard_status_invalid_company" time="0.133" /><testcase classname="backend.tests.test_wizard_fechamento.TestWizardFechamentoSummary" name="test_get_wizard_summary" time="0.172" /><testcase classname="backend.tests.test_wizard_fechamento.TestWizardFechamentoStepData" name="test_get_step1_data" time="0.195" /><testcase classname="backend.tests.test_wizard_fechamento.TestWizardFechamentoStepData" name="test_get_step2_data" time="0.181" /><testcase classname="backend.tests.test_wizard_fechamento.TestWizardFechamentoStepData" name="test_get_step3_data" time="0.145" /><testcase classname="backend.tests.test_wizard_fechamento.TestWizardFechamentoStepData" name="test_get_step4_data" time="0.169" /><testcase classname="backend.tests.test_wizard_fechamento.TestWizardFechamentoStepData" name="test_get_step5_data" time="0.262" /><testcase classname="backend.tests.test_wizard_fechamento.TestWizardFechamentoStepData" name="test_get_step6_data" time="0.117" /><testcase classname="backend.tests.test_wizard_fechamento.TestWizardFechamentoNavigation" name="test_go_to_step" time="0.109" /><testcase classname="backend.tests.test_wizard_fechamento.TestWizardFechamentoNavigation" name="test_go_to_step_and_verify" time="0.220" /><testcase classname="backend.tests.test_wizard_fechamento.TestWizardFechamentoComplete" name="test_complete_step2" time="0.238" /><testcase classname="backend.tests.test_wizard_fechamento.TestWizardFechamentoComplete" name="test_verify_step_completion" time="0.144" /></testsuite></testsuites>