<?xml version="1.0" encoding="utf-8"?><testsuites name="pytest tests"><testsuite name="pytest" errors="0" failures="1" skipped="0" tests="10" time="0.846" timestamp="2026-02-04T01:33:07.660013+00:00" hostname="agent-env-f4a6f4d5-55df-4a77-8db5-4db20b1b1cfc"><testcase classname="backend.tests.test_dashboard_validation.TestDashboardStats" name="test_dashboard_stats_endpoint_exists" time="0.365" /><testcase classname="backend.tests.test_dashboard_validation.TestDashboardStats" name="test_dashboard_stats_structure" time="0.042" /><testcase classname="backend.tests.test_dashboard_validation.TestDashboardStats" name="test_dashboard_quantidades_by_type" time="0.042" /><testcase classname="backend.tests.test_dashboard_validation.TestDashboardStats" name="test_dashboard_valores" time="0.038" /><testcase classname="backend.tests.test_dashboard_validation.TestDashboardStats" name="test_dashboard_impostos" time="0.040" /><testcase classname="backend.tests.test_dashboard_validation.TestDashboardStats" name="test_dashboard_markup_indicator" time="0.043" /><testcase classname="backend.tests.test_dashboard_validation.TestDashboardStats" name="test_dashboard_stats_invalid_company" time="0.040" /><testcase classname="backend.tests.test_dashboard_validation.TestValidationFiltering" name="test_documents_endpoint_returns_entrada_and_saida" time="0.050" /><testcase classname="backend.tests.test_dashboard_validation.TestValidationFiltering" name="test_documents_have_produtos" time="0.051" /><testcase classname="backend.tests.test_dashboard_validation.TestXMLTypeDetection" name="test_documents_have_modelo_field" time="0.054"><failure message="AssertionError: Document 510e4f9b-f3d7-4216-a4eb-d28c8b20110d missing 'modelo' field&#10;assert 'modelo' in {'chave_nfe': '35251238875365000213550010000300731092546040', 'company_id': 'e04975c4-b209-483f-b9bf-4e429a52fa74', 'competencia': '12/2025', 'data_emissao': '2025-12-11T08:32:00-03:00', ...}">backend/tests/test_dashboard_validation.py:206: in test_documents_have_modelo_field
    assert "modelo" in doc, f"Document {doc.get('id')} missing 'modelo' field"
E   AssertionError: Document 510e4f9b-f3d7-4216-a4eb-d28c8b20110d missing 'modelo' field
E   assert 'modelo' in {'chave_nfe': '35251238875365000213550010000300731092546040', 'company_id': 'e04975c4-b209-483f-b9bf-4e429a52fa74', 'competencia': '12/2025', 'data_emissao': '2025-12-11T08:32:00-03:00', ...}</failure></testcase></testsuite></testsuites>