<?xml version="1.0" encoding="utf-8"?><testsuites name="pytest tests"><testsuite name="pytest" errors="0" failures="0" skipped="0" tests="10" time="11.223" timestamp="2026-02-16T23:18:26.484345+00:00" hostname="agent-env-dd627049-8f55-49ed-b1ea-c7893fea1319"><testcase classname="backend.tests.test_compras_vendas_markup_consistency.TestComprasVendasMarkupConsistency" name="test_apuracao_icms_returns_compras_vendas_markup" time="0.970" /><testcase classname="backend.tests.test_compras_vendas_markup_consistency.TestComprasVendasMarkupConsistency" name="test_analise_horizontal_returns_compras_vendas_markup" time="1.205" /><testcase classname="backend.tests.test_compras_vendas_markup_consistency.TestComprasVendasMarkupConsistency" name="test_consistency_compras_liquidas_between_endpoints" time="1.599" /><testcase classname="backend.tests.test_compras_vendas_markup_consistency.TestComprasVendasMarkupConsistency" name="test_consistency_vendas_liquidas_between_endpoints" time="2.200" /><testcase classname="backend.tests.test_compras_vendas_markup_consistency.TestComprasVendasMarkupConsistency" name="test_consistency_markup_between_endpoints" time="1.502" /><testcase classname="backend.tests.test_compras_vendas_markup_consistency.TestComprasVendasMarkupConsistency" name="test_business_logic_compras_liquidas" time="0.765" /><testcase classname="backend.tests.test_compras_vendas_markup_consistency.TestComprasVendasMarkupConsistency" name="test_business_logic_vendas_liquidas" time="0.744" /><testcase classname="backend.tests.test_compras_vendas_markup_consistency.TestComprasVendasMarkupConsistency" name="test_business_logic_markup_formula" time="0.708" /><testcase classname="backend.tests.test_compras_vendas_markup_consistency.TestComprasVendasMarkupConsistency" name="test_expected_values_from_main_agent" time="0.733" /><testcase classname="backend.tests.test_compras_vendas_markup_consistency.TestIndicadoresPageIntegration" name="test_indicadores_page_data_source" time="0.720" /></testsuite></testsuites>