<?xml version="1.0" encoding="utf-8"?><testsuites name="pytest tests"><testsuite name="pytest" errors="0" failures="0" skipped="0" tests="16" time="80.699" timestamp="2026-02-05T22:03:39.846817+00:00" hostname="agent-env-17aa9d9b-eabc-46ae-b8f6-c255cca411f9"><testcase classname="backend.tests.test_analise_tributaria_ia.TestAnaliseTributariaIA" name="test_analise_tributaria_ia_returns_200" time="22.047" /><testcase classname="backend.tests.test_analise_tributaria_ia.TestAnaliseTributariaIA" name="test_analise_tributaria_ia_response_structure" time="23.594" /><testcase classname="backend.tests.test_analise_tributaria_ia.TestAnaliseTributariaIA" name="test_analise_tributaria_ia_resumo_fields" time="20.736" /><testcase classname="backend.tests.test_analise_tributaria_ia.TestAnaliseTributariaIA" name="test_analise_tributaria_ia_insights_generated" time="13.730" /><testcase classname="backend.tests.test_analise_tributaria_ia.TestAnaliseTributariaIA" name="test_analise_tributaria_ia_invalid_company" time="0.073" /><testcase classname="backend.tests.test_analise_tributaria_ia.TestAnaliseTributariaIA" name="test_analise_tributaria_ia_without_auth" time="0.043" /><testcase classname="backend.tests.test_analise_tributaria_ia.TestSpedExportarEValidar" name="test_sped_exportar_e_validar_returns_200" time="0.042" /><testcase classname="backend.tests.test_analise_tributaria_ia.TestSpedExportarEValidar" name="test_sped_exportar_e_validar_response_structure" time="0.040" /><testcase classname="backend.tests.test_analise_tributaria_ia.TestSpedExportarEValidar" name="test_sped_exportar_e_validar_validacao_structure" time="0.040" /><testcase classname="backend.tests.test_analise_tributaria_ia.TestSpedExportarEValidar" name="test_sped_exportar_e_validar_comparativo_cfop" time="0.039" /><testcase classname="backend.tests.test_analise_tributaria_ia.TestSpedExportarEValidar" name="test_sped_exportar_e_validar_with_excluir_creditos" time="0.039" /><testcase classname="backend.tests.test_analise_tributaria_ia.TestSpedExportarEValidar" name="test_sped_exportar_e_validar_invalid_company" time="0.039" /><testcase classname="backend.tests.test_analise_tributaria_ia.TestSpedExportarEValidar" name="test_sped_exportar_e_validar_invalid_competencia" time="0.039" /><testcase classname="backend.tests.test_analise_tributaria_ia.TestSpedExportarEValidar" name="test_sped_exportar_e_validar_without_auth" time="0.044" /><testcase classname="backend.tests.test_analise_tributaria_ia.TestIntegration" name="test_company_exists" time="0.037" /><testcase classname="backend.tests.test_analise_tributaria_ia.TestIntegration" name="test_documents_exist_for_competencia" time="0.038" /></testsuite></testsuites>