<?xml version="1.0" encoding="utf-8"?><testsuites name="pytest tests"><testsuite name="pytest" errors="0" failures="0" skipped="0" tests="10" time="3.371" timestamp="2026-02-11T01:05:27.670773+00:00" hostname="agent-env-f9bc7529-5249-4cb1-aaff-c439989d4a1a"><testcase classname="backend.tests.test_iteration46_devolucao.TestDevolucaoClassification" name="test_login_success" time="0.387" /><testcase classname="backend.tests.test_iteration46_devolucao.TestDevolucaoClassification" name="test_classification_suggestions_endpoint_exists" time="0.373" /><testcase classname="backend.tests.test_iteration46_devolucao.TestDevolucaoClassification" name="test_classification_suggestions_returns_correct_structure" time="0.361" /><testcase classname="backend.tests.test_iteration46_devolucao.TestDevolucaoClassification" name="test_classification_suggestions_contains_devolucao_category" time="0.365" /><testcase classname="backend.tests.test_iteration46_devolucao.TestDevolucaoClassification" name="test_devolucao_products_count" time="0.366" /><testcase classname="backend.tests.test_iteration46_devolucao.TestDevolucaoClassification" name="test_devolucao_products_have_correct_cfop" time="0.364" /><testcase classname="backend.tests.test_iteration46_devolucao.TestDevolucaoClassification" name="test_classification_suggestions_returns_404_for_invalid_company" time="0.313" /><testcase classname="backend.tests.test_iteration46_devolucao.TestDevolucaoClassification" name="test_classification_suggestions_requires_auth" time="0.038" /><testcase classname="backend.tests.test_iteration46_devolucao.TestUploadModalFix" name="test_upload_init_endpoint_exists" time="0.351" /><testcase classname="backend.tests.test_iteration46_devolucao.TestUploadModalFix" name="test_upload_status_endpoint_exists" time="0.389" /></testsuite></testsuites>