<?xml version="1.0" encoding="utf-8"?><testsuites name="pytest tests"><testsuite name="pytest" errors="0" failures="1" skipped="0" tests="10" time="2.795" timestamp="2026-02-18T13:13:07.066020+00:00" hostname="agent-env-8c421c20-be44-4744-b90a-9d3245128c0c"><testcase classname="backend.tests.test_iteration70_validador_piscofins.TestValidadorPisCofinsEndpoints" name="test_dados_endpoint_returns_ncm_statistics" time="0.771" /><testcase classname="backend.tests.test_iteration70_validador_piscofins.TestValidadorPisCofinsEndpoints" name="test_dados_endpoint_returns_ncm_list_with_status" time="0.304" /><testcase classname="backend.tests.test_iteration70_validador_piscofins.TestValidadorPisCofinsEndpoints" name="test_regras_endpoint_returns_tipo_regra" time="0.164" /><testcase classname="backend.tests.test_iteration70_validador_piscofins.TestValidadorPisCofinsEndpoints" name="test_regras_have_aliquotas_based_on_tipo" time="0.140" /><testcase classname="backend.tests.test_iteration70_validador_piscofins.TestRegraCrudWithExcecoes" name="test_create_regra_with_excecoes" time="0.224" /><testcase classname="backend.tests.test_iteration70_validador_piscofins.TestRegraCrudWithExcecoes" name="test_update_regra_with_excecoes" time="0.238"><failure message="AssertionError: assert 0 == 1&#10; +  where 0 = len([])&#10; +    where [] = &lt;built-in method get of dict object at 0xfa4d43df7980&gt;('excecoes', [])&#10; +      where &lt;built-in method get of dict object at 0xfa4d43df7980&gt; = {'message': 'Regra atualizada com sucesso'}.get">backend/tests/test_iteration70_validador_piscofins.py:262: in test_update_regra_with_excecoes
    assert len(updated_regra.get("excecoes", [])) == 1
E   AssertionError: assert 0 == 1
E    +  where 0 = len([])
E    +    where [] = &lt;built-in method get of dict object at 0xfa4d43df7980&gt;('excecoes', [])
E    +      where &lt;built-in method get of dict object at 0xfa4d43df7980&gt; = {'message': 'Regra atualizada com sucesso'}.get</failure></testcase><testcase classname="backend.tests.test_iteration70_validador_piscofins.TestInicializarRegras" name="test_inicializar_regras_returns_count" time="0.329" /><testcase classname="backend.tests.test_iteration70_validador_piscofins.TestInicializarRegras" name="test_regras_have_correct_tipo_after_initialization" time="0.123" /><testcase classname="backend.tests.test_iteration70_validador_piscofins.TestDadosEndpointForFiltering" name="test_ncm_list_contains_filter_fields" time="0.291" /><testcase classname="backend.tests.test_iteration70_validador_piscofins.TestTiposRegraConfig" name="test_tipos_regra_have_correct_cst_values" time="0.111" /></testsuite></testsuites>