<?xml version="1.0" encoding="utf-8"?><testsuites name="pytest tests"><testsuite name="pytest" errors="0" failures="0" skipped="0" tests="16" time="4.740" timestamp="2026-02-05T23:34:55.282833+00:00" hostname="agent-env-510e34d7-f8de-4ca5-aa3f-d8f992dd6bc3"><testcase classname="tests.test_validacao_multiplos_colaboradores.TestMultiColaboradorValidation" name="test_01_login_works" time="0.557" /><testcase classname="tests.test_validacao_multiplos_colaboradores.TestMultiColaboradorValidation" name="test_02_validar_completa_requires_cliente_id" time="0.291" /><testcase classname="tests.test_validacao_multiplos_colaboradores.TestMultiColaboradorValidation" name="test_03_validar_completa_requires_holerite_atual" time="0.283" /><testcase classname="tests.test_validacao_multiplos_colaboradores.TestMultiColaboradorValidation" name="test_04_validar_completa_validates_cliente_exists" time="0.324" /><testcase classname="tests.test_validacao_multiplos_colaboradores.TestMultiColaboradorValidation" name="test_05_extract_multiple_colaboradores_from_folha" time="0.345" /><testcase classname="tests.test_validacao_multiplos_colaboradores.TestMultiColaboradorValidation" name="test_06_individual_comparison_with_previous_month" time="0.288" /><testcase classname="tests.test_validacao_multiplos_colaboradores.TestMultiColaboradorValidation" name="test_07_cross_reference_support_data_per_colaborador" time="0.280" /><testcase classname="tests.test_validacao_multiplos_colaboradores.TestMultiColaboradorValidation" name="test_08_complete_validation_with_all_files" time="0.283" /><testcase classname="tests.test_validacao_multiplos_colaboradores.TestMultiColaboradorValidation" name="test_09_statistics_by_status" time="0.278" /><testcase classname="tests.test_validacao_multiplos_colaboradores.TestMultiColaboradorValidation" name="test_10_get_validation_details" time="0.309" /><testcase classname="tests.test_validacao_multiplos_colaboradores.TestMultiColaboradorValidation" name="test_11_list_validations_with_collaborators" time="0.277" /><testcase classname="tests.test_validacao_multiplos_colaboradores.TestMultiColaboradorValidation" name="test_12_new_collaborator_detection" time="0.278" /><testcase classname="tests.test_validacao_multiplos_colaboradores.TestMultiColaboradorValidation" name="test_13_resumo_executivo_generated" time="0.275" /><testcase classname="tests.test_validacao_multiplos_colaboradores.TestMultiColaboradorValidation" name="test_14_recomendacoes_generated" time="0.277" /><testcase classname="tests.test_validacao_multiplos_colaboradores.TestDocumentProcessor" name="test_parse_folha_multiplos_colaboradores" time="0.326" /><testcase classname="tests.test_validacao_multiplos_colaboradores.TestDocumentProcessor" name="test_parse_apoio_referencias" time="0.003" /></testsuite></testsuites>