<?xml version="1.0" encoding="utf-8"?><testsuites name="pytest tests"><testsuite name="pytest" errors="0" failures="0" skipped="0" tests="15" time="4.107" timestamp="2026-02-05T14:44:25.929903+00:00" hostname="agent-env-cdba2d6e-2061-4d1c-b942-2f91432c1abf"><testcase classname="backend.tests.test_integrity_features.TestAuthentication" name="test_login_success" time="0.342" /><testcase classname="backend.tests.test_integrity_features.TestIntegritySummaryEndpoint" name="test_integrity_summary_endpoint_exists" time="0.687" /><testcase classname="backend.tests.test_integrity_features.TestIntegritySummaryEndpoint" name="test_integrity_summary_returns_expected_fields" time="0.403" /><testcase classname="backend.tests.test_integrity_features.TestIntegritySummaryEndpoint" name="test_integrity_summary_data_types" time="0.396" /><testcase classname="backend.tests.test_integrity_features.TestIntegritySummaryEndpoint" name="test_integrity_summary_values_consistency" time="0.402" /><testcase classname="backend.tests.test_integrity_features.TestIntegritySummaryEndpoint" name="test_integrity_summary_anzen_535_documents" time="0.407" /><testcase classname="backend.tests.test_integrity_features.TestIntegritySummaryEndpoint" name="test_integrity_summary_all_valid" time="0.393" /><testcase classname="backend.tests.test_integrity_features.TestIntegritySummaryEndpoint" name="test_integrity_summary_requires_auth" time="0.040" /><testcase classname="backend.tests.test_integrity_features.TestIntegritySummaryEndpoint" name="test_integrity_summary_requires_competencia" time="0.034" /><testcase classname="backend.tests.test_integrity_features.TestValidateIntegrityEndpoint" name="test_validate_integrity_endpoint_exists" time="0.231" /><testcase classname="backend.tests.test_integrity_features.TestValidateIntegrityEndpoint" name="test_validate_integrity_returns_expected_fields" time="0.037" /><testcase classname="backend.tests.test_integrity_features.TestValidateIntegrityEndpoint" name="test_validate_integrity_document_valid" time="0.037" /><testcase classname="backend.tests.test_integrity_features.TestValidateIntegrityEndpoint" name="test_validate_integrity_invalid_document_id" time="0.036" /><testcase classname="backend.tests.test_integrity_features.TestValidateIntegrityEndpoint" name="test_validate_integrity_requires_auth" time="0.034" /><testcase classname="backend.tests.test_integrity_features.TestIntegrityValidationMultipleDocuments" name="test_validate_multiple_documents" time="0.564" /></testsuite></testsuites>