<?xml version="1.0" encoding="utf-8"?><testsuites name="pytest tests"><testsuite name="pytest" errors="0" failures="0" skipped="0" tests="19" time="15.609" timestamp="2026-02-05T14:39:54.377224+00:00" hostname="agent-env-4a6cdcbe-bf11-4bff-a06e-a60b07928271"><testcase classname="backend.tests.test_cadastros_historico_ia.TestCadastrosHistorico" name="test_historico_list_endpoint_exists" time="0.087" /><testcase classname="backend.tests.test_cadastros_historico_ia.TestCadastrosHistorico" name="test_historico_requires_auth" time="0.082" /><testcase classname="backend.tests.test_cadastros_historico_ia.TestCadastrosHistorico" name="test_salvar_sci_and_verify_in_historico" time="0.116" /><testcase classname="backend.tests.test_cadastros_historico_ia.TestCadastrosHistorico" name="test_historico_detail_endpoint" time="0.112" /><testcase classname="backend.tests.test_cadastros_historico_ia.TestCadastrosHistorico" name="test_historico_detail_not_found" time="0.092" /><testcase classname="backend.tests.test_cadastros_historico_ia.TestCadastrosHistorico" name="test_delete_historico_endpoint" time="0.114" /><testcase classname="backend.tests.test_cadastros_historico_ia.TestCadastrosHistorico" name="test_delete_historico_not_found" time="0.043" /><testcase classname="backend.tests.test_cadastros_historico_ia.TestExtracaoIA" name="test_extrair_dados_endpoint_exists" time="6.758" /><testcase classname="backend.tests.test_cadastros_historico_ia.TestExtracaoIA" name="test_extrair_dados_requires_auth" time="0.106" /><testcase classname="backend.tests.test_cadastros_historico_ia.TestExtracaoIA" name="test_extrair_dados_returns_structure" time="5.696" /><testcase classname="backend.tests.test_cadastros_historico_ia.TestSintegra" name="test_sintegra_endpoint_exists" time="0.291" /><testcase classname="backend.tests.test_cadastros_historico_ia.TestSintegra" name="test_sintegra_requires_auth" time="0.079" /><testcase classname="backend.tests.test_cadastros_historico_ia.TestSintegra" name="test_sintegra_valid_cnpj" time="0.178" /><testcase classname="backend.tests.test_cadastros_historico_ia.TestSintegra" name="test_sintegra_invalid_cnpj_length" time="0.060" /><testcase classname="backend.tests.test_cadastros_historico_ia.TestSintegra" name="test_sintegra_invalid_uf" time="0.054" /><testcase classname="backend.tests.test_cadastros_historico_ia.TestSintegra" name="test_sintegra_all_valid_ufs" time="1.401" /><testcase classname="backend.tests.test_cadastros_historico_ia.TestSalvarSCI" name="test_salvar_sci_minimal_data" time="0.058" /><testcase classname="backend.tests.test_cadastros_historico_ia.TestSalvarSCI" name="test_salvar_sci_requires_auth" time="0.077" /><testcase classname="backend.tests.test_cadastros_historico_ia.TestSalvarSCI" name="test_salvar_sci_missing_required_fields" time="0.123" /></testsuite></testsuites>