<?xml version="1.0" encoding="utf-8"?><testsuites name="pytest tests"><testsuite name="pytest" errors="0" failures="0" skipped="0" tests="17" time="1.914" timestamp="2026-02-05T23:04:02.698074+00:00" hostname="agent-env-510e34d7-f8de-4ca5-aa3f-d8f992dd6bc3"><testcase classname="backend.tests.test_validacao_ocr.TestAnaliseIsolada" name="test_analise_isolada_with_text_file" time="0.611" /><testcase classname="backend.tests.test_validacao_ocr.TestAnaliseIsolada" name="test_analise_isolada_extracts_employee_data" time="0.044" /><testcase classname="backend.tests.test_validacao_ocr.TestComparacaoMensal" name="test_comparacao_mensal" time="0.048" /><testcase classname="backend.tests.test_validacao_ocr.TestComparacaoMensal" name="test_comparacao_detects_salary_increase" time="0.043" /><testcase classname="backend.tests.test_validacao_ocr.TestValidacaoListAndDetails" name="test_list_validacoes_by_competencia" time="0.042" /><testcase classname="backend.tests.test_validacao_ocr.TestValidacaoListAndDetails" name="test_view_validacao_details" time="0.077" /><testcase classname="backend.tests.test_validacao_ocr.TestOCRDataExtraction" name="test_extract_proventos_descontos" time="0.039" /><testcase classname="backend.tests.test_validacao_folha.TestAuthAndBasics" name="test_login_success" time="0.267" /><testcase classname="backend.tests.test_validacao_folha.TestAuthAndBasics" name="test_get_clientes" time="0.302" /><testcase classname="backend.tests.test_validacao_folha.TestValidacaoEndpoints" name="test_list_validacoes" time="0.043" /><testcase classname="backend.tests.test_validacao_folha.TestValidacaoEndpoints" name="test_list_validacoes_by_cliente" time="0.038" /><testcase classname="backend.tests.test_validacao_folha.TestValidacaoEndpoints" name="test_validar_completa_requires_cliente_id" time="0.037" /><testcase classname="backend.tests.test_validacao_folha.TestValidacaoEndpoints" name="test_validar_completa_requires_holerite_atual" time="0.039" /><testcase classname="backend.tests.test_validacao_folha.TestValidacaoEndpoints" name="test_validar_completa_invalid_cliente" time="0.039" /><testcase classname="backend.tests.test_validacao_folha.TestValidacaoEndpoints" name="test_get_validacao_not_found" time="0.040" /><testcase classname="backend.tests.test_validacao_folha.TestValidacaoWithExistingData" name="test_get_existing_validacao_details" time="0.084" /><testcase classname="backend.tests.test_validacao_folha.TestValidacaoResponseStructure" name="test_validacao_list_response_structure" time="0.037" /></testsuite></testsuites>