<?xml version="1.0" encoding="utf-8"?><testsuites name="pytest tests"><testsuite name="pytest" errors="0" failures="0" skipped="0" tests="8" time="4.780" timestamp="2026-02-07T10:00:19.942146+00:00" hostname="agent-env-e7ec2b1d-3142-437c-a0b8-26a3439590ea"><testcase classname="backend.tests.test_devolucao_fornecedor.TestDevolucaoFornecedor" name="test_01_authentication_works" time="0.351" /><testcase classname="backend.tests.test_devolucao_fornecedor.TestDevolucaoFornecedor" name="test_02_company_exists" time="0.324" /><testcase classname="backend.tests.test_devolucao_fornecedor.TestDevolucaoFornecedor" name="test_03_xml_parser_extracts_finnfe_and_dfe_referenciado" time="0.276" /><testcase classname="backend.tests.test_devolucao_fornecedor.TestDevolucaoFornecedor" name="test_04_upload_devolucao_xml_detects_devolucao" time="2.397" /><testcase classname="backend.tests.test_devolucao_fornecedor.TestDevolucaoFornecedor" name="test_05_document_has_desconsiderada_devolucao_true" time="0.284" /><testcase classname="backend.tests.test_devolucao_fornecedor.TestDevolucaoFornecedor" name="test_06_nfe_referenciada_extracted_correctly" time="0.285" /><testcase classname="backend.tests.test_devolucao_fornecedor.TestDevolucaoFornecedor" name="test_07_relatorio_devolucoes_returns_correct_data" time="0.289" /><testcase classname="backend.tests.test_devolucao_fornecedor.TestDevolucaoFornecedor" name="test_08_normal_notes_not_marked_as_devolucao" time="0.509" /></testsuite></testsuites>