<?xml version="1.0" encoding="utf-8"?><testsuites name="pytest tests"><testsuite name="pytest" errors="0" failures="4" skipped="0" tests="10" time="11.211" timestamp="2026-02-16T23:17:48.582313+00:00" hostname="agent-env-dd627049-8f55-49ed-b1ea-c7893fea1319"><testcase classname="backend.tests.test_compras_vendas_markup_consistency.TestComprasVendasMarkupConsistency" name="test_apuracao_icms_returns_compras_vendas_markup" time="0.975" /><testcase classname="backend.tests.test_compras_vendas_markup_consistency.TestComprasVendasMarkupConsistency" name="test_analise_horizontal_returns_compras_vendas_markup" time="1.407"><failure message="AssertionError: Dados para competência 01/2026 não encontrados&#10;assert {}">backend/tests/test_compras_vendas_markup_consistency.py:112: in test_analise_horizontal_returns_compras_vendas_markup
    assert comp_data, f"Dados para competência {TEST_COMPETENCIA} não encontrados"
E   AssertionError: Dados para competência 01/2026 não encontrados
E   assert {}</failure></testcase><testcase classname="backend.tests.test_compras_vendas_markup_consistency.TestComprasVendasMarkupConsistency" name="test_consistency_compras_liquidas_between_endpoints" time="1.542"><failure message="KeyError: 'dados_mensal'">backend/tests/test_compras_vendas_markup_consistency.py:162: in test_consistency_compras_liquidas_between_endpoints
    compras_liquidas_ah = data_ah["dados_mensal"][TEST_COMPETENCIA]["compras"]
                          ^^^^^^^^^^^^^^^^^^^^^^^
E   KeyError: 'dados_mensal'</failure></testcase><testcase classname="backend.tests.test_compras_vendas_markup_consistency.TestComprasVendasMarkupConsistency" name="test_consistency_vendas_liquidas_between_endpoints" time="1.800"><failure message="KeyError: 'dados_mensal'">backend/tests/test_compras_vendas_markup_consistency.py:195: in test_consistency_vendas_liquidas_between_endpoints
    vendas_liquidas_ah = data_ah["dados_mensal"][TEST_COMPETENCIA]["vendas"]
                         ^^^^^^^^^^^^^^^^^^^^^^^
E   KeyError: 'dados_mensal'</failure></testcase><testcase classname="backend.tests.test_compras_vendas_markup_consistency.TestComprasVendasMarkupConsistency" name="test_consistency_markup_between_endpoints" time="1.585"><failure message="KeyError: 'dados_mensal'">backend/tests/test_compras_vendas_markup_consistency.py:228: in test_consistency_markup_between_endpoints
    markup_ah = data_ah["dados_mensal"][TEST_COMPETENCIA]["markup"]
                ^^^^^^^^^^^^^^^^^^^^^^^
E   KeyError: 'dados_mensal'</failure></testcase><testcase classname="backend.tests.test_compras_vendas_markup_consistency.TestComprasVendasMarkupConsistency" name="test_business_logic_compras_liquidas" time="0.840" /><testcase classname="backend.tests.test_compras_vendas_markup_consistency.TestComprasVendasMarkupConsistency" name="test_business_logic_vendas_liquidas" time="0.715" /><testcase classname="backend.tests.test_compras_vendas_markup_consistency.TestComprasVendasMarkupConsistency" name="test_business_logic_markup_formula" time="0.751" /><testcase classname="backend.tests.test_compras_vendas_markup_consistency.TestComprasVendasMarkupConsistency" name="test_expected_values_from_main_agent" time="0.713" /><testcase classname="backend.tests.test_compras_vendas_markup_consistency.TestIndicadoresPageIntegration" name="test_indicadores_page_data_source" time="0.777" /></testsuite></testsuites>