<?xml version="1.0" encoding="utf-8"?><testsuites name="pytest tests"><testsuite name="pytest" errors="0" failures="0" skipped="0" tests="18" time="19.366" timestamp="2026-02-06T11:02:35.309741+00:00" hostname="agent-env-439f2634-8e1e-49a3-a315-008798ffdac7"><testcase classname="backend.tests.test_new_features_v2.TestPDFExport" name="test_exportar_resumo_pdf_success" time="0.537" /><testcase classname="backend.tests.test_new_features_v2.TestPDFExport" name="test_exportar_resumo_pdf_without_cliente" time="0.084" /><testcase classname="backend.tests.test_new_features_v2.TestPDFExport" name="test_exportar_resumo_pdf_unauthorized" time="0.077" /><testcase classname="backend.tests.test_new_features_v2.TestConversaoApontamentos" name="test_conversao_apontamentos_requires_auth" time="0.037" /><testcase classname="backend.tests.test_new_features_v2.TestConversaoApontamentos" name="test_conversao_apontamentos_requires_files" time="0.042" /><testcase classname="backend.tests.test_new_features_v2.TestConversaoApontamentos" name="test_conversao_apontamentos_requires_cliente_id" time="0.037" /><testcase classname="backend.tests.test_new_features_v2.TestConversaoApontamentos" name="test_conversao_apontamentos_with_text_file" time="5.815" /><testcase classname="backend.tests.test_new_features_v2.TestConversaoAdmissional" name="test_conversao_admissional_requires_auth" time="0.053" /><testcase classname="backend.tests.test_new_features_v2.TestConversaoAdmissional" name="test_conversao_admissional_requires_files" time="0.044" /><testcase classname="backend.tests.test_new_features_v2.TestConversaoAdmissional" name="test_conversao_admissional_requires_cliente_id" time="0.037" /><testcase classname="backend.tests.test_new_features_v2.TestConversaoAdmissional" name="test_conversao_admissional_with_text_file" time="3.073" /><testcase classname="backend.tests.test_new_features_v2.TestValidacaoRescisao" name="test_validacao_rescisao_requires_auth" time="0.032" /><testcase classname="backend.tests.test_new_features_v2.TestValidacaoRescisao" name="test_validacao_rescisao_requires_termo" time="0.038" /><testcase classname="backend.tests.test_new_features_v2.TestValidacaoRescisao" name="test_validacao_rescisao_requires_cliente_id" time="0.034" /><testcase classname="backend.tests.test_new_features_v2.TestValidacaoRescisao" name="test_validacao_rescisao_with_termo_only" time="2.201" /><testcase classname="backend.tests.test_new_features_v2.TestValidacaoRescisao" name="test_validacao_rescisao_with_all_files" time="7.003" /><testcase classname="backend.tests.test_new_features_v2.TestFrontendRoutes" name="test_frontend_loads" time="0.064" /><testcase classname="backend.tests.test_new_features_v2.TestFrontendRoutes" name="test_login_page_accessible" time="0.039" /></testsuite></testsuites>