<?xml version="1.0" encoding="utf-8"?><testsuites name="pytest tests"><testsuite name="pytest" errors="0" failures="1" skipped="0" tests="11" time="1.060" timestamp="2026-02-04T02:43:50.314694+00:00" hostname="agent-env-ffcdf1a0-dcc6-4ef0-8f3c-753fc5a6baee"><testcase classname="backend.tests.test_iteration10_features.TestDashboardComparativeAnalysis" name="test_dashboard_stats_returns_analise_comparativa_for_lucro_real" time="0.432" /><testcase classname="backend.tests.test_iteration10_features.TestDashboardComparativeAnalysis" name="test_dashboard_stats_returns_analise_comparativa_for_lucro_presumido" time="0.035" /><testcase classname="backend.tests.test_iteration10_features.TestReportsFilter" name="test_reports_by_product_with_tipo_entrada" time="0.039" /><testcase classname="backend.tests.test_iteration10_features.TestReportsFilter" name="test_reports_by_product_with_tipo_saida" time="0.034" /><testcase classname="backend.tests.test_iteration10_features.TestReportsFilter" name="test_reports_by_ncm_with_tipo_entrada" time="0.041" /><testcase classname="backend.tests.test_iteration10_features.TestReportsFilter" name="test_reports_by_ncm_with_tipo_saida" time="0.039" /><testcase classname="backend.tests.test_iteration10_features.TestAnaliseAliquotasSaida" name="test_analise_aliquotas_saida_endpoint" time="0.034"><failure message="AssertionError: assert 'aliquotas_padrao' in {'aliquotas_esperadas': {'cofins': 7.6, 'icms': 18.0, 'pis': 1.65}, 'competencia': '01/2024', 'empresa': 'ANZEN DISTRIBUIDORA DE ALIMENTOS LTDA.', 'produtos': [], ...}">backend/tests/test_iteration10_features.py:171: in test_analise_aliquotas_saida_endpoint
    assert "aliquotas_padrao" in data
E   AssertionError: assert 'aliquotas_padrao' in {'aliquotas_esperadas': {'cofins': 7.6, 'icms': 18.0, 'pis': 1.65}, 'competencia': '01/2024', 'empresa': 'ANZEN DISTRIBUIDORA DE ALIMENTOS LTDA.', 'produtos': [], ...}</failure></testcase><testcase classname="backend.tests.test_iteration10_features.TestCompanySelection" name="test_companies_list_returns_all_companies" time="0.042" /><testcase classname="backend.tests.test_iteration10_features.TestCompanySelection" name="test_company_has_codigo_empresa" time="0.000" /><testcase classname="backend.tests.test_iteration10_features.TestLogin" name="test_login_with_valid_credentials" time="0.258" /><testcase classname="backend.tests.test_iteration10_features.TestLogin" name="test_login_with_invalid_credentials" time="0.031" /></testsuite></testsuites>