<?xml version="1.0" encoding="utf-8"?><testsuites name="pytest tests"><testsuite name="pytest" errors="0" failures="0" skipped="0" tests="6" time="2.245" timestamp="2026-02-14T00:41:02.997755+00:00" hostname="agent-env-efac22d1-1ec1-414d-8d43-7de0366ec3c8"><testcase classname="tests.test_upload_status_and_wizard.TestUploadStatusEndpoint" name="test_upload_status_not_found" time="0.548" /><testcase classname="tests.test_upload_status_and_wizard.TestUploadStatusEndpoint" name="test_upload_status_response_structure" time="0.159" /><testcase classname="tests.test_upload_status_and_wizard.TestWizardFechamentoStep8" name="test_wizard_status_endpoint_returns_8_steps" time="0.261" /><testcase classname="tests.test_upload_status_and_wizard.TestWizardFechamentoStep8" name="test_wizard_step_8_navigation" time="0.247" /><testcase classname="tests.test_upload_status_and_wizard.TestWizardFechamentoStep8" name="test_wizard_report_download_endpoint" time="0.499" /><testcase classname="tests.test_upload_status_and_wizard.TestPollingFallbackLogic" name="test_upload_init_returns_upload_id" time="0.469" /></testsuite></testsuites>