<?xml version="1.0" encoding="utf-8"?><testsuites name="pytest tests"><testsuite name="pytest" errors="0" failures="0" skipped="0" tests="20" time="6.151" timestamp="2026-02-18T12:55:07.583224+00:00" hostname="agent-env-8c421c20-be44-4744-b90a-9d3245128c0c"><testcase classname="backend.tests.test_validadores_icms_piscofins.TestValidadorICMSPorProduto" name="test_endpoint_returns_200" time="0.814" /><testcase classname="backend.tests.test_validadores_icms_piscofins.TestValidadorICMSPorProduto" name="test_response_has_required_structure" time="0.312" /><testcase classname="backend.tests.test_validadores_icms_piscofins.TestValidadorICMSPorProduto" name="test_products_have_tipo_operacao" time="0.298" /><testcase classname="backend.tests.test_validadores_icms_piscofins.TestValidadorICMSPorProduto" name="test_products_have_is_st" time="0.297" /><testcase classname="backend.tests.test_validadores_icms_piscofins.TestValidadorICMSPorProduto" name="test_products_have_uf_destino" time="0.304" /><testcase classname="backend.tests.test_validadores_icms_piscofins.TestValidadorICMSRegras" name="test_get_regras" time="0.124" /><testcase classname="backend.tests.test_validadores_icms_piscofins.TestValidadorICMSRegras" name="test_post_regra_with_excecoes" time="0.225" /><testcase classname="backend.tests.test_validadores_icms_piscofins.TestValidadorICMSRegras" name="test_excecoes_structure_validation" time="0.110" /><testcase classname="backend.tests.test_validadores_icms_piscofins.TestValidadorICMSInicializarRegras" name="test_inicializar_regras_endpoint" time="0.259" /><testcase classname="backend.tests.test_validadores_icms_piscofins.TestValidadorICMSInicializarRegras" name="test_inicializar_regras_creates_with_base_legal" time="0.106" /><testcase classname="backend.tests.test_validadores_icms_piscofins.TestValidadorICMSExceptionApplication" name="test_exception_applied_to_product_description" time="0.482" /><testcase classname="backend.tests.test_validadores_icms_piscofins.TestValidadorPisCofinsDados" name="test_endpoint_returns_200" time="0.295" /><testcase classname="backend.tests.test_validadores_icms_piscofins.TestValidadorPisCofinsDados" name="test_response_has_cfops_excecao" time="0.301" /><testcase classname="backend.tests.test_validadores_icms_piscofins.TestValidadorPisCofinsDados" name="test_cfops_excecao_have_required_fields" time="0.299" /><testcase classname="backend.tests.test_validadores_icms_piscofins.TestValidadorPisCofinsPorNCM" name="test_endpoint_returns_200" time="0.283" /><testcase classname="backend.tests.test_validadores_icms_piscofins.TestValidadorPisCofinsPorNCM" name="test_ncms_have_aliquota_pis_cofins" time="0.607" /><testcase classname="backend.tests.test_validadores_icms_piscofins.TestValidadorPisCofinsRegras" name="test_get_regras" time="0.123" /><testcase classname="backend.tests.test_validadores_icms_piscofins.TestValidadorPisCofinsRegras" name="test_post_regra" time="0.239" /><testcase classname="backend.tests.test_validadores_icms_piscofins.TestValidadorPisCofinsRegras" name="test_put_regra" time="0.348" /><testcase classname="backend.tests.test_validadores_icms_piscofins.TestValidadorPisCofinsRegras" name="test_delete_regra" time="0.230" /></testsuite></testsuites>