<?xml version="1.0" encoding="utf-8"?><testsuites name="pytest tests"><testsuite name="pytest" errors="0" failures="0" skipped="0" tests="13" time="111.495" timestamp="2026-02-04T21:56:43.844426+00:00" hostname="agent-env-16227d31-d80b-4469-8892-b3ae55580014"><testcase classname="tests.test_baixa.TestBaixaEndpoints" name="test_health_check" time="0.061" /><testcase classname="tests.test_baixa.TestBaixaEndpoints" name="test_baixa_extrair_contrato_endpoint_exists" time="0.093" /><testcase classname="tests.test_baixa.TestBaixaEndpoints" name="test_baixa_gerar_distrato_endpoint_exists" time="0.019" /><testcase classname="tests.test_baixa.TestBaixaEndpoints" name="test_create_minuta_for_baixa" time="0.079" /><testcase classname="tests.test_baixa.TestBaixaEndpoints" name="test_gerar_distrato_with_valid_data" time="11.349" /><testcase classname="tests.test_baixa.TestBaixaEndpoints" name="test_gerar_distrato_validation_errors" time="0.157" /><testcase classname="tests.test_baixa.TestBaixaEndpoints" name="test_list_minutas_includes_baixa" time="0.012" /><testcase classname="tests.test_baixa.TestBaixaEndpoints" name="test_download_distrato_word" time="22.113" /><testcase classname="tests.test_baixa.TestBaixaEndpoints" name="test_download_distrato_pdf" time="26.505" /><testcase classname="tests.test_baixa.TestBaixaMotivos" name="test_motivo_vontade_socios" time="15.739" /><testcase classname="tests.test_baixa.TestBaixaMotivos" name="test_motivo_inatividade" time="24.442" /><testcase classname="tests.test_baixa.TestBaixaMotivos" name="test_motivo_outros_with_detail" time="10.366" /><testcase classname="tests.test_baixa.TestCleanup" name="test_cleanup_test_minutas" time="0.496" /></testsuite></testsuites>