<?xml version="1.0" encoding="utf-8"?><testsuites name="pytest tests"><testsuite name="pytest" errors="0" failures="0" skipped="0" tests="12" time="2.656" timestamp="2026-02-06T00:33:26.351199+00:00" hostname="agent-env-bbd7dbec-eb39-437e-8133-cc7419861efb"><testcase classname="backend.tests.test_validacao_async_polling.TestAuthAndBasics" name="test_login_success" time="0.325" /><testcase classname="backend.tests.test_validacao_async_polling.TestAsyncValidationEndpoint" name="test_validar_completa_returns_job_id" time="0.345" /><testcase classname="backend.tests.test_validacao_async_polling.TestAsyncValidationEndpoint" name="test_validar_completa_requires_cliente_id" time="1.085" /><testcase classname="backend.tests.test_validacao_async_polling.TestAsyncValidationEndpoint" name="test_validar_completa_requires_holerite_atual" time="0.041" /><testcase classname="backend.tests.test_validacao_async_polling.TestJobStatusEndpoint" name="test_job_status_returns_progress" time="0.094" /><testcase classname="backend.tests.test_validacao_async_polling.TestJobStatusEndpoint" name="test_job_status_completes_successfully" time="0.084" /><testcase classname="backend.tests.test_validacao_async_polling.TestJobStatusEndpoint" name="test_job_status_not_found" time="0.040" /><testcase classname="backend.tests.test_validacao_async_polling.TestDeleteEndpoints" name="test_delete_individual_validacao" time="0.160" /><testcase classname="backend.tests.test_validacao_async_polling.TestDeleteEndpoints" name="test_delete_batch_validacoes" time="0.203" /><testcase classname="backend.tests.test_validacao_async_polling.TestDeleteEndpoints" name="test_delete_nonexistent_validacao" time="0.038" /><testcase classname="backend.tests.test_validacao_async_polling.TestValidacaoListAndDetails" name="test_list_validacoes" time="0.037" /><testcase classname="backend.tests.test_validacao_async_polling.TestValidacaoListAndDetails" name="test_get_validacao_details" time="0.077" /></testsuite></testsuites>