<?xml version="1.0" encoding="utf-8"?><testsuites name="pytest tests"><testsuite name="pytest" errors="0" failures="0" skipped="0" tests="8" time="7.598" timestamp="2026-02-06T17:54:12.547248+00:00" hostname="agent-env-006eaece-7e46-4d9f-8327-ea28d83a9aa4"><testcase classname="backend.tests.test_cancelled_notes.TestCancelledNotesFeature" name="test_01_auth_works" time="0.375" /><testcase classname="backend.tests.test_cancelled_notes.TestCancelledNotesFeature" name="test_02_company_exists" time="0.292" /><testcase classname="backend.tests.test_cancelled_notes.TestCancelledNotesFeature" name="test_03_upload_cancelled_xml_saves_with_cancelada_true" time="0.320" /><testcase classname="backend.tests.test_cancelled_notes.TestCancelledNotesFeature" name="test_04_verify_cancelled_note_saved_with_cancellation_fields" time="2.907" /><testcase classname="backend.tests.test_cancelled_notes.TestCancelledNotesFeature" name="test_05_dashboard_stats_excludes_cancelled_notes" time="0.284" /><testcase classname="backend.tests.test_cancelled_notes.TestCancelledNotesFeature" name="test_06_documents_endpoint_filters_cancelled_notes" time="2.743" /><testcase classname="backend.tests.test_cancelled_notes.TestCancelledNotesFeature" name="test_07_verify_cancellation_detection_logic" time="0.298" /><testcase classname="backend.tests.test_cancelled_notes.TestCancelledNotesEdgeCases" name="test_08_cstat_151_also_detected_as_cancelled" time="0.323" /></testsuite></testsuites>