<?xml version="1.0" encoding="utf-8"?><testsuites name="pytest tests"><testsuite name="pytest" errors="0" failures="0" skipped="0" tests="5" time="1.575" timestamp="2026-02-14T01:18:54.791219+00:00" hostname="agent-env-510ec5c9-baf0-4280-b255-6a9130425531"><testcase classname="backend.tests.test_wizard_fechamento.TestWizardFechamentoStep4" name="test_step4_get_data" time="0.936" /><testcase classname="backend.tests.test_wizard_fechamento.TestWizardFechamentoStep4" name="test_step4_complete_accepts_skip_parameter" time="0.125" /><testcase classname="backend.tests.test_wizard_fechamento.TestApuracaoICMSST" name="test_apuracao_icms_endpoint" time="0.151" /><testcase classname="backend.tests.test_wizard_fechamento.TestWizardStepsDefinition" name="test_wizard_status_includes_all_steps" time="0.161" /><testcase classname="backend.tests.test_wizard_fechamento.TestWizardReport" name="test_report_endpoint_pdf" time="0.144" /></testsuite></testsuites>